2023-09-20 11:12:33.951 [info] Extension host with pid 12625 started
2023-09-20 11:12:35.171 [info] ExtensionService#_doActivateExtension vscode.github-authentication, startup: false, activationEvent: 'onAuthenticationRequest:github'
2023-09-20 11:12:36.125 [info] ExtensionService#_doActivateExtension vscode.git-base, startup: true, activationEvent: '*', root cause: vscode.git
2023-09-20 11:12:36.146 [info] ExtensionService#_doActivateExtension oderwat.indent-rainbow, startup: true, activationEvent: '*'
2023-09-20 11:12:36.399 [info] ExtensionService#_doActivateExtension vscode.git, startup: true, activationEvent: '*'
2023-09-20 11:12:38.106 [info] ExtensionService#_doActivateExtension vscode.github, startup: true, activationEvent: '*'
2023-09-20 11:12:39.695 [info] Eager extensions activated
2023-09-20 11:12:39.714 [info] ExtensionService#_doActivateExtension vscode.microsoft-authentication, startup: false, activationEvent: 'onAuthenticationRequest:microsoft'
2023-09-20 11:12:40.228 [info] ExtensionService#_doActivateExtension vscode.debug-auto-launch, startup: false, activationEvent: 'onStartupFinished'
2023-09-20 11:12:40.234 [info] ExtensionService#_doActivateExtension vscode.merge-conflict, startup: false, activationEvent: 'onStartupFinished'
2023-09-20 11:12:40.359 [info] ExtensionService#_doActivateExtension aaron-bond.better-comments, startup: false, activationEvent: 'onStartupFinished'
2023-09-20 11:12:40.547 [info] ExtensionService#_doActivateExtension esbenp.prettier-vscode, startup: false, activationEvent: 'onStartupFinished'
2023-09-20 11:12:41.255 [info] ExtensionService#_doActivateExtension ms-edgedevtools.vscode-edge-devtools, startup: false, activationEvent: 'onStartupFinished'
2023-09-20 11:12:42.622 [info] ExtensionService#_doActivateExtension ritwickdey.LiveServer, startup: false, activationEvent: 'onStartupFinished'
2023-09-20 11:12:42.726 [info] ExtensionService#_doActivateExtension usernamehw.errorlens, startup: false, activationEvent: 'onStartupFinished'
2023-09-20 11:12:42.828 [info] ExtensionService#_doActivateExtension vscode-icons-team.vscode-icons, startup: false, activationEvent: 'onStartupFinished'
2023-09-20 11:12:55.442 [info] ExtensionService#_doActivateExtension vscode.html-language-features, startup: false, activationEvent: 'onLanguage:html'
2023-09-20 11:12:55.609 [info] ExtensionService#_doActivateExtension vscode.emmet, startup: false, activationEvent: 'onLanguage'
2023-09-20 11:13:15.351 [info] ExtensionService#_doActivateExtension vscode.typescript-language-features, startup: false, activationEvent: 'onLanguage:javascript'
2023-09-20 11:13:32.378 [info] ExtensionService#_doActivateExtension vscode.css-language-features, startup: false, activationEvent: 'onLanguage:css'
2023-09-20 11:13:39.474 [info] Extension host terminating: renderer closed the MessagePort
2023-09-20 11:13:43.218 [info] Extension host with pid 12773 started
2023-09-20 11:13:43.219 [info] Skipping acquiring lock for /home/user/webpages_tech/lab03-201/~/.vscode-root/User/workspaceStorage/9f665e3f3c5af0c9e38d5b43a43c55cb.
2023-09-20 11:13:43.422 [info] ExtensionService#_doActivateExtension vscode.git-base, startup: true, activationEvent: '*'
2023-09-20 11:13:43.613 [info] ExtensionService#_doActivateExtension vscode.github, startup: true, activationEvent: '*'
2023-09-20 11:13:43.689 [info] Eager extensions activated
2023-09-20 11:13:43.783 [info] ExtensionService#_doActivateExtension vscode.debug-auto-launch, startup: false, activationEvent: 'onStartupFinished'
2023-09-20 11:13:43.864 [info] ExtensionService#_doActivateExtension vscode.merge-conflict, startup: false, activationEvent: 'onStartupFinished'
2023-09-20 11:13:44.041 [info] ExtensionService#_doActivateExtension esbenp.prettier-vscode, startup: false, activationEvent: 'onStartupFinished'
2023-09-20 11:13:44.314 [info] ExtensionService#_doActivateExtension ms-edgedevtools.vscode-edge-devtools, startup: false, activationEvent: 'onStartupFinished'
2023-09-20 11:13:44.586 [info] Extension host with pid 12625 exiting with code 0
2023-09-20 11:13:44.687 [info] ExtensionService#_doActivateExtension vscode-icons-team.vscode-icons, startup: false, activationEvent: 'onStartupFinished'
2023-09-20 11:13:47.142 [info] ExtensionService#_doActivateExtension vscode.github-authentication, startup: false, activationEvent: 'onAuthenticationRequest:github'
2023-09-20 11:13:48.776 [info] ExtensionService#_doActivateExtension vscode.html-language-features, startup: false, activationEvent: 'onLanguage:html'
2023-09-20 11:13:48.811 [info] ExtensionService#_doActivateExtension vscode.emmet, startup: false, activationEvent: 'onLanguage'
2023-09-20 11:13:49.610 [info] ExtensionService#_doActivateExtension vscode.microsoft-authentication, startup: false, activationEvent: 'onAuthenticationRequest:microsoft'
2023-09-20 11:13:53.161 [info] ExtensionService#_doActivateExtension vscode.git, startup: false, activationEvent: 'api', root cause: vscode.github
2023-09-20 11:13:53.306 [info] ExtensionService#_doActivateExtension aaron-bond.better-comments, startup: false, activationEvent: 'onStartupFinished'
2023-09-20 11:13:53.330 [info] ExtensionService#_doActivateExtension oderwat.indent-rainbow, startup: false, activationEvent: '*'
2023-09-20 11:13:53.332 [info] ExtensionService#_doActivateExtension ritwickdey.LiveServer, startup: false, activationEvent: 'onStartupFinished'
2023-09-20 11:13:53.349 [info] ExtensionService#_doActivateExtension usernamehw.errorlens, startup: false, activationEvent: 'onStartupFinished'
2023-09-20 11:14:03.029 [info] ExtensionService#_doActivateExtension vscode.css-language-features, startup: false, activationEvent: 'onLanguage:css'
2023-09-20 11:14:04.495 [info] ExtensionService#_doActivateExtension vscode.typescript-language-features, startup: false, activationEvent: 'onLanguage:javascript'
2023-09-20 12:20:14.952 [warning] [Decorations] CAPPING events from decorations provider vscode.git 387
2023-09-20 12:20:21.162 [warning] [Decorations] CAPPING events from decorations provider vscode.git 387
2023-09-20 12:20:26.399 [warning] [Decorations] CAPPING events from decorations provider vscode.git 387
2023-09-20 12:20:31.968 [warning] [Decorations] CAPPING events from decorations provider vscode.git 388
2023-09-20 12:20:37.079 [warning] [Decorations] CAPPING events from decorations provider vscode.git 388
2023-09-20 12:20:58.348 [warning] [Decorations] CAPPING events from decorations provider vscode.git 389
2023-09-20 12:21:03.395 [warning] [Decorations] CAPPING events from decorations provider vscode.git 388
2023-09-20 12:21:08.458 [warning] [Decorations] CAPPING events from decorations provider vscode.git 388
2023-09-20 12:21:13.515 [warning] [Decorations] CAPPING events from decorations provider vscode.git 388
2023-09-20 12:21:18.563 [warning] [Decorations] CAPPING events from decorations provider vscode.git 388
2023-09-20 12:21:23.609 [warning] [Decorations] CAPPING events from decorations provider vscode.git 388
2023-09-20 12:21:28.655 [warning] [Decorations] CAPPING events from decorations provider vscode.git 388
2023-09-20 12:21:33.742 [warning] [Decorations] CAPPING events from decorations provider vscode.git 388
2023-09-20 12:21:50.834 [warning] [Decorations] CAPPING events from decorations provider vscode.git 388
2023-09-20 12:21:55.951 [warning] [Decorations] CAPPING events from decorations provider vscode.git 388
2023-09-20 12:22:01.068 [warning] [Decorations] CAPPING events from decorations provider vscode.git 388
2023-09-20 12:22:06.167 [warning] [Decorations] CAPPING events from decorations provider vscode.git 388
2023-09-20 12:22:11.471 [warning] [Decorations] CAPPING events from decorations provider vscode.git 388
2023-09-20 12:22:16.684 [warning] [Decorations] CAPPING events from decorations provider vscode.git 389
2023-09-20 12:22:21.912 [warning] [Decorations] CAPPING events from decorations provider vscode.git 389
2023-09-20 12:22:27.040 [warning] [Decorations] CAPPING events from decorations provider vscode.git 389
2023-09-20 12:22:32.664 [warning] [Decorations] CAPPING events from decorations provider vscode.git 389
2023-09-20 12:22:41.820 [warning] [Decorations] CAPPING events from decorations provider vscode.git 390
2023-09-20 12:22:46.924 [warning] [Decorations] CAPPING events from decorations provider vscode.git 389
2023-09-20 12:22:52.140 [warning] [Decorations] CAPPING events from decorations provider vscode.git 390
2023-09-20 12:22:57.531 [warning] [Decorations] CAPPING events from decorations provider vscode.git 390
2023-09-20 12:23:03.000 [warning] [Decorations] CAPPING events from decorations provider vscode.git 390
2023-09-20 12:23:08.283 [warning] [Decorations] CAPPING events from decorations provider vscode.git 391
2023-09-20 12:23:13.537 [warning] [Decorations] CAPPING events from decorations provider vscode.git 392
2023-09-20 12:23:43.277 [warning] [Decorations] CAPPING events from decorations provider vscode.git 391
2023-09-20 12:23:48.521 [warning] [Decorations] CAPPING events from decorations provider vscode.git 391
2023-09-20 12:23:53.691 [warning] [Decorations] CAPPING events from decorations provider vscode.git 391
2023-09-20 12:23:58.992 [warning] [Decorations] CAPPING events from decorations provider vscode.git 392
2023-09-20 12:24:04.094 [warning] [Decorations] CAPPING events from decorations provider vscode.git 392
2023-09-20 12:24:09.188 [warning] [Decorations] CAPPING events from decorations provider vscode.git 392
2023-09-20 12:26:14.185 [warning] [Decorations] CAPPING events from decorations provider vscode.git 393
2023-09-20 12:26:19.552 [warning] [Decorations] CAPPING events from decorations provider vscode.git 392
2023-09-20 12:26:24.623 [warning] [Decorations] CAPPING events from decorations provider vscode.git 393
2023-09-20 12:27:00.187 [warning] [Decorations] CAPPING events from decorations provider vscode.git 394
2023-09-20 12:27:05.288 [warning] [Decorations] CAPPING events from decorations provider vscode.git 393
2023-09-20 12:27:10.383 [warning] [Decorations] CAPPING events from decorations provider vscode.git 393
2023-09-20 12:27:15.878 [warning] [Decorations] CAPPING events from decorations provider vscode.git 393
2023-09-20 12:27:21.014 [warning] [Decorations] CAPPING events from decorations provider vscode.git 393
2023-09-20 12:27:26.996 [warning] [Decorations] CAPPING events from decorations provider vscode.git 393
2023-09-20 12:27:32.103 [warning] [Decorations] CAPPING events from decorations provider vscode.git 393
2023-09-20 12:27:37.229 [warning] [Decorations] CAPPING events from decorations provider vscode.git 393
2023-09-20 12:27:42.314 [warning] [Decorations] CAPPING events from decorations provider vscode.git 393
2023-09-20 12:27:47.427 [warning] [Decorations] CAPPING events from decorations provider vscode.git 393
2023-09-20 12:27:52.547 [warning] [Decorations] CAPPING events from decorations provider vscode.git 394
2023-09-20 12:28:03.866 [warning] [Decorations] CAPPING events from decorations provider vscode.git 395
2023-09-20 12:28:08.922 [warning] [Decorations] CAPPING events from decorations provider vscode.git 394
2023-09-20 12:28:13.993 [warning] [Decorations] CAPPING events from decorations provider vscode.git 395
2023-09-20 12:28:19.043 [warning] [Decorations] CAPPING events from decorations provider vscode.git 395
2023-09-20 12:28:24.101 [warning] [Decorations] CAPPING events from decorations provider vscode.git 395
2023-09-20 12:28:53.043 [warning] [Decorations] CAPPING events from decorations provider vscode.git 396
2023-09-20 12:28:58.115 [warning] [Decorations] CAPPING events from decorations provider vscode.git 395
2023-09-20 12:29:03.176 [warning] [Decorations] CAPPING events from decorations provider vscode.git 395
2023-09-20 12:29:08.304 [warning] [Decorations] CAPPING events from decorations provider vscode.git 395
2023-09-20 12:29:13.415 [warning] [Decorations] CAPPING events from decorations provider vscode.git 395
2023-09-20 12:29:24.024 [warning] [Decorations] CAPPING events from decorations provider vscode.git 395
2023-09-20 12:29:29.090 [warning] [Decorations] CAPPING events from decorations provider vscode.git 395
2023-09-20 12:30:08.437 [warning] [Decorations] CAPPING events from decorations provider vscode.git 395
2023-09-20 12:30:13.504 [warning] [Decorations] CAPPING events from decorations provider vscode.git 395
2023-09-20 12:30:18.783 [warning] [Decorations] CAPPING events from decorations provider vscode.git 395
2023-09-20 12:30:23.845 [warning] [Decorations] CAPPING events from decorations provider vscode.git 395
2023-09-20 12:30:28.958 [warning] [Decorations] CAPPING events from decorations provider vscode.git 395
2023-09-20 12:30:34.029 [warning] [Decorations] CAPPING events from decorations provider vscode.git 395
2023-09-20 12:30:39.096 [warning] [Decorations] CAPPING events from decorations provider vscode.git 395
2023-09-20 12:30:44.229 [warning] [Decorations] CAPPING events from decorations provider vscode.git 395
2023-09-20 12:30:49.306 [warning] [Decorations] CAPPING events from decorations provider vscode.git 395
2023-09-20 12:30:54.401 [warning] [Decorations] CAPPING events from decorations provider vscode.git 395
2023-09-20 12:30:59.509 [warning] [Decorations] CAPPING events from decorations provider vscode.git 395
2023-09-20 12:31:04.589 [warning] [Decorations] CAPPING events from decorations provider vscode.git 395
2023-09-20 12:31:09.627 [warning] [Decorations] CAPPING events from decorations provider vscode.git 395
2023-09-20 12:31:14.667 [warning] [Decorations] CAPPING events from decorations provider vscode.git 395
2023-09-20 12:31:19.707 [warning] [Decorations] CAPPING events from decorations provider vscode.git 395
2023-09-20 12:31:24.753 [warning] [Decorations] CAPPING events from decorations provider vscode.git 396
2023-09-20 12:31:29.800 [warning] [Decorations] CAPPING events from decorations provider vscode.git 396
2023-09-20 12:31:34.835 [warning] [Decorations] CAPPING events from decorations provider vscode.git 396
2023-09-20 12:31:39.874 [warning] [Decorations] CAPPING events from decorations provider vscode.git 397
2023-09-20 12:32:05.872 [warning] [Decorations] CAPPING events from decorations provider vscode.git 396
2023-09-20 12:32:10.943 [warning] [Decorations] CAPPING events from decorations provider vscode.git 396
2023-09-20 12:32:16.039 [warning] [Decorations] CAPPING events from decorations provider vscode.git 396
2023-09-20 12:32:21.178 [warning] [Decorations] CAPPING events from decorations provider vscode.git 396
2023-09-20 12:32:26.239 [warning] [Decorations] CAPPING events from decorations provider vscode.git 397
2023-09-20 12:32:31.323 [warning] [Decorations] CAPPING events from decorations provider vscode.git 397
2023-09-20 12:32:36.384 [warning] [Decorations] CAPPING events from decorations provider vscode.git 397
2023-09-20 12:32:41.452 [warning] [Decorations] CAPPING events from decorations provider vscode.git 397
2023-09-20 12:32:46.618 [warning] [Decorations] CAPPING events from decorations provider vscode.git 397
2023-09-20 12:32:51.697 [warning] [Decorations] CAPPING events from decorations provider vscode.git 397
2023-09-20 12:32:56.849 [warning] [Decorations] CAPPING events from decorations provider vscode.git 397
2023-09-20 12:34:48.827 [warning] [Decorations] CAPPING events from decorations provider vscode.git 398
2023-09-20 12:34:53.908 [warning] [Decorations] CAPPING events from decorations provider vscode.git 397
2023-09-20 12:34:59.298 [warning] [Decorations] CAPPING events from decorations provider vscode.git 397
2023-09-20 12:35:04.351 [warning] [Decorations] CAPPING events from decorations provider vscode.git 397
2023-09-20 12:35:09.392 [warning] [Decorations] CAPPING events from decorations provider vscode.git 398
2023-09-20 12:35:14.593 [warning] [Decorations] CAPPING events from decorations provider vscode.git 398
2023-09-20 12:35:19.636 [warning] [Decorations] CAPPING events from decorations provider vscode.git 398
2023-09-20 12:35:24.683 [warning] [Decorations] CAPPING events from decorations provider vscode.git 398
2023-09-20 12:35:29.723 [warning] [Decorations] CAPPING events from decorations provider vscode.git 398
2023-09-20 12:35:34.756 [warning] [Decorations] CAPPING events from decorations provider vscode.git 398
2023-09-20 12:35:39.818 [warning] [Decorations] CAPPING events from decorations provider vscode.git 398
2023-09-20 12:35:44.917 [warning] [Decorations] CAPPING events from decorations provider vscode.git 398
2023-09-20 12:35:49.955 [warning] [Decorations] CAPPING events from decorations provider vscode.git 398
2023-09-20 12:35:55.005 [warning] [Decorations] CAPPING events from decorations provider vscode.git 398
2023-09-20 12:36:00.056 [warning] [Decorations] CAPPING events from decorations provider vscode.git 398
2023-09-20 12:36:05.098 [warning] [Decorations] CAPPING events from decorations provider vscode.git 398
2023-09-20 12:36:10.131 [warning] [Decorations] CAPPING events from decorations provider vscode.git 398
2023-09-20 12:36:15.165 [warning] [Decorations] CAPPING events from decorations provider vscode.git 398
2023-09-20 12:36:20.218 [warning] [Decorations] CAPPING events from decorations provider vscode.git 398
2023-09-20 12:36:25.261 [warning] [Decorations] CAPPING events from decorations provider vscode.git 399
2023-09-20 12:37:00.151 [warning] [Decorations] CAPPING events from decorations provider vscode.git 398
2023-09-20 12:37:05.217 [warning] [Decorations] CAPPING events from decorations provider vscode.git 398
2023-09-20 12:37:11.149 [warning] [Decorations] CAPPING events from decorations provider vscode.git 398
2023-09-20 12:37:16.353 [warning] [Decorations] CAPPING events from decorations provider vscode.git 398
2023-09-20 12:37:39.287 [warning] [Decorations] CAPPING events from decorations provider vscode.git 398
2023-09-20 12:37:44.347 [warning] [Decorations] CAPPING events from decorations provider vscode.git 398
2023-09-20 12:37:49.409 [warning] [Decorations] CAPPING events from decorations provider vscode.git 398
2023-09-20 12:37:54.460 [warning] [Decorations] CAPPING events from decorations provider vscode.git 398
2023-09-20 12:37:59.544 [warning] [Decorations] CAPPING events from decorations provider vscode.git 398
2023-09-20 12:38:04.712 [warning] [Decorations] CAPPING events from decorations provider vscode.git 398
2023-09-20 12:38:10.410 [warning] [Decorations] CAPPING events from decorations provider vscode.git 399
2023-09-20 12:38:15.553 [warning] [Decorations] CAPPING events from decorations provider vscode.git 400
2023-09-20 12:39:05.805 [warning] [Decorations] CAPPING events from decorations provider vscode.git 400
2023-09-20 12:39:10.888 [warning] [Decorations] CAPPING events from decorations provider vscode.git 399
2023-09-20 12:39:15.992 [warning] [Decorations] CAPPING events from decorations provider vscode.git 400
2023-09-20 12:39:21.037 [warning] [Decorations] CAPPING events from decorations provider vscode.git 400
2023-09-20 12:39:26.116 [warning] [Decorations] CAPPING events from decorations provider vscode.git 400
2023-09-20 12:39:31.158 [warning] [Decorations] CAPPING events from decorations provider vscode.git 400
2023-09-20 12:39:36.263 [warning] [Decorations] CAPPING events from decorations provider vscode.git 401
2023-09-20 12:39:43.665 [warning] [Decorations] CAPPING events from decorations provider vscode.git 400
2023-09-20 12:39:48.716 [warning] [Decorations] CAPPING events from decorations provider vscode.git 400
2023-09-20 12:39:53.757 [warning] [Decorations] CAPPING events from decorations provider vscode.git 400
2023-09-20 12:39:58.795 [warning] [Decorations] CAPPING events from decorations provider vscode.git 400
2023-09-20 12:40:03.837 [warning] [Decorations] CAPPING events from decorations provider vscode.git 400
2023-09-20 12:40:08.878 [warning] [Decorations] CAPPING events from decorations provider vscode.git 400
2023-09-20 12:40:13.918 [warning] [Decorations] CAPPING events from decorations provider vscode.git 400
2023-09-20 12:40:18.961 [warning] [Decorations] CAPPING events from decorations provider vscode.git 400
2023-09-20 12:40:23.998 [warning] [Decorations] CAPPING events from decorations provider vscode.git 400
2023-09-20 12:40:29.041 [warning] [Decorations] CAPPING events from decorations provider vscode.git 400
2023-09-20 12:40:34.087 [warning] [Decorations] CAPPING events from decorations provider vscode.git 400
2023-09-20 12:40:39.159 [warning] [Decorations] CAPPING events from decorations provider vscode.git 400
2023-09-20 12:40:44.200 [warning] [Decorations] CAPPING events from decorations provider vscode.git 400
2023-09-20 12:40:49.244 [warning] [Decorations] CAPPING events from decorations provider vscode.git 400
2023-09-20 12:40:54.286 [warning] [Decorations] CAPPING events from decorations provider vscode.git 400
2023-09-20 12:40:59.338 [warning] [Decorations] CAPPING events from decorations provider vscode.git 400
2023-09-20 12:41:04.393 [warning] [Decorations] CAPPING events from decorations provider vscode.git 400
2023-09-20 12:41:09.443 [warning] [Decorations] CAPPING events from decorations provider vscode.git 400
2023-09-20 12:41:14.485 [warning] [Decorations] CAPPING events from decorations provider vscode.git 400
2023-09-20 12:41:19.523 [warning] [Decorations] CAPPING events from decorations provider vscode.git 400
2023-09-20 12:41:24.559 [warning] [Decorations] CAPPING events from decorations provider vscode.git 400
2023-09-20 12:41:29.601 [warning] [Decorations] CAPPING events from decorations provider vscode.git 400
2023-09-20 12:41:34.663 [warning] [Decorations] CAPPING events from decorations provider vscode.git 400
2023-09-20 12:41:39.729 [warning] [Decorations] CAPPING events from decorations provider vscode.git 400
2023-09-20 12:41:44.776 [warning] [Decorations] CAPPING events from decorations provider vscode.git 400
2023-09-20 12:41:49.821 [warning] [Decorations] CAPPING events from decorations provider vscode.git 400
2023-09-20 12:41:54.861 [warning] [Decorations] CAPPING events from decorations provider vscode.git 400
2023-09-20 12:41:59.899 [warning] [Decorations] CAPPING events from decorations provider vscode.git 400
2023-09-20 12:42:04.950 [warning] [Decorations] CAPPING events from decorations provider vscode.git 400
2023-09-20 12:42:09.990 [warning] [Decorations] CAPPING events from decorations provider vscode.git 400
2023-09-20 12:42:15.030 [warning] [Decorations] CAPPING events from decorations provider vscode.git 400
2023-09-20 12:42:20.081 [warning] [Decorations] CAPPING events from decorations provider vscode.git 400
2023-09-20 12:42:25.140 [warning] [Decorations] CAPPING events from decorations provider vscode.git 400
2023-09-20 12:42:30.179 [warning] [Decorations] CAPPING events from decorations provider vscode.git 400
2023-09-20 12:42:35.219 [warning] [Decorations] CAPPING events from decorations provider vscode.git 400
2023-09-20 12:42:40.259 [warning] [Decorations] CAPPING events from decorations provider vscode.git 400
2023-09-20 12:42:45.303 [warning] [Decorations] CAPPING events from decorations provider vscode.git 400
2023-09-20 12:42:50.350 [warning] [Decorations] CAPPING events from decorations provider vscode.git 400
2023-09-20 12:42:55.394 [warning] [Decorations] CAPPING events from decorations provider vscode.git 400
2023-09-20 12:43:00.456 [warning] [Decorations] CAPPING events from decorations provider vscode.git 400
2023-09-20 12:43:05.496 [warning] [Decorations] CAPPING events from decorations provider vscode.git 400
2023-09-20 12:43:10.534 [warning] [Decorations] CAPPING events from decorations provider vscode.git 400
2023-09-20 12:43:15.569 [warning] [Decorations] CAPPING events from decorations provider vscode.git 400
2023-09-20 12:43:20.645 [warning] [Decorations] CAPPING events from decorations provider vscode.git 400
2023-09-20 12:43:25.692 [warning] [Decorations] CAPPING events from decorations provider vscode.git 400
2023-09-20 12:44:32.650 [warning] [Decorations] CAPPING events from decorations provider vscode.git 400
2023-09-20 12:44:37.704 [warning] [Decorations] CAPPING events from decorations provider vscode.git 401
2023-09-20 12:44:42.745 [warning] [Decorations] CAPPING events from decorations provider vscode.git 401
2023-09-20 12:44:47.786 [warning] [Decorations] CAPPING events from decorations provider vscode.git 401
2023-09-20 12:44:52.830 [warning] [Decorations] CAPPING events from decorations provider vscode.git 401
2023-09-20 12:44:57.874 [warning] [Decorations] CAPPING events from decorations provider vscode.git 401
2023-09-20 12:45:02.917 [warning] [Decorations] CAPPING events from decorations provider vscode.git 401
2023-09-20 12:45:07.958 [warning] [Decorations] CAPPING events from decorations provider vscode.git 401
2023-09-20 12:45:13.000 [warning] [Decorations] CAPPING events from decorations provider vscode.git 401
2023-09-20 12:45:18.061 [warning] [Decorations] CAPPING events from decorations provider vscode.git 401
2023-09-20 12:45:23.172 [warning] [Decorations] CAPPING events from decorations provider vscode.git 401
2023-09-20 12:45:28.295 [warning] [Decorations] CAPPING events from decorations provider vscode.git 401
2023-09-20 12:45:33.360 [warning] [Decorations] CAPPING events from decorations provider vscode.git 401
2023-09-20 12:45:38.453 [warning] [Decorations] CAPPING events from decorations provider vscode.git 401
2023-09-20 12:45:43.512 [warning] [Decorations] CAPPING events from decorations provider vscode.git 401
2023-09-20 12:45:48.624 [warning] [Decorations] CAPPING events from decorations provider vscode.git 401
2023-09-20 12:46:04.327 [warning] [Decorations] CAPPING events from decorations provider vscode.git 402
2023-09-20 12:46:09.372 [warning] [Decorations] CAPPING events from decorations provider vscode.git 401
2023-09-20 12:46:14.416 [warning] [Decorations] CAPPING events from decorations provider vscode.git 401
2023-09-20 12:46:19.457 [warning] [Decorations] CAPPING events from decorations provider vscode.git 401
2023-09-20 12:46:36.051 [warning] [Decorations] CAPPING events from decorations provider vscode.git 401
2023-09-20 12:46:41.110 [warning] [Decorations] CAPPING events from decorations provider vscode.git 401
2023-09-20 12:46:46.156 [warning] [Decorations] CAPPING events from decorations provider vscode.git 401
2023-09-20 12:46:51.272 [warning] [Decorations] CAPPING events from decorations provider vscode.git 401
2023-09-20 12:46:56.334 [warning] [Decorations] CAPPING events from decorations provider vscode.git 401
2023-09-20 12:47:35.337 [warning] [Decorations] CAPPING events from decorations provider vscode.git 402
2023-09-20 12:47:40.405 [warning] [Decorations] CAPPING events from decorations provider vscode.git 402
2023-09-20 12:47:45.466 [warning] [Decorations] CAPPING events from decorations provider vscode.git 403
2023-09-20 12:48:26.297 [warning] [Decorations] CAPPING events from decorations provider vscode.git 404
2023-09-20 12:48:31.372 [warning] [Decorations] CAPPING events from decorations provider vscode.git 403
2023-09-20 12:48:36.480 [warning] [Decorations] CAPPING events from decorations provider vscode.git 403
2023-09-20 12:48:41.553 [warning] [Decorations] CAPPING events from decorations provider vscode.git 403
2023-09-20 12:48:46.607 [warning] [Decorations] CAPPING events from decorations provider vscode.git 403
2023-09-20 12:48:52.589 [warning] [Decorations] CAPPING events from decorations provider vscode.git 403
2023-09-20 12:48:57.806 [warning] [Decorations] CAPPING events from decorations provider vscode.git 404
2023-09-20 12:49:02.923 [warning] [Decorations] CAPPING events from decorations provider vscode.git 404
2023-09-20 12:50:40.653 [warning] [Decorations] CAPPING events from decorations provider vscode.git 405
2023-09-20 12:50:46.318 [warning] [Decorations] CAPPING events from decorations provider vscode.git 404
2023-09-20 12:50:51.419 [warning] [Decorations] CAPPING events from decorations provider vscode.git 404
2023-09-20 12:50:57.021 [warning] [Decorations] CAPPING events from decorations provider vscode.git 404
2023-09-20 12:51:02.403 [warning] [Decorations] CAPPING events from decorations provider vscode.git 404
2023-09-20 12:51:07.471 [warning] [Decorations] CAPPING events from decorations provider vscode.git 404
2023-09-20 12:51:12.561 [warning] [Decorations] CAPPING events from decorations provider vscode.git 405
2023-09-20 12:51:17.693 [warning] [Decorations] CAPPING events from decorations provider vscode.git 406
2023-09-20 12:51:56.632 [warning] [Decorations] CAPPING events from decorations provider vscode.git 405
2023-09-20 12:52:01.838 [warning] [Decorations] CAPPING events from decorations provider vscode.git 405
2023-09-20 12:52:07.096 [warning] [Decorations] CAPPING events from decorations provider vscode.git 405
2023-09-20 12:52:12.264 [warning] [Decorations] CAPPING events from decorations provider vscode.git 405
2023-09-20 12:52:17.404 [warning] [Decorations] CAPPING events from decorations provider vscode.git 405
2023-09-20 12:52:22.553 [warning] [Decorations] CAPPING events from decorations provider vscode.git 405
2023-09-20 12:52:27.844 [warning] [Decorations] CAPPING events from decorations provider vscode.git 405
2023-09-20 12:57:10.008 [warning] [Decorations] CAPPING events from decorations provider vscode.git 405
2023-09-20 12:57:15.240 [warning] [Decorations] CAPPING events from decorations provider vscode.git 405
2023-09-20 12:57:20.536 [warning] [Decorations] CAPPING events from decorations provider vscode.git 405
2023-09-20 13:00:07.556 [warning] [Decorations] CAPPING events from decorations provider vscode.git 405
