2023-09-20 13:07:51.816 [info] Log level: Info
2023-09-20 13:07:51.816 [info] Validating found git in: "git"
2023-09-20 13:07:51.816 [info] Using git "2.34.1" from "git"
2023-09-20 13:07:51.834 [info] > git rev-parse --show-toplevel [110ms]
2023-09-20 13:07:51.998 [info] > git rev-parse --git-dir --git-common-dir [140ms]
2023-09-20 13:07:52.074 [info] Open repository: /home/user/webpages_tech/lab03-201
2023-09-20 13:07:52.231 [info] > git config --get commit.template [77ms]
2023-09-20 13:07:52.305 [info] > git rev-parse --show-toplevel [105ms]
2023-09-20 13:07:52.360 [info] > git for-each-ref --format=%(refname)%00%(upstream:short)%00%(objectname)%00%(upstream:track)%00%(upstream:remotename)%00%(upstream:remoteref) refs/heads/main refs/remotes/main [59ms]
2023-09-20 13:07:52.456 [info] > git status -z -uall [41ms]
2023-09-20 13:07:52.987 [info] > git config --get commit.template [415ms]
2023-09-20 13:07:53.888 [info] > git for-each-ref --format=%(refname)%00%(upstream:short)%00%(objectname)%00%(upstream:track)%00%(upstream:remotename)%00%(upstream:remoteref) refs/heads/main refs/remotes/main [35ms]
2023-09-20 13:07:54.001 [info] > git status -z -uall [103ms]
2023-09-20 13:07:55.139 [info] > git check-ignore -v -z --stdin [493ms]
2023-09-20 13:07:57.450 [info] > git show --textconv :app.js [35ms]
2023-09-20 13:07:57.459 [info] > git ls-files --stage -- /home/user/webpages_tech/lab03-201/app.js [30ms]
2023-09-20 13:07:59.522 [info] > git config --get commit.template [11ms]
2023-09-20 13:07:59.527 [info] > git for-each-ref --format=%(refname)%00%(upstream:short)%00%(objectname)%00%(upstream:track)%00%(upstream:remotename)%00%(upstream:remoteref) refs/heads/main refs/remotes/main [6ms]
2023-09-20 13:07:59.542 [info] > git status -z -uall [9ms]
2023-09-20 13:08:04.584 [info] > git config --get commit.template [8ms]
2023-09-20 13:08:04.587 [info] > git for-each-ref --format=%(refname)%00%(upstream:short)%00%(objectname)%00%(upstream:track)%00%(upstream:remotename)%00%(upstream:remoteref) refs/heads/main refs/remotes/main [2ms]
2023-09-20 13:08:04.601 [info] > git status -z -uall [5ms]
2023-09-20 13:08:09.759 [info] > git config --get commit.template [18ms]
2023-09-20 13:08:09.761 [info] > git for-each-ref --format=%(refname)%00%(upstream:short)%00%(objectname)%00%(upstream:track)%00%(upstream:remotename)%00%(upstream:remoteref) refs/heads/main refs/remotes/main [4ms]
2023-09-20 13:08:09.775 [info] > git status -z -uall [6ms]
2023-09-20 13:08:14.809 [info] > git config --get commit.template [8ms]
2023-09-20 13:08:14.813 [info] > git for-each-ref --format=%(refname)%00%(upstream:short)%00%(objectname)%00%(upstream:track)%00%(upstream:remotename)%00%(upstream:remoteref) refs/heads/main refs/remotes/main [4ms]
2023-09-20 13:08:14.834 [info] > git status -z -uall [12ms]
2023-09-20 13:08:19.924 [info] > git config --get commit.template [17ms]
2023-09-20 13:08:19.927 [info] > git for-each-ref --format=%(refname)%00%(upstream:short)%00%(objectname)%00%(upstream:track)%00%(upstream:remotename)%00%(upstream:remoteref) refs/heads/main refs/remotes/main [4ms]
2023-09-20 13:08:19.952 [info] > git status -z -uall [18ms]
2023-09-20 13:08:25.000 [info] > git config --get commit.template [14ms]
2023-09-20 13:08:25.003 [info] > git for-each-ref --format=%(refname)%00%(upstream:short)%00%(objectname)%00%(upstream:track)%00%(upstream:remotename)%00%(upstream:remoteref) refs/heads/main refs/remotes/main [3ms]
2023-09-20 13:08:25.020 [info] > git status -z -uall [5ms]
2023-09-20 13:08:30.062 [info] > git config --get commit.template [8ms]
2023-09-20 13:08:30.064 [info] > git for-each-ref --format=%(refname)%00%(upstream:short)%00%(objectname)%00%(upstream:track)%00%(upstream:remotename)%00%(upstream:remoteref) refs/heads/main refs/remotes/main [2ms]
2023-09-20 13:08:30.077 [info] > git status -z -uall [5ms]
2023-09-20 13:08:35.115 [info] > git config --get commit.template [8ms]
2023-09-20 13:08:35.119 [info] > git for-each-ref --format=%(refname)%00%(upstream:short)%00%(objectname)%00%(upstream:track)%00%(upstream:remotename)%00%(upstream:remoteref) refs/heads/main refs/remotes/main [5ms]
2023-09-20 13:08:35.133 [info] > git status -z -uall [6ms]
2023-09-20 13:08:40.185 [info] > git config --get commit.template [14ms]
2023-09-20 13:08:40.198 [info] > git for-each-ref --format=%(refname)%00%(upstream:short)%00%(objectname)%00%(upstream:track)%00%(upstream:remotename)%00%(upstream:remoteref) refs/heads/main refs/remotes/main [17ms]
2023-09-20 13:08:40.222 [info] > git status -z -uall [15ms]
2023-09-20 13:08:45.254 [info] > git config --get commit.template [9ms]
2023-09-20 13:08:45.257 [info] > git for-each-ref --format=%(refname)%00%(upstream:short)%00%(objectname)%00%(upstream:track)%00%(upstream:remotename)%00%(upstream:remoteref) refs/heads/main refs/remotes/main [4ms]
2023-09-20 13:08:45.269 [info] > git status -z -uall [5ms]
2023-09-20 13:08:50.328 [info] > git config --get commit.template [9ms]
2023-09-20 13:08:50.332 [info] > git for-each-ref --format=%(refname)%00%(upstream:short)%00%(objectname)%00%(upstream:track)%00%(upstream:remotename)%00%(upstream:remoteref) refs/heads/main refs/remotes/main [5ms]
2023-09-20 13:08:50.346 [info] > git status -z -uall [4ms]
2023-09-20 13:08:55.403 [info] > git config --get commit.template [14ms]
2023-09-20 13:08:55.405 [info] > git for-each-ref --format=%(refname)%00%(upstream:short)%00%(objectname)%00%(upstream:track)%00%(upstream:remotename)%00%(upstream:remoteref) refs/heads/main refs/remotes/main [3ms]
2023-09-20 13:08:55.418 [info] > git status -z -uall [6ms]
2023-09-20 13:09:00.450 [info] > git config --get commit.template [9ms]
2023-09-20 13:09:00.455 [info] > git for-each-ref --format=%(refname)%00%(upstream:short)%00%(objectname)%00%(upstream:track)%00%(upstream:remotename)%00%(upstream:remoteref) refs/heads/main refs/remotes/main [5ms]
2023-09-20 13:09:00.469 [info] > git status -z -uall [7ms]
2023-09-20 13:09:05.517 [info] > git config --get commit.template [14ms]
2023-09-20 13:09:05.523 [info] > git for-each-ref --format=%(refname)%00%(upstream:short)%00%(objectname)%00%(upstream:track)%00%(upstream:remotename)%00%(upstream:remoteref) refs/heads/main refs/remotes/main [7ms]
2023-09-20 13:09:05.543 [info] > git status -z -uall [8ms]
2023-09-20 13:09:10.588 [info] > git config --get commit.template [12ms]
2023-09-20 13:09:10.591 [info] > git for-each-ref --format=%(refname)%00%(upstream:short)%00%(objectname)%00%(upstream:track)%00%(upstream:remotename)%00%(upstream:remoteref) refs/heads/main refs/remotes/main [4ms]
2023-09-20 13:09:10.611 [info] > git status -z -uall [6ms]
2023-09-20 13:09:15.701 [info] > git config --get commit.template [31ms]
2023-09-20 13:09:15.723 [info] > git for-each-ref --format=%(refname)%00%(upstream:short)%00%(objectname)%00%(upstream:track)%00%(upstream:remotename)%00%(upstream:remoteref) refs/heads/main refs/remotes/main [20ms]
2023-09-20 13:09:15.757 [info] > git status -z -uall [12ms]
2023-09-20 13:09:20.829 [info] > git config --get commit.template [6ms]
2023-09-20 13:09:20.832 [info] > git for-each-ref --format=%(refname)%00%(upstream:short)%00%(objectname)%00%(upstream:track)%00%(upstream:remotename)%00%(upstream:remoteref) refs/heads/main refs/remotes/main [2ms]
2023-09-20 13:09:20.843 [info] > git status -z -uall [5ms]
2023-09-20 13:09:26.047 [info] > git config --get commit.template [34ms]
2023-09-20 13:09:26.049 [info] > git for-each-ref --format=%(refname)%00%(upstream:short)%00%(objectname)%00%(upstream:track)%00%(upstream:remotename)%00%(upstream:remoteref) refs/heads/main refs/remotes/main [3ms]
2023-09-20 13:09:26.063 [info] > git status -z -uall [4ms]
2023-09-20 13:09:31.124 [info] > git config --get commit.template [25ms]
2023-09-20 13:09:31.128 [info] > git for-each-ref --format=%(refname)%00%(upstream:short)%00%(objectname)%00%(upstream:track)%00%(upstream:remotename)%00%(upstream:remoteref) refs/heads/main refs/remotes/main [12ms]
2023-09-20 13:09:31.148 [info] > git status -z -uall [6ms]
2023-09-20 13:09:36.277 [info] > git config --get commit.template [9ms]
2023-09-20 13:09:36.281 [info] > git for-each-ref --format=%(refname)%00%(upstream:short)%00%(objectname)%00%(upstream:track)%00%(upstream:remotename)%00%(upstream:remoteref) refs/heads/main refs/remotes/main [5ms]
2023-09-20 13:09:36.296 [info] > git status -z -uall [4ms]
2023-09-20 13:09:41.335 [info] > git config --get commit.template [11ms]
2023-09-20 13:09:41.338 [info] > git for-each-ref --format=%(refname)%00%(upstream:short)%00%(objectname)%00%(upstream:track)%00%(upstream:remotename)%00%(upstream:remoteref) refs/heads/main refs/remotes/main [4ms]
2023-09-20 13:09:41.350 [info] > git status -z -uall [4ms]
2023-09-20 13:09:46.450 [info] > git config --get commit.template [40ms]
2023-09-20 13:09:46.454 [info] > git for-each-ref --format=%(refname)%00%(upstream:short)%00%(objectname)%00%(upstream:track)%00%(upstream:remotename)%00%(upstream:remoteref) refs/heads/main refs/remotes/main [4ms]
2023-09-20 13:09:46.464 [info] > git status -z -uall [4ms]
2023-09-20 13:09:51.502 [info] > git config --get commit.template [13ms]
2023-09-20 13:09:51.508 [info] > git for-each-ref --format=%(refname)%00%(upstream:short)%00%(objectname)%00%(upstream:track)%00%(upstream:remotename)%00%(upstream:remoteref) refs/heads/main refs/remotes/main [7ms]
2023-09-20 13:09:51.520 [info] > git status -z -uall [5ms]
2023-09-20 13:09:56.574 [info] > git config --get commit.template [13ms]
2023-09-20 13:09:56.583 [info] > git for-each-ref --format=%(refname)%00%(upstream:short)%00%(objectname)%00%(upstream:track)%00%(upstream:remotename)%00%(upstream:remoteref) refs/heads/main refs/remotes/main [10ms]
2023-09-20 13:09:56.666 [info] > git status -z -uall [67ms]
2023-09-20 13:10:01.710 [info] > git config --get commit.template [7ms]
2023-09-20 13:10:01.715 [info] > git for-each-ref --format=%(refname)%00%(upstream:short)%00%(objectname)%00%(upstream:track)%00%(upstream:remotename)%00%(upstream:remoteref) refs/heads/main refs/remotes/main [6ms]
2023-09-20 13:10:01.726 [info] > git status -z -uall [4ms]
2023-09-20 13:10:06.771 [info] > git config --get commit.template [9ms]
2023-09-20 13:10:06.774 [info] > git for-each-ref --format=%(refname)%00%(upstream:short)%00%(objectname)%00%(upstream:track)%00%(upstream:remotename)%00%(upstream:remoteref) refs/heads/main refs/remotes/main [3ms]
2023-09-20 13:10:06.789 [info] > git status -z -uall [5ms]
2023-09-20 13:10:11.855 [info] > git config --get commit.template [12ms]
2023-09-20 13:10:11.857 [info] > git for-each-ref --format=%(refname)%00%(upstream:short)%00%(objectname)%00%(upstream:track)%00%(upstream:remotename)%00%(upstream:remoteref) refs/heads/main refs/remotes/main [3ms]
2023-09-20 13:10:11.872 [info] > git status -z -uall [5ms]
2023-09-20 13:10:16.935 [info] > git config --get commit.template [19ms]
2023-09-20 13:10:16.946 [info] > git for-each-ref --format=%(refname)%00%(upstream:short)%00%(objectname)%00%(upstream:track)%00%(upstream:remotename)%00%(upstream:remoteref) refs/heads/main refs/remotes/main [12ms]
2023-09-20 13:10:16.982 [info] > git status -z -uall [13ms]
2023-09-20 13:10:22.060 [info] > git config --get commit.template [14ms]
2023-09-20 13:10:22.065 [info] > git for-each-ref --format=%(refname)%00%(upstream:short)%00%(objectname)%00%(upstream:track)%00%(upstream:remotename)%00%(upstream:remoteref) refs/heads/main refs/remotes/main [5ms]
2023-09-20 13:10:22.089 [info] > git status -z -uall [12ms]
2023-09-20 13:11:21.871 [info] > git config --get commit.template [39ms]
2023-09-20 13:11:21.884 [info] > git for-each-ref --format=%(refname)%00%(upstream:short)%00%(objectname)%00%(upstream:track)%00%(upstream:remotename)%00%(upstream:remoteref) refs/heads/main refs/remotes/main [15ms]
2023-09-20 13:11:21.943 [info] > git status -z -uall [53ms]
2023-09-20 13:11:27.105 [info] > git for-each-ref --format=%(refname)%00%(upstream:short)%00%(objectname)%00%(upstream:track)%00%(upstream:remotename)%00%(upstream:remoteref) refs/heads/main refs/remotes/main [1ms]
2023-09-20 13:11:27.105 [info] > git config --get commit.template [17ms]
2023-09-20 13:11:27.137 [info] > git status -z -uall [24ms]
2023-09-20 13:11:32.270 [info] > git config --get commit.template [57ms]
2023-09-20 13:11:32.287 [info] > git for-each-ref --format=%(refname)%00%(upstream:short)%00%(objectname)%00%(upstream:track)%00%(upstream:remotename)%00%(upstream:remoteref) refs/heads/main refs/remotes/main [24ms]
2023-09-20 13:11:32.334 [info] > git status -z -uall [32ms]
2023-09-20 13:11:37.420 [info] > git config --get commit.template [18ms]
2023-09-20 13:11:37.424 [info] > git for-each-ref --format=%(refname)%00%(upstream:short)%00%(objectname)%00%(upstream:track)%00%(upstream:remotename)%00%(upstream:remoteref) refs/heads/main refs/remotes/main [11ms]
2023-09-20 13:11:37.443 [info] > git status -z -uall [11ms]
2023-09-20 13:11:46.717 [info] > git config --get commit.template [19ms]
2023-09-20 13:11:46.724 [info] > git for-each-ref --format=%(refname)%00%(upstream:short)%00%(objectname)%00%(upstream:track)%00%(upstream:remotename)%00%(upstream:remoteref) refs/heads/main refs/remotes/main [8ms]
2023-09-20 13:11:46.745 [info] > git status -z -uall [9ms]
2023-09-20 13:11:51.859 [info] > git config --get commit.template [66ms]
2023-09-20 13:11:51.865 [info] > git for-each-ref --format=%(refname)%00%(upstream:short)%00%(objectname)%00%(upstream:track)%00%(upstream:remotename)%00%(upstream:remoteref) refs/heads/main refs/remotes/main [22ms]
2023-09-20 13:11:51.917 [info] > git status -z -uall [17ms]
2023-09-20 13:12:15.862 [info] > git config --get commit.template [33ms]
2023-09-20 13:12:15.871 [info] > git for-each-ref --format=%(refname)%00%(upstream:short)%00%(objectname)%00%(upstream:track)%00%(upstream:remotename)%00%(upstream:remoteref) refs/heads/main refs/remotes/main [14ms]
2023-09-20 13:12:15.921 [info] > git status -z -uall [43ms]
2023-09-20 13:12:20.998 [info] > git config --get commit.template [29ms]
2023-09-20 13:12:21.015 [info] > git for-each-ref --format=%(refname)%00%(upstream:short)%00%(objectname)%00%(upstream:track)%00%(upstream:remotename)%00%(upstream:remoteref) refs/heads/main refs/remotes/main [18ms]
2023-09-20 13:12:21.090 [info] > git status -z -uall [33ms]
2023-09-20 13:12:26.316 [info] > git config --get commit.template [10ms]
2023-09-20 13:12:26.318 [info] > git for-each-ref --format=%(refname)%00%(upstream:short)%00%(objectname)%00%(upstream:track)%00%(upstream:remotename)%00%(upstream:remoteref) refs/heads/main refs/remotes/main [3ms]
2023-09-20 13:12:26.333 [info] > git status -z -uall [8ms]
2023-09-20 13:12:55.507 [info] > git config --get commit.template [27ms]
2023-09-20 13:12:55.513 [info] > git for-each-ref --format=%(refname)%00%(upstream:short)%00%(objectname)%00%(upstream:track)%00%(upstream:remotename)%00%(upstream:remoteref) refs/heads/main refs/remotes/main [7ms]
2023-09-20 13:12:55.542 [info] > git status -z -uall [21ms]
2023-09-20 13:13:00.677 [info] > git config --get commit.template [14ms]
2023-09-20 13:13:00.679 [info] > git for-each-ref --format=%(refname)%00%(upstream:short)%00%(objectname)%00%(upstream:track)%00%(upstream:remotename)%00%(upstream:remoteref) refs/heads/main refs/remotes/main [3ms]
2023-09-20 13:13:00.692 [info] > git status -z -uall [4ms]
2023-09-20 13:13:05.736 [info] > git config --get commit.template [14ms]
2023-09-20 13:13:05.738 [info] > git for-each-ref --format=%(refname)%00%(upstream:short)%00%(objectname)%00%(upstream:track)%00%(upstream:remotename)%00%(upstream:remoteref) refs/heads/main refs/remotes/main [4ms]
2023-09-20 13:13:05.755 [info] > git status -z -uall [7ms]
2023-09-20 13:13:10.815 [info] > git config --get commit.template [16ms]
2023-09-20 13:13:10.818 [info] > git for-each-ref --format=%(refname)%00%(upstream:short)%00%(objectname)%00%(upstream:track)%00%(upstream:remotename)%00%(upstream:remoteref) refs/heads/main refs/remotes/main [4ms]
2023-09-20 13:13:10.831 [info] > git status -z -uall [6ms]
2023-09-20 13:13:15.907 [info] > git config --get commit.template [27ms]
2023-09-20 13:13:15.918 [info] > git for-each-ref --format=%(refname)%00%(upstream:short)%00%(objectname)%00%(upstream:track)%00%(upstream:remotename)%00%(upstream:remoteref) refs/heads/main refs/remotes/main [13ms]
2023-09-20 13:13:15.941 [info] > git status -z -uall [9ms]
2023-09-20 13:13:27.505 [info] > git config --get commit.template [17ms]
2023-09-20 13:13:27.509 [info] > git for-each-ref --format=%(refname)%00%(upstream:short)%00%(objectname)%00%(upstream:track)%00%(upstream:remotename)%00%(upstream:remoteref) refs/heads/main refs/remotes/main [5ms]
2023-09-20 13:13:27.535 [info] > git status -z -uall [14ms]
2023-09-20 13:13:32.586 [info] > git config --get commit.template [27ms]
2023-09-20 13:13:32.596 [info] > git for-each-ref --format=%(refname)%00%(upstream:short)%00%(objectname)%00%(upstream:track)%00%(upstream:remotename)%00%(upstream:remoteref) refs/heads/main refs/remotes/main [12ms]
2023-09-20 13:13:32.625 [info] > git status -z -uall [17ms]
2023-09-20 13:13:37.670 [info] > git config --get commit.template [7ms]
2023-09-20 13:13:37.675 [info] > git for-each-ref --format=%(refname)%00%(upstream:short)%00%(objectname)%00%(upstream:track)%00%(upstream:remotename)%00%(upstream:remoteref) refs/heads/main refs/remotes/main [6ms]
2023-09-20 13:13:37.689 [info] > git status -z -uall [8ms]
2023-09-20 13:13:42.773 [info] > git config --get commit.template [20ms]
2023-09-20 13:13:42.776 [info] > git for-each-ref --format=%(refname)%00%(upstream:short)%00%(objectname)%00%(upstream:track)%00%(upstream:remotename)%00%(upstream:remoteref) refs/heads/main refs/remotes/main [4ms]
2023-09-20 13:13:42.788 [info] > git status -z -uall [6ms]
2023-09-20 13:13:47.822 [info] > git config --get commit.template [13ms]
2023-09-20 13:13:47.825 [info] > git for-each-ref --format=%(refname)%00%(upstream:short)%00%(objectname)%00%(upstream:track)%00%(upstream:remotename)%00%(upstream:remoteref) refs/heads/main refs/remotes/main [4ms]
2023-09-20 13:13:47.842 [info] > git status -z -uall [4ms]
2023-09-20 13:13:52.939 [info] > git config --get commit.template [13ms]
2023-09-20 13:13:52.941 [info] > git for-each-ref --format=%(refname)%00%(upstream:short)%00%(objectname)%00%(upstream:track)%00%(upstream:remotename)%00%(upstream:remoteref) refs/heads/main refs/remotes/main [3ms]
2023-09-20 13:13:52.955 [info] > git status -z -uall [5ms]
2023-09-20 13:13:57.992 [info] > git config --get commit.template [15ms]
2023-09-20 13:13:58.007 [info] > git for-each-ref --format=%(refname)%00%(upstream:short)%00%(objectname)%00%(upstream:track)%00%(upstream:remotename)%00%(upstream:remoteref) refs/heads/main refs/remotes/main [18ms]
2023-09-20 13:13:58.037 [info] > git status -z -uall [14ms]
2023-09-20 13:14:03.334 [info] > git for-each-ref --format=%(refname)%00%(upstream:short)%00%(objectname)%00%(upstream:track)%00%(upstream:remotename)%00%(upstream:remoteref) refs/heads/main refs/remotes/main [2ms]
2023-09-20 13:14:03.335 [info] > git config --get commit.template [21ms]
2023-09-20 13:14:03.374 [info] > git status -z -uall [13ms]
2023-09-20 13:14:08.460 [info] > git config --get commit.template [26ms]
2023-09-20 13:14:08.465 [info] > git for-each-ref --format=%(refname)%00%(upstream:short)%00%(objectname)%00%(upstream:track)%00%(upstream:remotename)%00%(upstream:remoteref) refs/heads/main refs/remotes/main [6ms]
2023-09-20 13:14:08.509 [info] > git status -z -uall [28ms]
2023-09-20 13:14:23.726 [info] > git config --get commit.template [14ms]
2023-09-20 13:14:23.732 [info] > git for-each-ref --format=%(refname)%00%(upstream:short)%00%(objectname)%00%(upstream:track)%00%(upstream:remotename)%00%(upstream:remoteref) refs/heads/main refs/remotes/main [7ms]
2023-09-20 13:14:23.759 [info] > git status -z -uall [19ms]
2023-09-20 13:14:28.806 [info] > git config --get commit.template [13ms]
2023-09-20 13:14:28.808 [info] > git for-each-ref --format=%(refname)%00%(upstream:short)%00%(objectname)%00%(upstream:track)%00%(upstream:remotename)%00%(upstream:remoteref) refs/heads/main refs/remotes/main [3ms]
2023-09-20 13:14:28.823 [info] > git status -z -uall [4ms]
2023-09-20 13:14:34.036 [info] > git config --get commit.template [1ms]
2023-09-20 13:14:34.046 [info] > git for-each-ref --format=%(refname)%00%(upstream:short)%00%(objectname)%00%(upstream:track)%00%(upstream:remotename)%00%(upstream:remoteref) refs/heads/main refs/remotes/main [4ms]
2023-09-20 13:14:34.057 [info] > git status -z -uall [4ms]
2023-09-20 13:14:39.126 [info] > git config --get commit.template [10ms]
2023-09-20 13:14:39.131 [info] > git for-each-ref --format=%(refname)%00%(upstream:short)%00%(objectname)%00%(upstream:track)%00%(upstream:remotename)%00%(upstream:remoteref) refs/heads/main refs/remotes/main [6ms]
2023-09-20 13:14:39.144 [info] > git status -z -uall [5ms]
2023-09-20 13:14:44.193 [info] > git config --get commit.template [11ms]
2023-09-20 13:14:44.199 [info] > git for-each-ref --format=%(refname)%00%(upstream:short)%00%(objectname)%00%(upstream:track)%00%(upstream:remotename)%00%(upstream:remoteref) refs/heads/main refs/remotes/main [7ms]
2023-09-20 13:14:44.212 [info] > git status -z -uall [4ms]
2023-09-20 13:14:49.253 [info] > git config --get commit.template [8ms]
2023-09-20 13:14:49.254 [info] > git for-each-ref --format=%(refname)%00%(upstream:short)%00%(objectname)%00%(upstream:track)%00%(upstream:remotename)%00%(upstream:remoteref) refs/heads/main refs/remotes/main [5ms]
2023-09-20 13:14:49.265 [info] > git status -z -uall [4ms]
2023-09-20 13:14:54.321 [info] > git config --get commit.template [13ms]
2023-09-20 13:14:54.334 [info] > git for-each-ref --format=%(refname)%00%(upstream:short)%00%(objectname)%00%(upstream:track)%00%(upstream:remotename)%00%(upstream:remoteref) refs/heads/main refs/remotes/main [13ms]
2023-09-20 13:14:54.348 [info] > git status -z -uall [6ms]
2023-09-20 13:14:59.429 [info] > git config --get commit.template [8ms]
2023-09-20 13:14:59.435 [info] > git for-each-ref --format=%(refname)%00%(upstream:short)%00%(objectname)%00%(upstream:track)%00%(upstream:remotename)%00%(upstream:remoteref) refs/heads/main refs/remotes/main [6ms]
2023-09-20 13:14:59.449 [info] > git status -z -uall [5ms]
2023-09-20 13:15:04.508 [info] > git config --get commit.template [24ms]
2023-09-20 13:15:04.514 [info] > git for-each-ref --format=%(refname)%00%(upstream:short)%00%(objectname)%00%(upstream:track)%00%(upstream:remotename)%00%(upstream:remoteref) refs/heads/main refs/remotes/main [8ms]
2023-09-20 13:15:04.551 [info] > git status -z -uall [11ms]
2023-09-20 13:15:09.597 [info] > git config --get commit.template [12ms]
2023-09-20 13:15:09.602 [info] > git for-each-ref --format=%(refname)%00%(upstream:short)%00%(objectname)%00%(upstream:track)%00%(upstream:remotename)%00%(upstream:remoteref) refs/heads/main refs/remotes/main [6ms]
2023-09-20 13:15:09.617 [info] > git status -z -uall [8ms]
2023-09-20 13:15:14.691 [info] > git config --get commit.template [24ms]
2023-09-20 13:15:14.694 [info] > git for-each-ref --format=%(refname)%00%(upstream:short)%00%(objectname)%00%(upstream:track)%00%(upstream:remotename)%00%(upstream:remoteref) refs/heads/main refs/remotes/main [4ms]
2023-09-20 13:15:14.707 [info] > git status -z -uall [5ms]
2023-09-20 13:15:19.767 [info] > git config --get commit.template [12ms]
2023-09-20 13:15:19.780 [info] > git for-each-ref --format=%(refname)%00%(upstream:short)%00%(objectname)%00%(upstream:track)%00%(upstream:remotename)%00%(upstream:remoteref) refs/heads/main refs/remotes/main [14ms]
2023-09-20 13:15:19.795 [info] > git status -z -uall [6ms]
2023-09-20 13:15:24.835 [info] > git config --get commit.template [9ms]
2023-09-20 13:15:24.842 [info] > git for-each-ref --format=%(refname)%00%(upstream:short)%00%(objectname)%00%(upstream:track)%00%(upstream:remotename)%00%(upstream:remoteref) refs/heads/main refs/remotes/main [8ms]
2023-09-20 13:15:24.911 [info] > git status -z -uall [61ms]
2023-09-20 13:15:29.957 [info] > git config --get commit.template [10ms]
2023-09-20 13:15:29.960 [info] > git for-each-ref --format=%(refname)%00%(upstream:short)%00%(objectname)%00%(upstream:track)%00%(upstream:remotename)%00%(upstream:remoteref) refs/heads/main refs/remotes/main [4ms]
2023-09-20 13:15:29.973 [info] > git status -z -uall [1ms]
2023-09-20 13:15:35.038 [info] > git config --get commit.template [10ms]
2023-09-20 13:15:35.042 [info] > git for-each-ref --format=%(refname)%00%(upstream:short)%00%(objectname)%00%(upstream:track)%00%(upstream:remotename)%00%(upstream:remoteref) refs/heads/main refs/remotes/main [5ms]
2023-09-20 13:15:35.055 [info] > git status -z -uall [4ms]
2023-09-20 13:15:40.117 [info] > git config --get commit.template [15ms]
2023-09-20 13:15:40.122 [info] > git for-each-ref --format=%(refname)%00%(upstream:short)%00%(objectname)%00%(upstream:track)%00%(upstream:remotename)%00%(upstream:remoteref) refs/heads/main refs/remotes/main [6ms]
2023-09-20 13:15:40.139 [info] > git status -z -uall [5ms]
2023-09-20 13:15:45.208 [info] > git config --get commit.template [30ms]
2023-09-20 13:15:45.216 [info] > git for-each-ref --format=%(refname)%00%(upstream:short)%00%(objectname)%00%(upstream:track)%00%(upstream:remotename)%00%(upstream:remoteref) refs/heads/main refs/remotes/main [9ms]
2023-09-20 13:15:45.237 [info] > git status -z -uall [10ms]
2023-09-20 13:15:50.280 [info] > git config --get commit.template [16ms]
2023-09-20 13:15:50.286 [info] > git for-each-ref --format=%(refname)%00%(upstream:short)%00%(objectname)%00%(upstream:track)%00%(upstream:remotename)%00%(upstream:remoteref) refs/heads/main refs/remotes/main [7ms]
2023-09-20 13:15:50.299 [info] > git status -z -uall [5ms]
2023-09-20 13:15:55.343 [info] > git config --get commit.template [19ms]
2023-09-20 13:15:55.358 [info] > git for-each-ref --format=%(refname)%00%(upstream:short)%00%(objectname)%00%(upstream:track)%00%(upstream:remotename)%00%(upstream:remoteref) refs/heads/main refs/remotes/main [15ms]
2023-09-20 13:15:55.371 [info] > git status -z -uall [3ms]
2023-09-20 13:16:00.465 [info] > git config --get commit.template [10ms]
2023-09-20 13:16:00.469 [info] > git for-each-ref --format=%(refname)%00%(upstream:short)%00%(objectname)%00%(upstream:track)%00%(upstream:remotename)%00%(upstream:remoteref) refs/heads/main refs/remotes/main [5ms]
2023-09-20 13:16:00.480 [info] > git status -z -uall [5ms]
2023-09-20 13:16:05.540 [info] > git config --get commit.template [12ms]
2023-09-20 13:16:05.546 [info] > git for-each-ref --format=%(refname)%00%(upstream:short)%00%(objectname)%00%(upstream:track)%00%(upstream:remotename)%00%(upstream:remoteref) refs/heads/main refs/remotes/main [7ms]
2023-09-20 13:16:05.559 [info] > git status -z -uall [5ms]
2023-09-20 13:16:10.705 [info] > git config --get commit.template [19ms]
2023-09-20 13:16:10.746 [info] > git for-each-ref --format=%(refname)%00%(upstream:short)%00%(objectname)%00%(upstream:track)%00%(upstream:remotename)%00%(upstream:remoteref) refs/heads/main refs/remotes/main [53ms]
2023-09-20 13:16:10.767 [info] > git status -z -uall [8ms]
2023-09-20 13:16:15.822 [info] > git config --get commit.template [18ms]
2023-09-20 13:16:15.831 [info] > git for-each-ref --format=%(refname)%00%(upstream:short)%00%(objectname)%00%(upstream:track)%00%(upstream:remotename)%00%(upstream:remoteref) refs/heads/main refs/remotes/main [10ms]
2023-09-20 13:16:15.850 [info] > git status -z -uall [9ms]
2023-09-20 13:16:20.929 [info] > git config --get commit.template [18ms]
2023-09-20 13:16:20.933 [info] > git for-each-ref --format=%(refname)%00%(upstream:short)%00%(objectname)%00%(upstream:track)%00%(upstream:remotename)%00%(upstream:remoteref) refs/heads/main refs/remotes/main [6ms]
2023-09-20 13:16:20.947 [info] > git status -z -uall [6ms]
2023-09-20 13:16:25.969 [info] > git config --get commit.template [7ms]
2023-09-20 13:16:25.973 [info] > git for-each-ref --format=%(refname)%00%(upstream:short)%00%(objectname)%00%(upstream:track)%00%(upstream:remotename)%00%(upstream:remoteref) refs/heads/main refs/remotes/main [4ms]
2023-09-20 13:16:25.983 [info] > git status -z -uall [4ms]
2023-09-20 13:16:31.649 [info] > git config --get commit.template [13ms]
2023-09-20 13:16:31.653 [info] > git for-each-ref --format=%(refname)%00%(upstream:short)%00%(objectname)%00%(upstream:track)%00%(upstream:remotename)%00%(upstream:remoteref) refs/heads/main refs/remotes/main [4ms]
2023-09-20 13:16:31.673 [info] > git status -z -uall [3ms]
2023-09-20 13:16:36.754 [info] > git config --get commit.template [25ms]
2023-09-20 13:16:36.764 [info] > git for-each-ref --format=%(refname)%00%(upstream:short)%00%(objectname)%00%(upstream:track)%00%(upstream:remotename)%00%(upstream:remoteref) refs/heads/main refs/remotes/main [11ms]
2023-09-20 13:16:36.781 [info] > git status -z -uall [9ms]
2023-09-20 13:16:41.840 [info] > git config --get commit.template [17ms]
2023-09-20 13:16:41.847 [info] > git for-each-ref --format=%(refname)%00%(upstream:short)%00%(objectname)%00%(upstream:track)%00%(upstream:remotename)%00%(upstream:remoteref) refs/heads/main refs/remotes/main [8ms]
2023-09-20 13:16:41.869 [info] > git status -z -uall [7ms]
2023-09-20 13:16:47.870 [info] > git config --get commit.template [14ms]
2023-09-20 13:16:47.875 [info] > git for-each-ref --format=%(refname)%00%(upstream:short)%00%(objectname)%00%(upstream:track)%00%(upstream:remotename)%00%(upstream:remoteref) refs/heads/main refs/remotes/main [6ms]
2023-09-20 13:16:47.896 [info] > git status -z -uall [8ms]
2023-09-20 13:16:53.008 [info] > git config --get commit.template [10ms]
2023-09-20 13:16:53.011 [info] > git for-each-ref --format=%(refname)%00%(upstream:short)%00%(objectname)%00%(upstream:track)%00%(upstream:remotename)%00%(upstream:remoteref) refs/heads/main refs/remotes/main [4ms]
2023-09-20 13:16:53.023 [info] > git status -z -uall [4ms]
2023-09-20 13:16:58.062 [info] > git config --get commit.template [13ms]
2023-09-20 13:16:58.072 [info] > git for-each-ref --format=%(refname)%00%(upstream:short)%00%(objectname)%00%(upstream:track)%00%(upstream:remotename)%00%(upstream:remoteref) refs/heads/main refs/remotes/main [13ms]
2023-09-20 13:16:58.085 [info] > git status -z -uall [5ms]
2023-09-20 13:17:03.130 [info] > git config --get commit.template [14ms]
2023-09-20 13:17:03.133 [info] > git for-each-ref --format=%(refname)%00%(upstream:short)%00%(objectname)%00%(upstream:track)%00%(upstream:remotename)%00%(upstream:remoteref) refs/heads/main refs/remotes/main [4ms]
2023-09-20 13:17:03.144 [info] > git status -z -uall [4ms]
2023-09-20 13:17:08.198 [info] > git config --get commit.template [18ms]
2023-09-20 13:17:08.201 [info] > git for-each-ref --format=%(refname)%00%(upstream:short)%00%(objectname)%00%(upstream:track)%00%(upstream:remotename)%00%(upstream:remoteref) refs/heads/main refs/remotes/main [4ms]
2023-09-20 13:17:08.213 [info] > git status -z -uall [5ms]
2023-09-20 13:17:13.288 [info] > git config --get commit.template [8ms]
2023-09-20 13:17:13.291 [info] > git for-each-ref --format=%(refname)%00%(upstream:short)%00%(objectname)%00%(upstream:track)%00%(upstream:remotename)%00%(upstream:remoteref) refs/heads/main refs/remotes/main [2ms]
2023-09-20 13:17:13.306 [info] > git status -z -uall [4ms]
2023-09-20 13:17:18.380 [info] > git config --get commit.template [11ms]
2023-09-20 13:17:18.384 [info] > git for-each-ref --format=%(refname)%00%(upstream:short)%00%(objectname)%00%(upstream:track)%00%(upstream:remotename)%00%(upstream:remoteref) refs/heads/main refs/remotes/main [4ms]
2023-09-20 13:17:18.397 [info] > git status -z -uall [6ms]
2023-09-20 13:17:23.441 [info] > git config --get commit.template [7ms]
2023-09-20 13:17:23.446 [info] > git for-each-ref --format=%(refname)%00%(upstream:short)%00%(objectname)%00%(upstream:track)%00%(upstream:remotename)%00%(upstream:remoteref) refs/heads/main refs/remotes/main [5ms]
2023-09-20 13:17:23.456 [info] > git status -z -uall [4ms]
2023-09-20 13:17:28.532 [info] > git config --get commit.template [11ms]
2023-09-20 13:17:28.544 [info] > git for-each-ref --format=%(refname)%00%(upstream:short)%00%(objectname)%00%(upstream:track)%00%(upstream:remotename)%00%(upstream:remoteref) refs/heads/main refs/remotes/main [11ms]
2023-09-20 13:17:28.574 [info] > git status -z -uall [14ms]
2023-09-20 13:17:33.702 [info] > git config --get commit.template [13ms]
2023-09-20 13:17:33.704 [info] > git for-each-ref --format=%(refname)%00%(upstream:short)%00%(objectname)%00%(upstream:track)%00%(upstream:remotename)%00%(upstream:remoteref) refs/heads/main refs/remotes/main [3ms]
2023-09-20 13:17:33.718 [info] > git status -z -uall [6ms]
2023-09-20 13:17:38.763 [info] > git config --get commit.template [9ms]
2023-09-20 13:17:38.769 [info] > git for-each-ref --format=%(refname)%00%(upstream:short)%00%(objectname)%00%(upstream:track)%00%(upstream:remotename)%00%(upstream:remoteref) refs/heads/main refs/remotes/main [7ms]
2023-09-20 13:17:38.784 [info] > git status -z -uall [5ms]
2023-09-20 13:17:43.821 [info] > git config --get commit.template [6ms]
2023-09-20 13:17:43.830 [info] > git for-each-ref --format=%(refname)%00%(upstream:short)%00%(objectname)%00%(upstream:track)%00%(upstream:remotename)%00%(upstream:remoteref) refs/heads/main refs/remotes/main [9ms]
2023-09-20 13:17:43.842 [info] > git status -z -uall [6ms]
2023-09-20 13:17:48.885 [info] > git config --get commit.template [8ms]
2023-09-20 13:17:48.888 [info] > git for-each-ref --format=%(refname)%00%(upstream:short)%00%(objectname)%00%(upstream:track)%00%(upstream:remotename)%00%(upstream:remoteref) refs/heads/main refs/remotes/main [3ms]
2023-09-20 13:17:48.900 [info] > git status -z -uall [5ms]
2023-09-20 13:17:54.071 [info] > git config --get commit.template [13ms]
2023-09-20 13:17:54.077 [info] > git for-each-ref --format=%(refname)%00%(upstream:short)%00%(objectname)%00%(upstream:track)%00%(upstream:remotename)%00%(upstream:remoteref) refs/heads/main refs/remotes/main [7ms]
2023-09-20 13:17:54.098 [info] > git status -z -uall [10ms]
2023-09-20 13:17:59.133 [info] > git config --get commit.template [1ms]
2023-09-20 13:17:59.145 [info] > git for-each-ref --format=%(refname)%00%(upstream:short)%00%(objectname)%00%(upstream:track)%00%(upstream:remotename)%00%(upstream:remoteref) refs/heads/main refs/remotes/main [4ms]
2023-09-20 13:17:59.157 [info] > git status -z -uall [5ms]
2023-09-20 13:18:04.213 [info] > git config --get commit.template [10ms]
2023-09-20 13:18:04.215 [info] > git for-each-ref --format=%(refname)%00%(upstream:short)%00%(objectname)%00%(upstream:track)%00%(upstream:remotename)%00%(upstream:remoteref) refs/heads/main refs/remotes/main [3ms]
2023-09-20 13:18:04.227 [info] > git status -z -uall [5ms]
2023-09-20 13:18:09.261 [info] > git config --get commit.template [9ms]
2023-09-20 13:18:09.266 [info] > git for-each-ref --format=%(refname)%00%(upstream:short)%00%(objectname)%00%(upstream:track)%00%(upstream:remotename)%00%(upstream:remoteref) refs/heads/main refs/remotes/main [5ms]
2023-09-20 13:18:09.282 [info] > git status -z -uall [6ms]
2023-09-20 13:18:14.519 [info] > git config --get commit.template [26ms]
2023-09-20 13:18:14.527 [info] > git for-each-ref --format=%(refname)%00%(upstream:short)%00%(objectname)%00%(upstream:track)%00%(upstream:remotename)%00%(upstream:remoteref) refs/heads/main refs/remotes/main [9ms]
2023-09-20 13:18:14.548 [info] > git status -z -uall [9ms]
2023-09-20 13:18:19.672 [info] > git config --get commit.template [9ms]
2023-09-20 13:18:19.685 [info] > git for-each-ref --format=%(refname)%00%(upstream:short)%00%(objectname)%00%(upstream:track)%00%(upstream:remotename)%00%(upstream:remoteref) refs/heads/main refs/remotes/main [14ms]
2023-09-20 13:18:19.699 [info] > git status -z -uall [6ms]
2023-09-20 13:18:24.769 [info] > git config --get commit.template [12ms]
2023-09-20 13:18:24.775 [info] > git for-each-ref --format=%(refname)%00%(upstream:short)%00%(objectname)%00%(upstream:track)%00%(upstream:remotename)%00%(upstream:remoteref) refs/heads/main refs/remotes/main [7ms]
2023-09-20 13:18:24.785 [info] > git status -z -uall [4ms]
2023-09-20 13:18:29.843 [info] > git config --get commit.template [22ms]
2023-09-20 13:18:29.850 [info] > git for-each-ref --format=%(refname)%00%(upstream:short)%00%(objectname)%00%(upstream:track)%00%(upstream:remotename)%00%(upstream:remoteref) refs/heads/main refs/remotes/main [7ms]
2023-09-20 13:18:29.867 [info] > git status -z -uall [8ms]
2023-09-20 13:18:34.925 [info] > git config --get commit.template [13ms]
2023-09-20 13:18:34.930 [info] > git for-each-ref --format=%(refname)%00%(upstream:short)%00%(objectname)%00%(upstream:track)%00%(upstream:remotename)%00%(upstream:remoteref) refs/heads/main refs/remotes/main [5ms]
2023-09-20 13:18:34.943 [info] > git status -z -uall [4ms]
2023-09-20 13:18:39.999 [info] > git config --get commit.template [17ms]
2023-09-20 13:18:40.006 [info] > git for-each-ref --format=%(refname)%00%(upstream:short)%00%(objectname)%00%(upstream:track)%00%(upstream:remotename)%00%(upstream:remoteref) refs/heads/main refs/remotes/main [8ms]
2023-09-20 13:18:40.024 [info] > git status -z -uall [7ms]
2023-09-20 13:18:45.071 [info] > git config --get commit.template [11ms]
2023-09-20 13:18:45.077 [info] > git for-each-ref --format=%(refname)%00%(upstream:short)%00%(objectname)%00%(upstream:track)%00%(upstream:remotename)%00%(upstream:remoteref) refs/heads/main refs/remotes/main [7ms]
2023-09-20 13:18:45.094 [info] > git status -z -uall [8ms]
2023-09-20 13:18:50.133 [info] > git config --get commit.template [7ms]
2023-09-20 13:18:50.135 [info] > git for-each-ref --format=%(refname)%00%(upstream:short)%00%(objectname)%00%(upstream:track)%00%(upstream:remotename)%00%(upstream:remoteref) refs/heads/main refs/remotes/main [3ms]
2023-09-20 13:18:50.148 [info] > git status -z -uall [6ms]
2023-09-20 13:18:55.740 [info] > git config --get commit.template [31ms]
2023-09-20 13:18:55.742 [info] > git for-each-ref --format=%(refname)%00%(upstream:short)%00%(objectname)%00%(upstream:track)%00%(upstream:remotename)%00%(upstream:remoteref) refs/heads/main refs/remotes/main [3ms]
2023-09-20 13:18:55.761 [info] > git status -z -uall [9ms]
2023-09-20 13:19:00.874 [info] > git config --get commit.template [7ms]
2023-09-20 13:19:00.879 [info] > git for-each-ref --format=%(refname)%00%(upstream:short)%00%(objectname)%00%(upstream:track)%00%(upstream:remotename)%00%(upstream:remoteref) refs/heads/main refs/remotes/main [6ms]
2023-09-20 13:19:00.890 [info] > git status -z -uall [5ms]
2023-09-20 13:19:06.005 [info] > git config --get commit.template [13ms]
2023-09-20 13:19:06.011 [info] > git for-each-ref --format=%(refname)%00%(upstream:short)%00%(objectname)%00%(upstream:track)%00%(upstream:remotename)%00%(upstream:remoteref) refs/heads/main refs/remotes/main [7ms]
2023-09-20 13:19:06.022 [info] > git status -z -uall [4ms]
2023-09-20 13:19:11.059 [info] > git config --get commit.template [7ms]
2023-09-20 13:19:11.062 [info] > git for-each-ref --format=%(refname)%00%(upstream:short)%00%(objectname)%00%(upstream:track)%00%(upstream:remotename)%00%(upstream:remoteref) refs/heads/main refs/remotes/main [4ms]
2023-09-20 13:19:11.075 [info] > git status -z -uall [7ms]
2023-09-20 13:19:16.123 [info] > git config --get commit.template [10ms]
2023-09-20 13:19:16.125 [info] > git for-each-ref --format=%(refname)%00%(upstream:short)%00%(objectname)%00%(upstream:track)%00%(upstream:remotename)%00%(upstream:remoteref) refs/heads/main refs/remotes/main [4ms]
2023-09-20 13:19:16.142 [info] > git status -z -uall [8ms]
2023-09-20 13:19:21.221 [info] > git config --get commit.template [14ms]
2023-09-20 13:19:21.226 [info] > git for-each-ref --format=%(refname)%00%(upstream:short)%00%(objectname)%00%(upstream:track)%00%(upstream:remotename)%00%(upstream:remoteref) refs/heads/main refs/remotes/main [5ms]
2023-09-20 13:19:21.242 [info] > git status -z -uall [7ms]
2023-09-20 13:19:26.578 [info] > git config --get commit.template [21ms]
2023-09-20 13:19:26.583 [info] > git for-each-ref --format=%(refname)%00%(upstream:short)%00%(objectname)%00%(upstream:track)%00%(upstream:remotename)%00%(upstream:remoteref) refs/heads/main refs/remotes/main [6ms]
2023-09-20 13:19:26.609 [info] > git status -z -uall [7ms]
2023-09-20 13:19:31.720 [info] > git config --get commit.template [21ms]
2023-09-20 13:19:31.724 [info] > git for-each-ref --format=%(refname)%00%(upstream:short)%00%(objectname)%00%(upstream:track)%00%(upstream:remotename)%00%(upstream:remoteref) refs/heads/main refs/remotes/main [5ms]
2023-09-20 13:19:31.735 [info] > git status -z -uall [4ms]
2023-09-20 13:19:36.777 [info] > git config --get commit.template [10ms]
2023-09-20 13:19:36.782 [info] > git for-each-ref --format=%(refname)%00%(upstream:short)%00%(objectname)%00%(upstream:track)%00%(upstream:remotename)%00%(upstream:remoteref) refs/heads/main refs/remotes/main [6ms]
2023-09-20 13:19:36.797 [info] > git status -z -uall [7ms]
2023-09-20 13:19:41.910 [info] > git config --get commit.template [8ms]
2023-09-20 13:19:41.914 [info] > git for-each-ref --format=%(refname)%00%(upstream:short)%00%(objectname)%00%(upstream:track)%00%(upstream:remotename)%00%(upstream:remoteref) refs/heads/main refs/remotes/main [4ms]
2023-09-20 13:19:41.924 [info] > git status -z -uall [4ms]
2023-09-20 13:19:46.967 [info] > git config --get commit.template [14ms]
2023-09-20 13:19:46.979 [info] > git for-each-ref --format=%(refname)%00%(upstream:short)%00%(objectname)%00%(upstream:track)%00%(upstream:remotename)%00%(upstream:remoteref) refs/heads/main refs/remotes/main [10ms]
2023-09-20 13:19:46.991 [info] > git status -z -uall [6ms]
2023-09-20 13:19:52.039 [info] > git config --get commit.template [11ms]
2023-09-20 13:19:52.047 [info] > git for-each-ref --format=%(refname)%00%(upstream:short)%00%(objectname)%00%(upstream:track)%00%(upstream:remotename)%00%(upstream:remoteref) refs/heads/main refs/remotes/main [10ms]
2023-09-20 13:19:52.059 [info] > git status -z -uall [6ms]
2023-09-20 13:19:57.111 [info] > git config --get commit.template [8ms]
2023-09-20 13:19:57.114 [info] > git for-each-ref --format=%(refname)%00%(upstream:short)%00%(objectname)%00%(upstream:track)%00%(upstream:remotename)%00%(upstream:remoteref) refs/heads/main refs/remotes/main [4ms]
2023-09-20 13:19:57.127 [info] > git status -z -uall [5ms]
2023-09-20 13:20:02.206 [info] > git config --get commit.template [12ms]
2023-09-20 13:20:02.210 [info] > git for-each-ref --format=%(refname)%00%(upstream:short)%00%(objectname)%00%(upstream:track)%00%(upstream:remotename)%00%(upstream:remoteref) refs/heads/main refs/remotes/main [5ms]
2023-09-20 13:20:02.224 [info] > git status -z -uall [4ms]
2023-09-20 13:20:07.367 [info] > git config --get commit.template [11ms]
2023-09-20 13:20:07.380 [info] > git for-each-ref --format=%(refname)%00%(upstream:short)%00%(objectname)%00%(upstream:track)%00%(upstream:remotename)%00%(upstream:remoteref) refs/heads/main refs/remotes/main [15ms]
2023-09-20 13:20:07.399 [info] > git status -z -uall [9ms]
2023-09-20 13:20:12.432 [info] > git config --get commit.template [8ms]
2023-09-20 13:20:12.436 [info] > git for-each-ref --format=%(refname)%00%(upstream:short)%00%(objectname)%00%(upstream:track)%00%(upstream:remotename)%00%(upstream:remoteref) refs/heads/main refs/remotes/main [5ms]
2023-09-20 13:20:12.448 [info] > git status -z -uall [4ms]
2023-09-20 13:20:17.501 [info] > git config --get commit.template [9ms]
2023-09-20 13:20:17.522 [info] > git for-each-ref --format=%(refname)%00%(upstream:short)%00%(objectname)%00%(upstream:track)%00%(upstream:remotename)%00%(upstream:remoteref) refs/heads/main refs/remotes/main [22ms]
2023-09-20 13:20:17.539 [info] > git status -z -uall [7ms]
2023-09-20 13:20:22.612 [info] > git config --get commit.template [11ms]
2023-09-20 13:20:22.629 [info] > git for-each-ref --format=%(refname)%00%(upstream:short)%00%(objectname)%00%(upstream:track)%00%(upstream:remotename)%00%(upstream:remoteref) refs/heads/main refs/remotes/main [18ms]
2023-09-20 13:20:22.642 [info] > git status -z -uall [4ms]
2023-09-20 13:20:27.711 [info] > git config --get commit.template [12ms]
2023-09-20 13:20:27.714 [info] > git for-each-ref --format=%(refname)%00%(upstream:short)%00%(objectname)%00%(upstream:track)%00%(upstream:remotename)%00%(upstream:remoteref) refs/heads/main refs/remotes/main [4ms]
2023-09-20 13:20:27.729 [info] > git status -z -uall [8ms]
2023-09-20 13:20:32.762 [info] > git config --get commit.template [11ms]
2023-09-20 13:20:32.766 [info] > git for-each-ref --format=%(refname)%00%(upstream:short)%00%(objectname)%00%(upstream:track)%00%(upstream:remotename)%00%(upstream:remoteref) refs/heads/main refs/remotes/main [5ms]
2023-09-20 13:20:32.779 [info] > git status -z -uall [5ms]
2023-09-20 13:20:37.849 [info] > git for-each-ref --format=%(refname)%00%(upstream:short)%00%(objectname)%00%(upstream:track)%00%(upstream:remotename)%00%(upstream:remoteref) refs/heads/main refs/remotes/main [3ms]
2023-09-20 13:20:37.851 [info] > git config --get commit.template [31ms]
2023-09-20 13:20:37.875 [info] > git status -z -uall [9ms]
2023-09-20 13:20:42.940 [info] > git config --get commit.template [17ms]
2023-09-20 13:20:42.943 [info] > git for-each-ref --format=%(refname)%00%(upstream:short)%00%(objectname)%00%(upstream:track)%00%(upstream:remotename)%00%(upstream:remoteref) refs/heads/main refs/remotes/main [6ms]
2023-09-20 13:20:42.963 [info] > git status -z -uall [7ms]
2023-09-20 13:20:48.025 [info] > git config --get commit.template [19ms]
2023-09-20 13:20:48.032 [info] > git for-each-ref --format=%(refname)%00%(upstream:short)%00%(objectname)%00%(upstream:track)%00%(upstream:remotename)%00%(upstream:remoteref) refs/heads/main refs/remotes/main [9ms]
2023-09-20 13:20:48.048 [info] > git status -z -uall [7ms]
2023-09-20 13:20:53.092 [info] > git config --get commit.template [8ms]
2023-09-20 13:20:53.097 [info] > git for-each-ref --format=%(refname)%00%(upstream:short)%00%(objectname)%00%(upstream:track)%00%(upstream:remotename)%00%(upstream:remoteref) refs/heads/main refs/remotes/main [5ms]
2023-09-20 13:20:53.109 [info] > git status -z -uall [5ms]
2023-09-20 13:20:58.140 [info] > git config --get commit.template [7ms]
2023-09-20 13:20:58.143 [info] > git for-each-ref --format=%(refname)%00%(upstream:short)%00%(objectname)%00%(upstream:track)%00%(upstream:remotename)%00%(upstream:remoteref) refs/heads/main refs/remotes/main [3ms]
2023-09-20 13:20:58.153 [info] > git status -z -uall [4ms]
2023-09-20 13:21:03.213 [info] > git config --get commit.template [12ms]
2023-09-20 13:21:03.223 [info] > git for-each-ref --format=%(refname)%00%(upstream:short)%00%(objectname)%00%(upstream:track)%00%(upstream:remotename)%00%(upstream:remoteref) refs/heads/main refs/remotes/main [11ms]
2023-09-20 13:21:03.234 [info] > git status -z -uall [6ms]
2023-09-20 13:21:08.336 [info] > git config --get commit.template [39ms]
2023-09-20 13:21:08.337 [info] > git for-each-ref --format=%(refname)%00%(upstream:short)%00%(objectname)%00%(upstream:track)%00%(upstream:remotename)%00%(upstream:remoteref) refs/heads/main refs/remotes/main [7ms]
2023-09-20 13:21:08.352 [info] > git status -z -uall [4ms]
2023-09-20 13:21:13.399 [info] > git config --get commit.template [9ms]
2023-09-20 13:21:13.403 [info] > git for-each-ref --format=%(refname)%00%(upstream:short)%00%(objectname)%00%(upstream:track)%00%(upstream:remotename)%00%(upstream:remoteref) refs/heads/main refs/remotes/main [5ms]
2023-09-20 13:21:13.417 [info] > git status -z -uall [6ms]
2023-09-20 13:21:18.549 [info] > git config --get commit.template [7ms]
2023-09-20 13:21:18.551 [info] > git for-each-ref --format=%(refname)%00%(upstream:short)%00%(objectname)%00%(upstream:track)%00%(upstream:remotename)%00%(upstream:remoteref) refs/heads/main refs/remotes/main [2ms]
2023-09-20 13:21:18.561 [info] > git status -z -uall [4ms]
2023-09-20 13:21:23.830 [info] > git config --get commit.template [10ms]
2023-09-20 13:21:23.834 [info] > git for-each-ref --format=%(refname)%00%(upstream:short)%00%(objectname)%00%(upstream:track)%00%(upstream:remotename)%00%(upstream:remoteref) refs/heads/main refs/remotes/main [5ms]
2023-09-20 13:21:23.847 [info] > git status -z -uall [5ms]
2023-09-20 13:21:28.875 [info] > git config --get commit.template [7ms]
2023-09-20 13:21:28.881 [info] > git for-each-ref --format=%(refname)%00%(upstream:short)%00%(objectname)%00%(upstream:track)%00%(upstream:remotename)%00%(upstream:remoteref) refs/heads/main refs/remotes/main [6ms]
2023-09-20 13:21:28.891 [info] > git status -z -uall [4ms]
2023-09-20 13:21:34.278 [info] > git config --get commit.template [15ms]
2023-09-20 13:21:34.289 [info] > git for-each-ref --format=%(refname)%00%(upstream:short)%00%(objectname)%00%(upstream:track)%00%(upstream:remotename)%00%(upstream:remoteref) refs/heads/main refs/remotes/main [12ms]
2023-09-20 13:21:34.301 [info] > git status -z -uall [5ms]
2023-09-20 13:21:39.328 [info] > git config --get commit.template [8ms]
2023-09-20 13:21:39.331 [info] > git for-each-ref --format=%(refname)%00%(upstream:short)%00%(objectname)%00%(upstream:track)%00%(upstream:remotename)%00%(upstream:remoteref) refs/heads/main refs/remotes/main [4ms]
2023-09-20 13:21:39.342 [info] > git status -z -uall [4ms]
2023-09-20 13:21:44.432 [info] > git config --get commit.template [9ms]
2023-09-20 13:21:44.436 [info] > git for-each-ref --format=%(refname)%00%(upstream:short)%00%(objectname)%00%(upstream:track)%00%(upstream:remotename)%00%(upstream:remoteref) refs/heads/main refs/remotes/main [5ms]
2023-09-20 13:21:44.451 [info] > git status -z -uall [6ms]
2023-09-20 13:21:49.496 [info] > git config --get commit.template [23ms]
2023-09-20 13:21:49.505 [info] > git for-each-ref --format=%(refname)%00%(upstream:short)%00%(objectname)%00%(upstream:track)%00%(upstream:remotename)%00%(upstream:remoteref) refs/heads/main refs/remotes/main [10ms]
2023-09-20 13:21:49.515 [info] > git status -z -uall [5ms]
2023-09-20 13:21:54.568 [info] > git config --get commit.template [7ms]
2023-09-20 13:21:54.570 [info] > git for-each-ref --format=%(refname)%00%(upstream:short)%00%(objectname)%00%(upstream:track)%00%(upstream:remotename)%00%(upstream:remoteref) refs/heads/main refs/remotes/main [2ms]
2023-09-20 13:21:54.582 [info] > git status -z -uall [5ms]
2023-09-20 13:21:59.649 [info] > git config --get commit.template [26ms]
2023-09-20 13:21:59.656 [info] > git for-each-ref --format=%(refname)%00%(upstream:short)%00%(objectname)%00%(upstream:track)%00%(upstream:remotename)%00%(upstream:remoteref) refs/heads/main refs/remotes/main [8ms]
2023-09-20 13:21:59.673 [info] > git status -z -uall [9ms]
2023-09-20 13:22:04.717 [info] > git config --get commit.template [8ms]
2023-09-20 13:22:04.719 [info] > git for-each-ref --format=%(refname)%00%(upstream:short)%00%(objectname)%00%(upstream:track)%00%(upstream:remotename)%00%(upstream:remoteref) refs/heads/main refs/remotes/main [2ms]
2023-09-20 13:22:04.730 [info] > git status -z -uall [4ms]
2023-09-20 13:22:09.811 [info] > git config --get commit.template [14ms]
2023-09-20 13:22:09.817 [info] > git for-each-ref --format=%(refname)%00%(upstream:short)%00%(objectname)%00%(upstream:track)%00%(upstream:remotename)%00%(upstream:remoteref) refs/heads/main refs/remotes/main [7ms]
2023-09-20 13:22:09.827 [info] > git status -z -uall [3ms]
2023-09-20 13:22:14.896 [info] > git config --get commit.template [21ms]
2023-09-20 13:22:14.903 [info] > git for-each-ref --format=%(refname)%00%(upstream:short)%00%(objectname)%00%(upstream:track)%00%(upstream:remotename)%00%(upstream:remoteref) refs/heads/main refs/remotes/main [8ms]
2023-09-20 13:22:14.924 [info] > git status -z -uall [8ms]
2023-09-20 13:22:19.970 [info] > git config --get commit.template [7ms]
2023-09-20 13:22:19.975 [info] > git for-each-ref --format=%(refname)%00%(upstream:short)%00%(objectname)%00%(upstream:track)%00%(upstream:remotename)%00%(upstream:remoteref) refs/heads/main refs/remotes/main [6ms]
2023-09-20 13:22:19.984 [info] > git status -z -uall [4ms]
2023-09-20 13:22:25.620 [info] > git config --get commit.template [43ms]
2023-09-20 13:22:25.650 [info] > git for-each-ref --format=%(refname)%00%(upstream:short)%00%(objectname)%00%(upstream:track)%00%(upstream:remotename)%00%(upstream:remoteref) refs/heads/main refs/remotes/main [31ms]
2023-09-20 13:22:25.704 [info] > git status -z -uall [28ms]
2023-09-20 13:22:30.809 [info] > git config --get commit.template [9ms]
2023-09-20 13:22:30.813 [info] > git for-each-ref --format=%(refname)%00%(upstream:short)%00%(objectname)%00%(upstream:track)%00%(upstream:remotename)%00%(upstream:remoteref) refs/heads/main refs/remotes/main [5ms]
2023-09-20 13:22:30.826 [info] > git status -z -uall [5ms]
2023-09-20 13:22:35.879 [info] > git config --get commit.template [9ms]
2023-09-20 13:22:35.883 [info] > git for-each-ref --format=%(refname)%00%(upstream:short)%00%(objectname)%00%(upstream:track)%00%(upstream:remotename)%00%(upstream:remoteref) refs/heads/main refs/remotes/main [4ms]
2023-09-20 13:22:35.896 [info] > git status -z -uall [6ms]
2023-09-20 13:22:40.948 [info] > git config --get commit.template [23ms]
2023-09-20 13:22:40.960 [info] > git for-each-ref --format=%(refname)%00%(upstream:short)%00%(objectname)%00%(upstream:track)%00%(upstream:remotename)%00%(upstream:remoteref) refs/heads/main refs/remotes/main [13ms]
2023-09-20 13:22:40.969 [info] > git status -z -uall [4ms]
2023-09-20 13:22:45.999 [info] > git config --get commit.template [9ms]
2023-09-20 13:22:46.005 [info] > git for-each-ref --format=%(refname)%00%(upstream:short)%00%(objectname)%00%(upstream:track)%00%(upstream:remotename)%00%(upstream:remoteref) refs/heads/main refs/remotes/main [5ms]
2023-09-20 13:22:46.019 [info] > git status -z -uall [7ms]
2023-09-20 13:22:51.060 [info] > git config --get commit.template [1ms]
2023-09-20 13:22:51.072 [info] > git for-each-ref --format=%(refname)%00%(upstream:short)%00%(objectname)%00%(upstream:track)%00%(upstream:remotename)%00%(upstream:remoteref) refs/heads/main refs/remotes/main [3ms]
2023-09-20 13:22:51.089 [info] > git status -z -uall [8ms]
2023-09-20 13:22:56.125 [info] > git config --get commit.template [11ms]
2023-09-20 13:22:56.127 [info] > git for-each-ref --format=%(refname)%00%(upstream:short)%00%(objectname)%00%(upstream:track)%00%(upstream:remotename)%00%(upstream:remoteref) refs/heads/main refs/remotes/main [3ms]
2023-09-20 13:22:56.159 [info] > git status -z -uall [22ms]
2023-09-20 13:23:01.279 [info] > git config --get commit.template [12ms]
2023-09-20 13:23:01.282 [info] > git for-each-ref --format=%(refname)%00%(upstream:short)%00%(objectname)%00%(upstream:track)%00%(upstream:remotename)%00%(upstream:remoteref) refs/heads/main refs/remotes/main [3ms]
2023-09-20 13:23:01.295 [info] > git status -z -uall [5ms]
2023-09-20 13:23:06.328 [info] > git config --get commit.template [10ms]
2023-09-20 13:23:06.334 [info] > git for-each-ref --format=%(refname)%00%(upstream:short)%00%(objectname)%00%(upstream:track)%00%(upstream:remotename)%00%(upstream:remoteref) refs/heads/main refs/remotes/main [8ms]
2023-09-20 13:23:06.348 [info] > git status -z -uall [5ms]
2023-09-20 13:23:11.371 [info] > git config --get commit.template [6ms]
2023-09-20 13:23:11.374 [info] > git for-each-ref --format=%(refname)%00%(upstream:short)%00%(objectname)%00%(upstream:track)%00%(upstream:remotename)%00%(upstream:remoteref) refs/heads/main refs/remotes/main [4ms]
2023-09-20 13:23:11.391 [info] > git status -z -uall [10ms]
2023-09-20 13:23:16.463 [info] > git config --get commit.template [11ms]
2023-09-20 13:23:16.466 [info] > git for-each-ref --format=%(refname)%00%(upstream:short)%00%(objectname)%00%(upstream:track)%00%(upstream:remotename)%00%(upstream:remoteref) refs/heads/main refs/remotes/main [4ms]
2023-09-20 13:23:16.479 [info] > git status -z -uall [7ms]
2023-09-20 13:23:21.533 [info] > git for-each-ref --format=%(refname)%00%(upstream:short)%00%(objectname)%00%(upstream:track)%00%(upstream:remotename)%00%(upstream:remoteref) refs/heads/main refs/remotes/main [16ms]
2023-09-20 13:23:21.533 [info] > git config --get commit.template [24ms]
2023-09-20 13:23:21.545 [info] > git status -z -uall [5ms]
2023-09-20 13:23:26.588 [info] > git config --get commit.template [15ms]
2023-09-20 13:23:26.588 [info] > git for-each-ref --format=%(refname)%00%(upstream:short)%00%(objectname)%00%(upstream:track)%00%(upstream:remotename)%00%(upstream:remoteref) refs/heads/main refs/remotes/main [6ms]
2023-09-20 13:23:26.606 [info] > git status -z -uall [9ms]
2023-09-20 13:23:31.750 [info] > git config --get commit.template [8ms]
2023-09-20 13:23:31.753 [info] > git for-each-ref --format=%(refname)%00%(upstream:short)%00%(objectname)%00%(upstream:track)%00%(upstream:remotename)%00%(upstream:remoteref) refs/heads/main refs/remotes/main [3ms]
2023-09-20 13:23:31.764 [info] > git status -z -uall [4ms]
2023-09-20 13:23:36.848 [info] > git config --get commit.template [11ms]
2023-09-20 13:23:36.851 [info] > git for-each-ref --format=%(refname)%00%(upstream:short)%00%(objectname)%00%(upstream:track)%00%(upstream:remotename)%00%(upstream:remoteref) refs/heads/main refs/remotes/main [4ms]
2023-09-20 13:23:36.863 [info] > git status -z -uall [5ms]
2023-09-20 13:23:41.976 [info] > git for-each-ref --format=%(refname)%00%(upstream:short)%00%(objectname)%00%(upstream:track)%00%(upstream:remotename)%00%(upstream:remoteref) refs/heads/main refs/remotes/main [10ms]
2023-09-20 13:23:41.977 [info] > git config --get commit.template [19ms]
2023-09-20 13:23:41.988 [info] > git status -z -uall [4ms]
2023-09-20 13:23:47.053 [info] > git config --get commit.template [15ms]
2023-09-20 13:23:47.072 [info] > git for-each-ref --format=%(refname)%00%(upstream:short)%00%(objectname)%00%(upstream:track)%00%(upstream:remotename)%00%(upstream:remoteref) refs/heads/main refs/remotes/main [1ms]
2023-09-20 13:23:47.098 [info] > git status -z -uall [11ms]
2023-09-20 13:23:52.132 [info] > git config --get commit.template [10ms]
2023-09-20 13:23:52.136 [info] > git for-each-ref --format=%(refname)%00%(upstream:short)%00%(objectname)%00%(upstream:track)%00%(upstream:remotename)%00%(upstream:remoteref) refs/heads/main refs/remotes/main [4ms]
2023-09-20 13:23:52.147 [info] > git status -z -uall [5ms]
2023-09-20 13:23:57.182 [info] > git config --get commit.template [13ms]
2023-09-20 13:23:57.187 [info] > git for-each-ref --format=%(refname)%00%(upstream:short)%00%(objectname)%00%(upstream:track)%00%(upstream:remotename)%00%(upstream:remoteref) refs/heads/main refs/remotes/main [6ms]
2023-09-20 13:23:57.201 [info] > git status -z -uall [4ms]
2023-09-20 13:24:02.240 [info] > git config --get commit.template [13ms]
2023-09-20 13:24:02.242 [info] > git for-each-ref --format=%(refname)%00%(upstream:short)%00%(objectname)%00%(upstream:track)%00%(upstream:remotename)%00%(upstream:remoteref) refs/heads/main refs/remotes/main [3ms]
2023-09-20 13:24:02.254 [info] > git status -z -uall [5ms]
2023-09-20 13:24:07.371 [info] > git config --get commit.template [10ms]
2023-09-20 13:24:07.374 [info] > git for-each-ref --format=%(refname)%00%(upstream:short)%00%(objectname)%00%(upstream:track)%00%(upstream:remotename)%00%(upstream:remoteref) refs/heads/main refs/remotes/main [4ms]
2023-09-20 13:24:07.385 [info] > git status -z -uall [5ms]
2023-09-20 13:24:12.419 [info] > git config --get commit.template [10ms]
2023-09-20 13:24:12.423 [info] > git for-each-ref --format=%(refname)%00%(upstream:short)%00%(objectname)%00%(upstream:track)%00%(upstream:remotename)%00%(upstream:remoteref) refs/heads/main refs/remotes/main [4ms]
2023-09-20 13:24:12.437 [info] > git status -z -uall [6ms]
2023-09-20 13:24:17.467 [info] > git config --get commit.template [10ms]
2023-09-20 13:24:17.470 [info] > git for-each-ref --format=%(refname)%00%(upstream:short)%00%(objectname)%00%(upstream:track)%00%(upstream:remotename)%00%(upstream:remoteref) refs/heads/main refs/remotes/main [3ms]
2023-09-20 13:24:17.492 [info] > git status -z -uall [7ms]
2023-09-20 13:24:22.549 [info] > git config --get commit.template [10ms]
2023-09-20 13:24:22.553 [info] > git for-each-ref --format=%(refname)%00%(upstream:short)%00%(objectname)%00%(upstream:track)%00%(upstream:remotename)%00%(upstream:remoteref) refs/heads/main refs/remotes/main [5ms]
2023-09-20 13:24:22.566 [info] > git status -z -uall [4ms]
2023-09-20 13:24:27.601 [info] > git config --get commit.template [11ms]
2023-09-20 13:24:27.605 [info] > git for-each-ref --format=%(refname)%00%(upstream:short)%00%(objectname)%00%(upstream:track)%00%(upstream:remotename)%00%(upstream:remoteref) refs/heads/main refs/remotes/main [4ms]
2023-09-20 13:24:27.621 [info] > git status -z -uall [6ms]
2023-09-20 13:24:32.657 [info] > git config --get commit.template [12ms]
2023-09-20 13:24:32.659 [info] > git for-each-ref --format=%(refname)%00%(upstream:short)%00%(objectname)%00%(upstream:track)%00%(upstream:remotename)%00%(upstream:remoteref) refs/heads/main refs/remotes/main [4ms]
2023-09-20 13:24:32.673 [info] > git status -z -uall [5ms]
2023-09-20 13:24:37.716 [info] > git config --get commit.template [10ms]
2023-09-20 13:24:37.724 [info] > git for-each-ref --format=%(refname)%00%(upstream:short)%00%(objectname)%00%(upstream:track)%00%(upstream:remotename)%00%(upstream:remoteref) refs/heads/main refs/remotes/main [8ms]
2023-09-20 13:24:37.737 [info] > git status -z -uall [6ms]
2023-09-20 13:24:42.760 [info] > git config --get commit.template [9ms]
2023-09-20 13:24:42.762 [info] > git for-each-ref --format=%(refname)%00%(upstream:short)%00%(objectname)%00%(upstream:track)%00%(upstream:remotename)%00%(upstream:remoteref) refs/heads/main refs/remotes/main [2ms]
2023-09-20 13:24:42.773 [info] > git status -z -uall [5ms]
2023-09-20 13:24:47.813 [info] > git config --get commit.template [9ms]
2023-09-20 13:24:47.816 [info] > git for-each-ref --format=%(refname)%00%(upstream:short)%00%(objectname)%00%(upstream:track)%00%(upstream:remotename)%00%(upstream:remoteref) refs/heads/main refs/remotes/main [3ms]
2023-09-20 13:24:47.826 [info] > git status -z -uall [3ms]
2023-09-20 13:24:52.870 [info] > git config --get commit.template [12ms]
2023-09-20 13:24:52.873 [info] > git for-each-ref --format=%(refname)%00%(upstream:short)%00%(objectname)%00%(upstream:track)%00%(upstream:remotename)%00%(upstream:remoteref) refs/heads/main refs/remotes/main [3ms]
2023-09-20 13:24:52.887 [info] > git status -z -uall [4ms]
2023-09-20 13:24:57.932 [info] > git config --get commit.template [10ms]
2023-09-20 13:24:57.933 [info] > git for-each-ref --format=%(refname)%00%(upstream:short)%00%(objectname)%00%(upstream:track)%00%(upstream:remotename)%00%(upstream:remoteref) refs/heads/main refs/remotes/main [2ms]
2023-09-20 13:24:57.945 [info] > git status -z -uall [5ms]
2023-09-20 13:25:02.978 [info] > git config --get commit.template [8ms]
2023-09-20 13:25:02.981 [info] > git for-each-ref --format=%(refname)%00%(upstream:short)%00%(objectname)%00%(upstream:track)%00%(upstream:remotename)%00%(upstream:remoteref) refs/heads/main refs/remotes/main [4ms]
2023-09-20 13:25:02.993 [info] > git status -z -uall [5ms]
2023-09-20 13:25:08.023 [info] > git config --get commit.template [11ms]
2023-09-20 13:25:08.025 [info] > git for-each-ref --format=%(refname)%00%(upstream:short)%00%(objectname)%00%(upstream:track)%00%(upstream:remotename)%00%(upstream:remoteref) refs/heads/main refs/remotes/main [2ms]
2023-09-20 13:25:08.037 [info] > git status -z -uall [4ms]
2023-09-20 13:25:13.070 [info] > git config --get commit.template [12ms]
2023-09-20 13:25:13.073 [info] > git for-each-ref --format=%(refname)%00%(upstream:short)%00%(objectname)%00%(upstream:track)%00%(upstream:remotename)%00%(upstream:remoteref) refs/heads/main refs/remotes/main [3ms]
2023-09-20 13:25:13.092 [info] > git status -z -uall [9ms]
2023-09-20 13:25:18.120 [info] > git config --get commit.template [8ms]
2023-09-20 13:25:18.129 [info] > git for-each-ref --format=%(refname)%00%(upstream:short)%00%(objectname)%00%(upstream:track)%00%(upstream:remotename)%00%(upstream:remoteref) refs/heads/main refs/remotes/main [9ms]
2023-09-20 13:25:18.168 [info] > git status -z -uall [10ms]
2023-09-20 13:25:23.199 [info] > git config --get commit.template [10ms]
2023-09-20 13:25:23.201 [info] > git for-each-ref --format=%(refname)%00%(upstream:short)%00%(objectname)%00%(upstream:track)%00%(upstream:remotename)%00%(upstream:remoteref) refs/heads/main refs/remotes/main [3ms]
2023-09-20 13:25:23.215 [info] > git status -z -uall [6ms]
2023-09-20 13:25:28.255 [info] > git config --get commit.template [15ms]
2023-09-20 13:25:28.258 [info] > git for-each-ref --format=%(refname)%00%(upstream:short)%00%(objectname)%00%(upstream:track)%00%(upstream:remotename)%00%(upstream:remoteref) refs/heads/main refs/remotes/main [2ms]
2023-09-20 13:25:28.281 [info] > git status -z -uall [16ms]
2023-09-20 13:25:33.363 [info] > git config --get commit.template [16ms]
2023-09-20 13:25:33.364 [info] > git for-each-ref --format=%(refname)%00%(upstream:short)%00%(objectname)%00%(upstream:track)%00%(upstream:remotename)%00%(upstream:remoteref) refs/heads/main refs/remotes/main [4ms]
2023-09-20 13:25:33.376 [info] > git status -z -uall [5ms]
2023-09-20 13:25:38.432 [info] > git config --get commit.template [12ms]
2023-09-20 13:25:38.438 [info] > git for-each-ref --format=%(refname)%00%(upstream:short)%00%(objectname)%00%(upstream:track)%00%(upstream:remotename)%00%(upstream:remoteref) refs/heads/main refs/remotes/main [5ms]
2023-09-20 13:25:38.451 [info] > git status -z -uall [4ms]
2023-09-20 13:25:43.493 [info] > git config --get commit.template [14ms]
2023-09-20 13:25:43.502 [info] > git for-each-ref --format=%(refname)%00%(upstream:short)%00%(objectname)%00%(upstream:track)%00%(upstream:remotename)%00%(upstream:remoteref) refs/heads/main refs/remotes/main [10ms]
2023-09-20 13:25:43.515 [info] > git status -z -uall [6ms]
2023-09-20 13:25:48.566 [info] > git config --get commit.template [10ms]
2023-09-20 13:25:48.569 [info] > git for-each-ref --format=%(refname)%00%(upstream:short)%00%(objectname)%00%(upstream:track)%00%(upstream:remotename)%00%(upstream:remoteref) refs/heads/main refs/remotes/main [6ms]
2023-09-20 13:25:48.580 [info] > git status -z -uall [4ms]
2023-09-20 13:25:53.621 [info] > git config --get commit.template [11ms]
2023-09-20 13:25:53.625 [info] > git for-each-ref --format=%(refname)%00%(upstream:short)%00%(objectname)%00%(upstream:track)%00%(upstream:remotename)%00%(upstream:remoteref) refs/heads/main refs/remotes/main [4ms]
2023-09-20 13:25:53.641 [info] > git status -z -uall [7ms]
2023-09-20 13:25:58.691 [info] > git config --get commit.template [15ms]
2023-09-20 13:25:58.696 [info] > git for-each-ref --format=%(refname)%00%(upstream:short)%00%(objectname)%00%(upstream:track)%00%(upstream:remotename)%00%(upstream:remoteref) refs/heads/main refs/remotes/main [6ms]
2023-09-20 13:25:58.714 [info] > git status -z -uall [8ms]
2023-09-20 13:26:03.743 [info] > git config --get commit.template [10ms]
2023-09-20 13:26:03.745 [info] > git for-each-ref --format=%(refname)%00%(upstream:short)%00%(objectname)%00%(upstream:track)%00%(upstream:remotename)%00%(upstream:remoteref) refs/heads/main refs/remotes/main [3ms]
2023-09-20 13:26:03.760 [info] > git status -z -uall [8ms]
2023-09-20 13:26:08.825 [info] > git config --get commit.template [8ms]
2023-09-20 13:26:08.828 [info] > git for-each-ref --format=%(refname)%00%(upstream:short)%00%(objectname)%00%(upstream:track)%00%(upstream:remotename)%00%(upstream:remoteref) refs/heads/main refs/remotes/main [4ms]
2023-09-20 13:26:08.840 [info] > git status -z -uall [5ms]
2023-09-20 13:26:13.905 [info] > git for-each-ref --format=%(refname)%00%(upstream:short)%00%(objectname)%00%(upstream:track)%00%(upstream:remotename)%00%(upstream:remoteref) refs/heads/main refs/remotes/main [3ms]
2023-09-20 13:26:13.906 [info] > git config --get commit.template [12ms]
2023-09-20 13:26:13.931 [info] > git status -z -uall [9ms]
2023-09-20 13:26:18.988 [info] > git config --get commit.template [14ms]
2023-09-20 13:26:18.992 [info] > git for-each-ref --format=%(refname)%00%(upstream:short)%00%(objectname)%00%(upstream:track)%00%(upstream:remotename)%00%(upstream:remoteref) refs/heads/main refs/remotes/main [5ms]
2023-09-20 13:26:19.005 [info] > git status -z -uall [5ms]
2023-09-20 13:26:24.057 [info] > git config --get commit.template [16ms]
2023-09-20 13:26:24.062 [info] > git for-each-ref --format=%(refname)%00%(upstream:short)%00%(objectname)%00%(upstream:track)%00%(upstream:remotename)%00%(upstream:remoteref) refs/heads/main refs/remotes/main [6ms]
2023-09-20 13:26:24.074 [info] > git status -z -uall [6ms]
2023-09-20 13:26:29.160 [info] > git config --get commit.template [38ms]
2023-09-20 13:26:29.167 [info] > git for-each-ref --format=%(refname)%00%(upstream:short)%00%(objectname)%00%(upstream:track)%00%(upstream:remotename)%00%(upstream:remoteref) refs/heads/main refs/remotes/main [8ms]
2023-09-20 13:26:29.210 [info] > git status -z -uall [15ms]
2023-09-20 13:26:34.272 [info] > git config --get commit.template [10ms]
2023-09-20 13:26:34.277 [info] > git for-each-ref --format=%(refname)%00%(upstream:short)%00%(objectname)%00%(upstream:track)%00%(upstream:remotename)%00%(upstream:remoteref) refs/heads/main refs/remotes/main [6ms]
2023-09-20 13:26:34.294 [info] > git status -z -uall [8ms]
2023-09-20 13:26:39.337 [info] > git config --get commit.template [9ms]
2023-09-20 13:26:39.343 [info] > git for-each-ref --format=%(refname)%00%(upstream:short)%00%(objectname)%00%(upstream:track)%00%(upstream:remotename)%00%(upstream:remoteref) refs/heads/main refs/remotes/main [6ms]
2023-09-20 13:26:39.353 [info] > git status -z -uall [5ms]
2023-09-20 13:26:44.526 [info] > git config --get commit.template [11ms]
2023-09-20 13:26:44.529 [info] > git for-each-ref --format=%(refname)%00%(upstream:short)%00%(objectname)%00%(upstream:track)%00%(upstream:remotename)%00%(upstream:remoteref) refs/heads/main refs/remotes/main [4ms]
2023-09-20 13:26:44.541 [info] > git status -z -uall [5ms]
2023-09-20 13:26:49.681 [info] > git config --get commit.template [14ms]
2023-09-20 13:26:49.687 [info] > git for-each-ref --format=%(refname)%00%(upstream:short)%00%(objectname)%00%(upstream:track)%00%(upstream:remotename)%00%(upstream:remoteref) refs/heads/main refs/remotes/main [7ms]
2023-09-20 13:26:49.698 [info] > git status -z -uall [5ms]
2023-09-20 13:26:54.740 [info] > git config --get commit.template [8ms]
2023-09-20 13:26:54.755 [info] > git for-each-ref --format=%(refname)%00%(upstream:short)%00%(objectname)%00%(upstream:track)%00%(upstream:remotename)%00%(upstream:remoteref) refs/heads/main refs/remotes/main [16ms]
2023-09-20 13:26:54.769 [info] > git status -z -uall [5ms]
2023-09-20 13:26:59.922 [info] > git config --get commit.template [5ms]
2023-09-20 13:26:59.925 [info] > git for-each-ref --format=%(refname)%00%(upstream:short)%00%(objectname)%00%(upstream:track)%00%(upstream:remotename)%00%(upstream:remoteref) refs/heads/main refs/remotes/main [3ms]
2023-09-20 13:26:59.957 [info] > git status -z -uall [26ms]
2023-09-20 13:27:05.362 [info] > git config --get commit.template [6ms]
2023-09-20 13:27:05.366 [info] > git for-each-ref --format=%(refname)%00%(upstream:short)%00%(objectname)%00%(upstream:track)%00%(upstream:remotename)%00%(upstream:remoteref) refs/heads/main refs/remotes/main [5ms]
2023-09-20 13:27:05.376 [info] > git status -z -uall [4ms]
2023-09-20 13:27:10.511 [info] > git config --get commit.template [11ms]
2023-09-20 13:27:10.513 [info] > git for-each-ref --format=%(refname)%00%(upstream:short)%00%(objectname)%00%(upstream:track)%00%(upstream:remotename)%00%(upstream:remoteref) refs/heads/main refs/remotes/main [4ms]
2023-09-20 13:27:10.522 [info] > git status -z -uall [3ms]
2023-09-20 13:27:15.571 [info] > git config --get commit.template [9ms]
2023-09-20 13:27:15.574 [info] > git for-each-ref --format=%(refname)%00%(upstream:short)%00%(objectname)%00%(upstream:track)%00%(upstream:remotename)%00%(upstream:remoteref) refs/heads/main refs/remotes/main [4ms]
2023-09-20 13:27:15.586 [info] > git status -z -uall [6ms]
2023-09-20 13:27:20.632 [info] > git config --get commit.template [9ms]
2023-09-20 13:27:20.640 [info] > git for-each-ref --format=%(refname)%00%(upstream:short)%00%(objectname)%00%(upstream:track)%00%(upstream:remotename)%00%(upstream:remoteref) refs/heads/main refs/remotes/main [9ms]
2023-09-20 13:27:20.658 [info] > git status -z -uall [6ms]
2023-09-20 13:27:25.741 [info] > git config --get commit.template [9ms]
2023-09-20 13:27:25.744 [info] > git for-each-ref --format=%(refname)%00%(upstream:short)%00%(objectname)%00%(upstream:track)%00%(upstream:remotename)%00%(upstream:remoteref) refs/heads/main refs/remotes/main [4ms]
2023-09-20 13:27:25.758 [info] > git status -z -uall [6ms]
2023-09-20 13:27:30.790 [info] > git config --get commit.template [12ms]
2023-09-20 13:27:30.793 [info] > git for-each-ref --format=%(refname)%00%(upstream:short)%00%(objectname)%00%(upstream:track)%00%(upstream:remotename)%00%(upstream:remoteref) refs/heads/main refs/remotes/main [4ms]
2023-09-20 13:27:30.806 [info] > git status -z -uall [7ms]
2023-09-20 13:27:35.844 [info] > git config --get commit.template [5ms]
2023-09-20 13:27:35.847 [info] > git for-each-ref --format=%(refname)%00%(upstream:short)%00%(objectname)%00%(upstream:track)%00%(upstream:remotename)%00%(upstream:remoteref) refs/heads/main refs/remotes/main [3ms]
2023-09-20 13:27:35.856 [info] > git status -z -uall [3ms]
2023-09-20 13:27:40.936 [info] > git config --get commit.template [5ms]
2023-09-20 13:27:40.940 [info] > git for-each-ref --format=%(refname)%00%(upstream:short)%00%(objectname)%00%(upstream:track)%00%(upstream:remotename)%00%(upstream:remoteref) refs/heads/main refs/remotes/main [5ms]
2023-09-20 13:27:40.949 [info] > git status -z -uall [4ms]
2023-09-20 13:27:46.163 [info] > git config --get commit.template [5ms]
2023-09-20 13:27:46.178 [info] > git for-each-ref --format=%(refname)%00%(upstream:short)%00%(objectname)%00%(upstream:track)%00%(upstream:remotename)%00%(upstream:remoteref) refs/heads/main refs/remotes/main [2ms]
2023-09-20 13:27:46.190 [info] > git status -z -uall [5ms]
2023-09-20 13:27:51.237 [info] > git config --get commit.template [20ms]
2023-09-20 13:27:51.245 [info] > git for-each-ref --format=%(refname)%00%(upstream:short)%00%(objectname)%00%(upstream:track)%00%(upstream:remotename)%00%(upstream:remoteref) refs/heads/main refs/remotes/main [9ms]
2023-09-20 13:27:51.255 [info] > git status -z -uall [3ms]
2023-09-20 13:27:56.435 [info] > git config --get commit.template [20ms]
2023-09-20 13:27:56.437 [info] > git for-each-ref --format=%(refname)%00%(upstream:short)%00%(objectname)%00%(upstream:track)%00%(upstream:remotename)%00%(upstream:remoteref) refs/heads/main refs/remotes/main [2ms]
2023-09-20 13:27:56.448 [info] > git status -z -uall [5ms]
2023-09-20 13:28:01.495 [info] > git config --get commit.template [16ms]
2023-09-20 13:28:01.505 [info] > git for-each-ref --format=%(refname)%00%(upstream:short)%00%(objectname)%00%(upstream:track)%00%(upstream:remotename)%00%(upstream:remoteref) refs/heads/main refs/remotes/main [11ms]
2023-09-20 13:28:01.516 [info] > git status -z -uall [3ms]
2023-09-20 13:28:06.552 [info] > git config --get commit.template [17ms]
2023-09-20 13:28:06.559 [info] > git for-each-ref --format=%(refname)%00%(upstream:short)%00%(objectname)%00%(upstream:track)%00%(upstream:remotename)%00%(upstream:remoteref) refs/heads/main refs/remotes/main [8ms]
2023-09-20 13:28:06.584 [info] > git status -z -uall [9ms]
2023-09-20 13:28:11.626 [info] > git config --get commit.template [6ms]
2023-09-20 13:28:11.628 [info] > git for-each-ref --format=%(refname)%00%(upstream:short)%00%(objectname)%00%(upstream:track)%00%(upstream:remotename)%00%(upstream:remoteref) refs/heads/main refs/remotes/main [3ms]
2023-09-20 13:28:11.648 [info] > git status -z -uall [14ms]
2023-09-20 13:28:16.685 [info] > git config --get commit.template [6ms]
2023-09-20 13:28:16.688 [info] > git for-each-ref --format=%(refname)%00%(upstream:short)%00%(objectname)%00%(upstream:track)%00%(upstream:remotename)%00%(upstream:remoteref) refs/heads/main refs/remotes/main [4ms]
2023-09-20 13:28:16.701 [info] > git status -z -uall [4ms]
2023-09-20 13:28:21.735 [info] > git config --get commit.template [2ms]
2023-09-20 13:28:21.760 [info] > git for-each-ref --format=%(refname)%00%(upstream:short)%00%(objectname)%00%(upstream:track)%00%(upstream:remotename)%00%(upstream:remoteref) refs/heads/main refs/remotes/main [8ms]
2023-09-20 13:28:21.775 [info] > git status -z -uall [7ms]
2023-09-20 13:28:26.803 [info] > git config --get commit.template [5ms]
2023-09-20 13:28:26.808 [info] > git for-each-ref --format=%(refname)%00%(upstream:short)%00%(objectname)%00%(upstream:track)%00%(upstream:remotename)%00%(upstream:remoteref) refs/heads/main refs/remotes/main [5ms]
2023-09-20 13:28:26.817 [info] > git status -z -uall [4ms]
2023-09-20 13:28:31.874 [info] > git config --get commit.template [15ms]
2023-09-20 13:28:31.906 [info] > git for-each-ref --format=%(refname)%00%(upstream:short)%00%(objectname)%00%(upstream:track)%00%(upstream:remotename)%00%(upstream:remoteref) refs/heads/main refs/remotes/main [34ms]
2023-09-20 13:28:31.929 [info] > git status -z -uall [9ms]
2023-09-20 13:28:37.055 [info] > git config --get commit.template [8ms]
2023-09-20 13:28:37.057 [info] > git for-each-ref --format=%(refname)%00%(upstream:short)%00%(objectname)%00%(upstream:track)%00%(upstream:remotename)%00%(upstream:remoteref) refs/heads/main refs/remotes/main [4ms]
2023-09-20 13:28:37.067 [info] > git status -z -uall [4ms]
2023-09-20 13:28:42.145 [info] > git config --get commit.template [48ms]
2023-09-20 13:28:42.163 [info] > git for-each-ref --format=%(refname)%00%(upstream:short)%00%(objectname)%00%(upstream:track)%00%(upstream:remotename)%00%(upstream:remoteref) refs/heads/main refs/remotes/main [21ms]
2023-09-20 13:28:42.203 [info] > git status -z -uall [10ms]
2023-09-20 13:28:47.420 [info] > git config --get commit.template [11ms]
2023-09-20 13:28:47.425 [info] > git for-each-ref --format=%(refname)%00%(upstream:short)%00%(objectname)%00%(upstream:track)%00%(upstream:remotename)%00%(upstream:remoteref) refs/heads/main refs/remotes/main [6ms]
2023-09-20 13:28:47.436 [info] > git status -z -uall [4ms]
2023-09-20 13:28:52.475 [info] > git config --get commit.template [13ms]
2023-09-20 13:28:52.481 [info] > git for-each-ref --format=%(refname)%00%(upstream:short)%00%(objectname)%00%(upstream:track)%00%(upstream:remotename)%00%(upstream:remoteref) refs/heads/main refs/remotes/main [7ms]
2023-09-20 13:28:52.502 [info] > git status -z -uall [9ms]
2023-09-20 13:28:57.537 [info] > git config --get commit.template [10ms]
2023-09-20 13:28:57.550 [info] > git for-each-ref --format=%(refname)%00%(upstream:short)%00%(objectname)%00%(upstream:track)%00%(upstream:remotename)%00%(upstream:remoteref) refs/heads/main refs/remotes/main [15ms]
2023-09-20 13:28:57.563 [info] > git status -z -uall [8ms]
2023-09-20 13:29:02.597 [info] > git config --get commit.template [14ms]
2023-09-20 13:29:02.604 [info] > git for-each-ref --format=%(refname)%00%(upstream:short)%00%(objectname)%00%(upstream:track)%00%(upstream:remotename)%00%(upstream:remoteref) refs/heads/main refs/remotes/main [8ms]
2023-09-20 13:29:02.625 [info] > git status -z -uall [9ms]
2023-09-20 13:29:07.697 [info] > git config --get commit.template [29ms]
2023-09-20 13:29:07.706 [info] > git for-each-ref --format=%(refname)%00%(upstream:short)%00%(objectname)%00%(upstream:track)%00%(upstream:remotename)%00%(upstream:remoteref) refs/heads/main refs/remotes/main [10ms]
2023-09-20 13:29:07.746 [info] > git status -z -uall [19ms]
2023-09-20 13:29:12.778 [info] > git config --get commit.template [11ms]
2023-09-20 13:29:12.793 [info] > git for-each-ref --format=%(refname)%00%(upstream:short)%00%(objectname)%00%(upstream:track)%00%(upstream:remotename)%00%(upstream:remoteref) refs/heads/main refs/remotes/main [15ms]
2023-09-20 13:29:12.809 [info] > git status -z -uall [5ms]
2023-09-20 13:29:25.967 [info] > git config --get commit.template [27ms]
2023-09-20 13:29:25.983 [info] > git for-each-ref --format=%(refname)%00%(upstream:short)%00%(objectname)%00%(upstream:track)%00%(upstream:remotename)%00%(upstream:remoteref) refs/heads/main refs/remotes/main [16ms]
2023-09-20 13:29:25.999 [info] > git status -z -uall [6ms]
2023-09-20 13:29:31.044 [info] > git config --get commit.template [9ms]
2023-09-20 13:29:31.052 [info] > git for-each-ref --format=%(refname)%00%(upstream:short)%00%(objectname)%00%(upstream:track)%00%(upstream:remotename)%00%(upstream:remoteref) refs/heads/main refs/remotes/main [9ms]
2023-09-20 13:29:31.073 [info] > git status -z -uall [12ms]
2023-09-20 13:29:36.162 [info] > git config --get commit.template [9ms]
2023-09-20 13:29:36.174 [info] > git for-each-ref --format=%(refname)%00%(upstream:short)%00%(objectname)%00%(upstream:track)%00%(upstream:remotename)%00%(upstream:remoteref) refs/heads/main refs/remotes/main [12ms]
2023-09-20 13:29:36.209 [info] > git status -z -uall [25ms]
2023-09-20 13:29:41.303 [info] > git config --get commit.template [23ms]
2023-09-20 13:29:41.310 [info] > git for-each-ref --format=%(refname)%00%(upstream:short)%00%(objectname)%00%(upstream:track)%00%(upstream:remotename)%00%(upstream:remoteref) refs/heads/main refs/remotes/main [8ms]
2023-09-20 13:29:41.333 [info] > git status -z -uall [8ms]
2023-09-20 13:29:46.493 [info] > git config --get commit.template [115ms]
2023-09-20 13:29:46.498 [info] > git for-each-ref --format=%(refname)%00%(upstream:short)%00%(objectname)%00%(upstream:track)%00%(upstream:remotename)%00%(upstream:remoteref) refs/heads/main refs/remotes/main [8ms]
2023-09-20 13:29:46.534 [info] > git status -z -uall [18ms]
2023-09-20 13:29:51.636 [info] > git config --get commit.template [32ms]
2023-09-20 13:29:51.651 [info] > git for-each-ref --format=%(refname)%00%(upstream:short)%00%(objectname)%00%(upstream:track)%00%(upstream:remotename)%00%(upstream:remoteref) refs/heads/main refs/remotes/main [23ms]
2023-09-20 13:29:51.670 [info] > git status -z -uall [10ms]
2023-09-20 13:29:56.757 [info] > git config --get commit.template [19ms]
2023-09-20 13:29:56.795 [info] > git for-each-ref --format=%(refname)%00%(upstream:short)%00%(objectname)%00%(upstream:track)%00%(upstream:remotename)%00%(upstream:remoteref) refs/heads/main refs/remotes/main [40ms]
2023-09-20 13:29:56.820 [info] > git status -z -uall [13ms]
2023-09-20 13:30:01.984 [info] > git config --get commit.template [69ms]
2023-09-20 13:30:01.990 [info] > git for-each-ref --format=%(refname)%00%(upstream:short)%00%(objectname)%00%(upstream:track)%00%(upstream:remotename)%00%(upstream:remoteref) refs/heads/main refs/remotes/main [8ms]
2023-09-20 13:30:02.015 [info] > git status -z -uall [15ms]
2023-09-20 13:30:10.988 [info] > git config --get commit.template [123ms]
2023-09-20 13:30:11.024 [info] > git for-each-ref --format=%(refname)%00%(upstream:short)%00%(objectname)%00%(upstream:track)%00%(upstream:remotename)%00%(upstream:remoteref) refs/heads/main refs/remotes/main [66ms]
2023-09-20 13:30:11.108 [info] > git status -z -uall [61ms]
2023-09-20 13:30:16.286 [info] > git for-each-ref --format=%(refname)%00%(upstream:short)%00%(objectname)%00%(upstream:track)%00%(upstream:remotename)%00%(upstream:remoteref) refs/heads/main refs/remotes/main [17ms]
2023-09-20 13:30:16.318 [info] > git config --get commit.template [67ms]
2023-09-20 13:30:16.373 [info] > git status -z -uall [38ms]
2023-09-20 13:30:21.578 [info] > git config --get commit.template [110ms]
2023-09-20 13:30:21.589 [info] > git for-each-ref --format=%(refname)%00%(upstream:short)%00%(objectname)%00%(upstream:track)%00%(upstream:remotename)%00%(upstream:remoteref) refs/heads/main refs/remotes/main [14ms]
2023-09-20 13:30:21.616 [info] > git status -z -uall [12ms]
2023-09-20 13:30:26.771 [info] > git for-each-ref --format=%(refname)%00%(upstream:short)%00%(objectname)%00%(upstream:track)%00%(upstream:remotename)%00%(upstream:remoteref) refs/heads/main refs/remotes/main [21ms]
2023-09-20 13:30:26.771 [info] > git config --get commit.template [89ms]
2023-09-20 13:30:26.832 [info] > git status -z -uall [53ms]
2023-09-20 13:30:31.889 [info] > git config --get commit.template [24ms]
2023-09-20 13:30:31.895 [info] > git for-each-ref --format=%(refname)%00%(upstream:short)%00%(objectname)%00%(upstream:track)%00%(upstream:remotename)%00%(upstream:remoteref) refs/heads/main refs/remotes/main [7ms]
2023-09-20 13:30:31.921 [info] > git status -z -uall [15ms]
2023-09-20 13:30:36.990 [info] > git for-each-ref --format=%(refname)%00%(upstream:short)%00%(objectname)%00%(upstream:track)%00%(upstream:remotename)%00%(upstream:remoteref) refs/heads/main refs/remotes/main [14ms]
2023-09-20 13:30:36.992 [info] > git config --get commit.template [31ms]
2023-09-20 13:30:37.012 [info] > git status -z -uall [8ms]
2023-09-20 13:30:42.101 [info] > git config --get commit.template [27ms]
2023-09-20 13:30:42.110 [info] > git for-each-ref --format=%(refname)%00%(upstream:short)%00%(objectname)%00%(upstream:track)%00%(upstream:remotename)%00%(upstream:remoteref) refs/heads/main refs/remotes/main [21ms]
2023-09-20 13:30:42.141 [info] > git status -z -uall [22ms]
2023-09-20 13:30:47.240 [info] > git config --get commit.template [36ms]
2023-09-20 13:30:47.259 [info] > git for-each-ref --format=%(refname)%00%(upstream:short)%00%(objectname)%00%(upstream:track)%00%(upstream:remotename)%00%(upstream:remoteref) refs/heads/main refs/remotes/main [20ms]
2023-09-20 13:30:47.305 [info] > git status -z -uall [17ms]
2023-09-20 13:30:52.355 [info] > git config --get commit.template [9ms]
2023-09-20 13:30:52.422 [info] > git for-each-ref --format=%(refname)%00%(upstream:short)%00%(objectname)%00%(upstream:track)%00%(upstream:remotename)%00%(upstream:remoteref) refs/heads/main refs/remotes/main [43ms]
2023-09-20 13:30:52.448 [info] > git status -z -uall [15ms]
2023-09-20 13:30:57.536 [info] > git config --get commit.template [23ms]
2023-09-20 13:30:57.563 [info] > git for-each-ref --format=%(refname)%00%(upstream:short)%00%(objectname)%00%(upstream:track)%00%(upstream:remotename)%00%(upstream:remoteref) refs/heads/main refs/remotes/main [30ms]
2023-09-20 13:30:57.590 [info] > git status -z -uall [18ms]
2023-09-20 13:31:02.761 [info] > git config --get commit.template [53ms]
2023-09-20 13:31:02.781 [info] > git for-each-ref --format=%(refname)%00%(upstream:short)%00%(objectname)%00%(upstream:track)%00%(upstream:remotename)%00%(upstream:remoteref) refs/heads/main refs/remotes/main [20ms]
2023-09-20 13:31:02.801 [info] > git status -z -uall [11ms]
2023-09-20 13:31:07.939 [info] > git for-each-ref --format=%(refname)%00%(upstream:short)%00%(objectname)%00%(upstream:track)%00%(upstream:remotename)%00%(upstream:remoteref) refs/heads/main refs/remotes/main [23ms]
2023-09-20 13:31:07.940 [info] > git config --get commit.template [100ms]
2023-09-20 13:31:07.998 [info] > git status -z -uall [23ms]
2023-09-20 13:31:13.051 [info] > git config --get commit.template [10ms]
2023-09-20 13:31:13.055 [info] > git for-each-ref --format=%(refname)%00%(upstream:short)%00%(objectname)%00%(upstream:track)%00%(upstream:remotename)%00%(upstream:remoteref) refs/heads/main refs/remotes/main [6ms]
2023-09-20 13:31:13.067 [info] > git status -z -uall [5ms]
2023-09-20 13:31:18.239 [info] > git config --get commit.template [46ms]
2023-09-20 13:31:18.270 [info] > git for-each-ref --format=%(refname)%00%(upstream:short)%00%(objectname)%00%(upstream:track)%00%(upstream:remotename)%00%(upstream:remoteref) refs/heads/main refs/remotes/main [31ms]
2023-09-20 13:31:18.293 [info] > git status -z -uall [11ms]
2023-09-20 13:31:23.362 [info] > git config --get commit.template [28ms]
2023-09-20 13:31:23.404 [info] > git for-each-ref --format=%(refname)%00%(upstream:short)%00%(objectname)%00%(upstream:track)%00%(upstream:remotename)%00%(upstream:remoteref) refs/heads/main refs/remotes/main [52ms]
2023-09-20 13:31:23.435 [info] > git status -z -uall [16ms]
2023-09-20 13:31:28.508 [info] > git config --get commit.template [32ms]
2023-09-20 13:31:28.524 [info] > git for-each-ref --format=%(refname)%00%(upstream:short)%00%(objectname)%00%(upstream:track)%00%(upstream:remotename)%00%(upstream:remoteref) refs/heads/main refs/remotes/main [17ms]
2023-09-20 13:31:28.541 [info] > git status -z -uall [8ms]
2023-09-20 13:31:33.614 [info] > git config --get commit.template [19ms]
2023-09-20 13:31:33.642 [info] > git for-each-ref --format=%(refname)%00%(upstream:short)%00%(objectname)%00%(upstream:track)%00%(upstream:remotename)%00%(upstream:remoteref) refs/heads/main refs/remotes/main [29ms]
2023-09-20 13:31:33.685 [info] > git status -z -uall [18ms]
2023-09-20 13:31:38.858 [info] > git config --get commit.template [62ms]
2023-09-20 13:31:38.875 [info] > git for-each-ref --format=%(refname)%00%(upstream:short)%00%(objectname)%00%(upstream:track)%00%(upstream:remotename)%00%(upstream:remoteref) refs/heads/main refs/remotes/main [24ms]
2023-09-20 13:31:38.908 [info] > git status -z -uall [22ms]
2023-09-20 13:31:43.970 [info] > git config --get commit.template [20ms]
2023-09-20 13:31:43.976 [info] > git for-each-ref --format=%(refname)%00%(upstream:short)%00%(objectname)%00%(upstream:track)%00%(upstream:remotename)%00%(upstream:remoteref) refs/heads/main refs/remotes/main [7ms]
2023-09-20 13:31:43.989 [info] > git status -z -uall [5ms]
2023-09-20 13:31:49.080 [info] > git for-each-ref --format=%(refname)%00%(upstream:short)%00%(objectname)%00%(upstream:track)%00%(upstream:remotename)%00%(upstream:remoteref) refs/heads/main refs/remotes/main [19ms]
2023-09-20 13:31:49.093 [info] > git config --get commit.template [66ms]
2023-09-20 13:31:49.291 [info] > git status -z -uall [116ms]
2023-09-20 13:31:54.563 [info] > git config --get commit.template [155ms]
2023-09-20 13:31:54.608 [info] > git for-each-ref --format=%(refname)%00%(upstream:short)%00%(objectname)%00%(upstream:track)%00%(upstream:remotename)%00%(upstream:remoteref) refs/heads/main refs/remotes/main [46ms]
2023-09-20 13:31:54.742 [info] > git status -z -uall [9ms]
2023-09-20 13:31:59.845 [info] > git config --get commit.template [39ms]
2023-09-20 13:31:59.857 [info] > git for-each-ref --format=%(refname)%00%(upstream:short)%00%(objectname)%00%(upstream:track)%00%(upstream:remotename)%00%(upstream:remoteref) refs/heads/main refs/remotes/main [13ms]
2023-09-20 13:31:59.895 [info] > git status -z -uall [18ms]
2023-09-20 13:32:04.989 [info] > git config --get commit.template [57ms]
2023-09-20 13:32:05.073 [info] > git for-each-ref --format=%(refname)%00%(upstream:short)%00%(objectname)%00%(upstream:track)%00%(upstream:remotename)%00%(upstream:remoteref) refs/heads/main refs/remotes/main [85ms]
2023-09-20 13:32:05.163 [info] > git status -z -uall [24ms]
2023-09-20 13:32:10.272 [info] > git config --get commit.template [39ms]
2023-09-20 13:32:10.277 [info] > git for-each-ref --format=%(refname)%00%(upstream:short)%00%(objectname)%00%(upstream:track)%00%(upstream:remotename)%00%(upstream:remoteref) refs/heads/main refs/remotes/main [5ms]
2023-09-20 13:32:10.362 [info] > git status -z -uall [65ms]
2023-09-20 13:32:16.192 [info] > git config --get commit.template [376ms]
2023-09-20 13:32:16.221 [info] > git for-each-ref --format=%(refname)%00%(upstream:short)%00%(objectname)%00%(upstream:track)%00%(upstream:remotename)%00%(upstream:remoteref) refs/heads/main refs/remotes/main [316ms]
2023-09-20 13:32:16.746 [info] > git status -z -uall [402ms]
2023-09-20 13:32:21.838 [info] > git config --get commit.template [16ms]
2023-09-20 13:32:21.841 [info] > git for-each-ref --format=%(refname)%00%(upstream:short)%00%(objectname)%00%(upstream:track)%00%(upstream:remotename)%00%(upstream:remoteref) refs/heads/main refs/remotes/main [6ms]
2023-09-20 13:32:21.862 [info] > git status -z -uall [6ms]
2023-09-20 13:32:27.308 [info] > git config --get commit.template [290ms]
2023-09-20 13:32:27.406 [info] > git for-each-ref --format=%(refname)%00%(upstream:short)%00%(objectname)%00%(upstream:track)%00%(upstream:remotename)%00%(upstream:remoteref) refs/heads/main refs/remotes/main [374ms]
2023-09-20 13:32:27.708 [info] > git status -z -uall [232ms]
2023-09-20 13:33:56.058 [info] > git config --get commit.template [146ms]
2023-09-20 13:33:56.060 [info] > git for-each-ref --format=%(refname)%00%(upstream:short)%00%(objectname)%00%(upstream:track)%00%(upstream:remotename)%00%(upstream:remoteref) refs/heads/main refs/remotes/main [139ms]
2023-09-20 13:33:56.146 [info] > git status -z -uall [77ms]
