2023-09-20 11:12:27.930 [info] Added views:workbench.panel.markers.view in workbench.panel.markers
2023-09-20 11:12:27.930 [info] Added views:workbench.panel.output in workbench.panel.output
2023-09-20 11:12:27.930 [info] Added views:terminal in terminal
2023-09-20 11:12:27.930 [info] Added views:outline in workbench.view.explorer
2023-09-20 11:12:27.930 [info] Added views:workbench.scm in workbench.view.scm
2023-09-20 11:12:27.930 [info] Added views:workbench.view.search in workbench.view.search
2023-09-20 11:12:27.930 [info] Added views:timeline in workbench.view.explorer
2023-09-20 11:12:27.930 [info] Added views:workbench.explorer.emptyView in workbench.view.explorer
2023-09-20 11:12:31.373 [info] Added views:workbench.debug.variablesView,workbench.debug.watchExpressionsView,workbench.debug.callStackView,workbench.debug.breakPointsView in workbench.view.debug
2023-09-20 11:12:34.164 [info] Added views:vscode-edge-devtools-view.targets,vscode-edge-devtools-view.help-links in workbench.view.extension.vscode-edge-devtools-view
2023-09-20 11:12:34.268 [info] Added views:~remote.forwardedPorts in ~remote.forwardedPortsContainer
2023-09-20 11:12:35.219 [info] Added views:workbench.panel.repl.view in workbench.panel.repl
2023-09-20 11:12:35.220 [info] Removed views:workbench.debug.breakPointsView,workbench.debug.callStackView,workbench.debug.watchExpressionsView,workbench.debug.variablesView from workbench.view.debug
2023-09-20 11:12:35.224 [info] Added views:workbench.debug.welcome in workbench.view.debug
2023-09-20 11:13:40.871 [info] Added views:workbench.panel.markers.view in workbench.panel.markers
2023-09-20 11:13:40.871 [info] Added views:workbench.panel.output in workbench.panel.output
2023-09-20 11:13:40.871 [info] Added views:terminal in terminal
2023-09-20 11:13:40.871 [info] Added views:outline in workbench.view.explorer
2023-09-20 11:13:40.871 [info] Added views:workbench.scm in workbench.view.scm
2023-09-20 11:13:40.871 [info] Added views:workbench.view.search in workbench.view.search
2023-09-20 11:13:40.871 [info] Added views:timeline in workbench.view.explorer
2023-09-20 11:13:40.871 [info] Added views:workbench.explorer.fileView in workbench.view.explorer
2023-09-20 11:13:41.744 [info] Added views:vscode-edge-devtools-view.targets,vscode-edge-devtools-view.help-links in workbench.view.extension.vscode-edge-devtools-view
2023-09-20 11:13:43.273 [info] Added views:workbench.debug.variablesView,workbench.debug.watchExpressionsView,workbench.debug.callStackView,workbench.debug.breakPointsView in workbench.view.debug
2023-09-20 11:13:43.414 [info] Added views:workbench.panel.repl.view in workbench.panel.repl
2023-09-20 11:13:43.416 [info] Removed views:workbench.debug.breakPointsView,workbench.debug.callStackView,workbench.debug.watchExpressionsView,workbench.debug.variablesView from workbench.view.debug
2023-09-20 11:13:43.418 [info] Added views:workbench.debug.welcome in workbench.view.debug
2023-09-20 11:13:46.366 [info] Added views:~remote.forwardedPorts in ~remote.forwardedPortsContainer
