2023-09-20 13:07:45.124 [info] Extension host with pid 3458 started
2023-09-20 13:07:45.124 [info] Skipping acquiring lock for /home/user/webpages_tech/lab03-201/~/.vscode-root/User/workspaceStorage/9f665e3f3c5af0c9e38d5b43a43c55cb.
2023-09-20 13:07:45.446 [info] ExtensionService#_doActivateExtension vscode.emmet, startup: false, activationEvent: 'onLanguage'
2023-09-20 13:07:45.527 [info] ExtensionService#_doActivateExtension vscode.typescript-language-features, startup: false, activationEvent: 'onLanguage:javascript'
2023-09-20 13:07:45.725 [info] ExtensionService#_doActivateExtension ms-edgedevtools.vscode-edge-devtools, startup: false, activationEvent: 'onLanguage:javascript'
2023-09-20 13:07:48.051 [info] ExtensionService#_doActivateExtension vscode.git-base, startup: true, activationEvent: '*', root cause: vscode.git
2023-09-20 13:07:48.056 [info] ExtensionService#_doActivateExtension oderwat.indent-rainbow, startup: true, activationEvent: '*'
2023-09-20 13:07:49.500 [info] ExtensionService#_doActivateExtension vscode.git, startup: true, activationEvent: '*'
2023-09-20 13:07:50.118 [info] ExtensionService#_doActivateExtension vscode.github, startup: true, activationEvent: '*'
2023-09-20 13:07:51.647 [info] Eager extensions activated
2023-09-20 13:07:52.495 [warning] [Decorations] CAPPING events from decorations provider vscode.git 423
2023-09-20 13:07:52.995 [info] ExtensionService#_doActivateExtension vscode.debug-auto-launch, startup: false, activationEvent: 'onStartupFinished'
2023-09-20 13:07:53.011 [info] ExtensionService#_doActivateExtension vscode.merge-conflict, startup: false, activationEvent: 'onStartupFinished'
2023-09-20 13:07:53.151 [info] ExtensionService#_doActivateExtension aaron-bond.better-comments, startup: false, activationEvent: 'onStartupFinished'
2023-09-20 13:07:53.206 [info] ExtensionService#_doActivateExtension esbenp.prettier-vscode, startup: false, activationEvent: 'onStartupFinished'
2023-09-20 13:07:53.518 [info] ExtensionService#_doActivateExtension ritwickdey.LiveServer, startup: false, activationEvent: 'onStartupFinished'
2023-09-20 13:07:53.576 [info] ExtensionService#_doActivateExtension usernamehw.errorlens, startup: false, activationEvent: 'onStartupFinished'
2023-09-20 13:07:53.587 [info] ExtensionService#_doActivateExtension vscode-icons-team.vscode-icons, startup: false, activationEvent: 'onStartupFinished'
2023-09-20 13:07:54.030 [warning] [Decorations] CAPPING events from decorations provider vscode.git 423
2023-09-20 13:07:54.648 [info] ExtensionService#_doActivateExtension vscode.github-authentication, startup: false, activationEvent: 'onAuthenticationRequest:github'
2023-09-20 13:07:57.292 [info] ExtensionService#_doActivateExtension vscode.microsoft-authentication, startup: false, activationEvent: 'onAuthenticationRequest:microsoft'
2023-09-20 13:07:59.560 [warning] [Decorations] CAPPING events from decorations provider vscode.git 428
2023-09-20 13:08:04.608 [warning] [Decorations] CAPPING events from decorations provider vscode.git 428
2023-09-20 13:08:09.787 [warning] [Decorations] CAPPING events from decorations provider vscode.git 428
2023-09-20 13:08:14.852 [warning] [Decorations] CAPPING events from decorations provider vscode.git 428
2023-09-20 13:08:19.967 [warning] [Decorations] CAPPING events from decorations provider vscode.git 427
2023-09-20 13:08:25.024 [warning] [Decorations] CAPPING events from decorations provider vscode.git 431
2023-09-20 13:08:30.083 [warning] [Decorations] CAPPING events from decorations provider vscode.git 431
2023-09-20 13:08:35.141 [warning] [Decorations] CAPPING events from decorations provider vscode.git 431
2023-09-20 13:08:40.229 [warning] [Decorations] CAPPING events from decorations provider vscode.git 431
2023-09-20 13:08:45.281 [warning] [Decorations] CAPPING events from decorations provider vscode.git 431
2023-09-20 13:08:50.349 [warning] [Decorations] CAPPING events from decorations provider vscode.git 431
2023-09-20 13:08:55.425 [warning] [Decorations] CAPPING events from decorations provider vscode.git 431
2023-09-20 13:09:00.477 [warning] [Decorations] CAPPING events from decorations provider vscode.git 431
2023-09-20 13:09:05.555 [warning] [Decorations] CAPPING events from decorations provider vscode.git 431
2023-09-20 13:09:10.620 [warning] [Decorations] CAPPING events from decorations provider vscode.git 433
2023-09-20 13:09:15.767 [warning] [Decorations] CAPPING events from decorations provider vscode.git 431
2023-09-20 13:09:20.846 [warning] [Decorations] CAPPING events from decorations provider vscode.git 431
2023-09-20 13:09:26.068 [warning] [Decorations] CAPPING events from decorations provider vscode.git 431
2023-09-20 13:09:31.164 [warning] [Decorations] CAPPING events from decorations provider vscode.git 431
2023-09-20 13:09:36.302 [warning] [Decorations] CAPPING events from decorations provider vscode.git 431
2023-09-20 13:09:41.358 [warning] [Decorations] CAPPING events from decorations provider vscode.git 431
2023-09-20 13:09:46.469 [warning] [Decorations] CAPPING events from decorations provider vscode.git 431
2023-09-20 13:09:51.525 [warning] [Decorations] CAPPING events from decorations provider vscode.git 431
2023-09-20 13:09:56.686 [warning] [Decorations] CAPPING events from decorations provider vscode.git 431
2023-09-20 13:10:01.733 [warning] [Decorations] CAPPING events from decorations provider vscode.git 431
2023-09-20 13:10:06.795 [warning] [Decorations] CAPPING events from decorations provider vscode.git 431
2023-09-20 13:10:11.885 [warning] [Decorations] CAPPING events from decorations provider vscode.git 431
2023-09-20 13:10:17.020 [warning] [Decorations] CAPPING events from decorations provider vscode.git 431
2023-09-20 13:10:22.097 [warning] [Decorations] CAPPING events from decorations provider vscode.git 432
2023-09-20 13:11:22.049 [warning] [Decorations] CAPPING events from decorations provider vscode.git 432
2023-09-20 13:11:27.152 [warning] [Decorations] CAPPING events from decorations provider vscode.git 432
2023-09-20 13:11:32.342 [warning] [Decorations] CAPPING events from decorations provider vscode.git 432
2023-09-20 13:11:37.470 [warning] [Decorations] CAPPING events from decorations provider vscode.git 432
2023-09-20 13:11:46.751 [warning] [Decorations] CAPPING events from decorations provider vscode.git 432
2023-09-20 13:11:51.979 [warning] [Decorations] CAPPING events from decorations provider vscode.git 433
2023-09-20 13:12:15.928 [warning] [Decorations] CAPPING events from decorations provider vscode.git 434
2023-09-20 13:12:21.228 [warning] [Decorations] CAPPING events from decorations provider vscode.git 433
2023-09-20 13:12:26.340 [warning] [Decorations] CAPPING events from decorations provider vscode.git 433
2023-09-20 13:12:55.566 [warning] [Decorations] CAPPING events from decorations provider vscode.git 434
2023-09-20 13:13:00.700 [warning] [Decorations] CAPPING events from decorations provider vscode.git 434
2023-09-20 13:13:05.764 [warning] [Decorations] CAPPING events from decorations provider vscode.git 434
2023-09-20 13:13:10.845 [warning] [Decorations] CAPPING events from decorations provider vscode.git 434
2023-09-20 13:13:15.947 [warning] [Decorations] CAPPING events from decorations provider vscode.git 435
2023-09-20 13:13:27.546 [warning] [Decorations] CAPPING events from decorations provider vscode.git 435
2023-09-20 13:13:32.643 [warning] [Decorations] CAPPING events from decorations provider vscode.git 435
2023-09-20 13:13:37.712 [warning] [Decorations] CAPPING events from decorations provider vscode.git 436
2023-09-20 13:13:42.793 [warning] [Decorations] CAPPING events from decorations provider vscode.git 436
2023-09-20 13:13:47.850 [warning] [Decorations] CAPPING events from decorations provider vscode.git 436
2023-09-20 13:13:52.959 [warning] [Decorations] CAPPING events from decorations provider vscode.git 436
2023-09-20 13:13:58.048 [warning] [Decorations] CAPPING events from decorations provider vscode.git 436
2023-09-20 13:14:03.384 [warning] [Decorations] CAPPING events from decorations provider vscode.git 436
2023-09-20 13:14:08.514 [warning] [Decorations] CAPPING events from decorations provider vscode.git 436
2023-09-20 13:14:23.765 [warning] [Decorations] CAPPING events from decorations provider vscode.git 437
2023-09-20 13:14:28.828 [warning] [Decorations] CAPPING events from decorations provider vscode.git 436
2023-09-20 13:14:34.069 [warning] [Decorations] CAPPING events from decorations provider vscode.git 436
2023-09-20 13:14:39.152 [warning] [Decorations] CAPPING events from decorations provider vscode.git 436
2023-09-20 13:14:44.224 [warning] [Decorations] CAPPING events from decorations provider vscode.git 436
2023-09-20 13:14:49.271 [warning] [Decorations] CAPPING events from decorations provider vscode.git 436
2023-09-20 13:14:54.352 [warning] [Decorations] CAPPING events from decorations provider vscode.git 436
2023-09-20 13:14:59.455 [warning] [Decorations] CAPPING events from decorations provider vscode.git 436
2023-09-20 13:15:04.568 [warning] [Decorations] CAPPING events from decorations provider vscode.git 436
2023-09-20 13:15:09.625 [warning] [Decorations] CAPPING events from decorations provider vscode.git 436
2023-09-20 13:15:14.715 [warning] [Decorations] CAPPING events from decorations provider vscode.git 436
2023-09-20 13:15:19.801 [warning] [Decorations] CAPPING events from decorations provider vscode.git 436
2023-09-20 13:15:24.918 [warning] [Decorations] CAPPING events from decorations provider vscode.git 436
2023-09-20 13:15:29.979 [warning] [Decorations] CAPPING events from decorations provider vscode.git 436
2023-09-20 13:15:35.062 [warning] [Decorations] CAPPING events from decorations provider vscode.git 436
2023-09-20 13:15:40.145 [warning] [Decorations] CAPPING events from decorations provider vscode.git 436
2023-09-20 13:15:45.243 [warning] [Decorations] CAPPING events from decorations provider vscode.git 436
2023-09-20 13:15:50.305 [warning] [Decorations] CAPPING events from decorations provider vscode.git 436
2023-09-20 13:15:55.379 [warning] [Decorations] CAPPING events from decorations provider vscode.git 436
2023-09-20 13:16:00.485 [warning] [Decorations] CAPPING events from decorations provider vscode.git 436
2023-09-20 13:16:05.568 [warning] [Decorations] CAPPING events from decorations provider vscode.git 436
2023-09-20 13:16:10.773 [warning] [Decorations] CAPPING events from decorations provider vscode.git 436
2023-09-20 13:16:15.859 [warning] [Decorations] CAPPING events from decorations provider vscode.git 436
2023-09-20 13:16:20.951 [warning] [Decorations] CAPPING events from decorations provider vscode.git 436
2023-09-20 13:16:25.992 [warning] [Decorations] CAPPING events from decorations provider vscode.git 436
2023-09-20 13:16:31.684 [warning] [Decorations] CAPPING events from decorations provider vscode.git 436
2023-09-20 13:16:36.791 [warning] [Decorations] CAPPING events from decorations provider vscode.git 436
2023-09-20 13:16:41.883 [warning] [Decorations] CAPPING events from decorations provider vscode.git 436
2023-09-20 13:16:47.917 [warning] [Decorations] CAPPING events from decorations provider vscode.git 436
2023-09-20 13:16:53.028 [warning] [Decorations] CAPPING events from decorations provider vscode.git 436
2023-09-20 13:16:58.095 [warning] [Decorations] CAPPING events from decorations provider vscode.git 436
2023-09-20 13:17:03.149 [warning] [Decorations] CAPPING events from decorations provider vscode.git 436
2023-09-20 13:17:08.223 [warning] [Decorations] CAPPING events from decorations provider vscode.git 436
2023-09-20 13:17:13.317 [warning] [Decorations] CAPPING events from decorations provider vscode.git 436
2023-09-20 13:17:18.403 [warning] [Decorations] CAPPING events from decorations provider vscode.git 436
2023-09-20 13:17:23.463 [warning] [Decorations] CAPPING events from decorations provider vscode.git 436
2023-09-20 13:17:28.589 [warning] [Decorations] CAPPING events from decorations provider vscode.git 436
2023-09-20 13:17:33.723 [warning] [Decorations] CAPPING events from decorations provider vscode.git 436
2023-09-20 13:17:38.792 [warning] [Decorations] CAPPING events from decorations provider vscode.git 436
2023-09-20 13:17:43.852 [warning] [Decorations] CAPPING events from decorations provider vscode.git 436
2023-09-20 13:17:48.905 [warning] [Decorations] CAPPING events from decorations provider vscode.git 436
2023-09-20 13:17:54.110 [warning] [Decorations] CAPPING events from decorations provider vscode.git 436
2023-09-20 13:17:59.163 [warning] [Decorations] CAPPING events from decorations provider vscode.git 436
2023-09-20 13:18:04.234 [warning] [Decorations] CAPPING events from decorations provider vscode.git 436
2023-09-20 13:18:09.290 [warning] [Decorations] CAPPING events from decorations provider vscode.git 436
2023-09-20 13:18:14.560 [warning] [Decorations] CAPPING events from decorations provider vscode.git 436
2023-09-20 13:18:19.710 [warning] [Decorations] CAPPING events from decorations provider vscode.git 436
2023-09-20 13:18:24.790 [warning] [Decorations] CAPPING events from decorations provider vscode.git 436
2023-09-20 13:18:29.875 [warning] [Decorations] CAPPING events from decorations provider vscode.git 436
2023-09-20 13:18:34.950 [warning] [Decorations] CAPPING events from decorations provider vscode.git 436
2023-09-20 13:18:40.034 [warning] [Decorations] CAPPING events from decorations provider vscode.git 436
2023-09-20 13:18:45.105 [warning] [Decorations] CAPPING events from decorations provider vscode.git 436
2023-09-20 13:18:50.156 [warning] [Decorations] CAPPING events from decorations provider vscode.git 436
2023-09-20 13:18:55.812 [warning] [Decorations] CAPPING events from decorations provider vscode.git 436
2023-09-20 13:19:00.899 [warning] [Decorations] CAPPING events from decorations provider vscode.git 436
2023-09-20 13:19:06.029 [warning] [Decorations] CAPPING events from decorations provider vscode.git 436
2023-09-20 13:19:11.080 [warning] [Decorations] CAPPING events from decorations provider vscode.git 436
2023-09-20 13:19:16.159 [warning] [Decorations] CAPPING events from decorations provider vscode.git 436
2023-09-20 13:19:21.249 [warning] [Decorations] CAPPING events from decorations provider vscode.git 436
2023-09-20 13:19:26.622 [warning] [Decorations] CAPPING events from decorations provider vscode.git 436
2023-09-20 13:19:31.743 [warning] [Decorations] CAPPING events from decorations provider vscode.git 436
2023-09-20 13:19:36.811 [warning] [Decorations] CAPPING events from decorations provider vscode.git 436
2023-09-20 13:19:41.929 [warning] [Decorations] CAPPING events from decorations provider vscode.git 436
2023-09-20 13:19:47.001 [warning] [Decorations] CAPPING events from decorations provider vscode.git 436
2023-09-20 13:19:52.063 [warning] [Decorations] CAPPING events from decorations provider vscode.git 436
2023-09-20 13:19:57.134 [warning] [Decorations] CAPPING events from decorations provider vscode.git 436
2023-09-20 13:20:02.232 [warning] [Decorations] CAPPING events from decorations provider vscode.git 436
2023-09-20 13:20:07.405 [warning] [Decorations] CAPPING events from decorations provider vscode.git 436
2023-09-20 13:20:12.459 [warning] [Decorations] CAPPING events from decorations provider vscode.git 436
2023-09-20 13:20:17.556 [warning] [Decorations] CAPPING events from decorations provider vscode.git 436
2023-09-20 13:20:22.647 [warning] [Decorations] CAPPING events from decorations provider vscode.git 436
2023-09-20 13:20:27.738 [warning] [Decorations] CAPPING events from decorations provider vscode.git 436
2023-09-20 13:20:32.784 [warning] [Decorations] CAPPING events from decorations provider vscode.git 436
2023-09-20 13:20:37.884 [warning] [Decorations] CAPPING events from decorations provider vscode.git 436
2023-09-20 13:20:42.977 [warning] [Decorations] CAPPING events from decorations provider vscode.git 436
2023-09-20 13:20:48.053 [warning] [Decorations] CAPPING events from decorations provider vscode.git 436
2023-09-20 13:20:53.117 [warning] [Decorations] CAPPING events from decorations provider vscode.git 436
2023-09-20 13:20:58.162 [warning] [Decorations] CAPPING events from decorations provider vscode.git 436
2023-09-20 13:21:03.239 [warning] [Decorations] CAPPING events from decorations provider vscode.git 436
2023-09-20 13:21:08.363 [warning] [Decorations] CAPPING events from decorations provider vscode.git 436
2023-09-20 13:21:13.429 [warning] [Decorations] CAPPING events from decorations provider vscode.git 436
2023-09-20 13:21:18.565 [warning] [Decorations] CAPPING events from decorations provider vscode.git 436
2023-09-20 13:21:23.857 [warning] [Decorations] CAPPING events from decorations provider vscode.git 436
2023-09-20 13:21:28.900 [warning] [Decorations] CAPPING events from decorations provider vscode.git 436
2023-09-20 13:21:34.305 [warning] [Decorations] CAPPING events from decorations provider vscode.git 436
2023-09-20 13:21:39.350 [warning] [Decorations] CAPPING events from decorations provider vscode.git 436
2023-09-20 13:21:44.457 [warning] [Decorations] CAPPING events from decorations provider vscode.git 436
2023-09-20 13:21:49.519 [warning] [Decorations] CAPPING events from decorations provider vscode.git 436
2023-09-20 13:21:54.588 [warning] [Decorations] CAPPING events from decorations provider vscode.git 436
2023-09-20 13:21:59.684 [warning] [Decorations] CAPPING events from decorations provider vscode.git 436
2023-09-20 13:22:04.738 [warning] [Decorations] CAPPING events from decorations provider vscode.git 436
2023-09-20 13:22:09.835 [warning] [Decorations] CAPPING events from decorations provider vscode.git 436
2023-09-20 13:22:14.930 [warning] [Decorations] CAPPING events from decorations provider vscode.git 436
2023-09-20 13:22:19.989 [warning] [Decorations] CAPPING events from decorations provider vscode.git 436
2023-09-20 13:22:25.726 [warning] [Decorations] CAPPING events from decorations provider vscode.git 436
2023-09-20 13:22:30.834 [warning] [Decorations] CAPPING events from decorations provider vscode.git 436
2023-09-20 13:22:35.903 [warning] [Decorations] CAPPING events from decorations provider vscode.git 436
2023-09-20 13:22:40.974 [warning] [Decorations] CAPPING events from decorations provider vscode.git 436
2023-09-20 13:22:46.027 [warning] [Decorations] CAPPING events from decorations provider vscode.git 436
2023-09-20 13:22:51.097 [warning] [Decorations] CAPPING events from decorations provider vscode.git 437
2023-09-20 13:22:56.181 [warning] [Decorations] CAPPING events from decorations provider vscode.git 437
2023-09-20 13:23:01.300 [warning] [Decorations] CAPPING events from decorations provider vscode.git 437
2023-09-20 13:23:06.353 [warning] [Decorations] CAPPING events from decorations provider vscode.git 437
2023-09-20 13:23:11.406 [warning] [Decorations] CAPPING events from decorations provider vscode.git 437
2023-09-20 13:23:16.483 [warning] [Decorations] CAPPING events from decorations provider vscode.git 437
2023-09-20 13:23:21.552 [warning] [Decorations] CAPPING events from decorations provider vscode.git 437
2023-09-20 13:23:26.615 [warning] [Decorations] CAPPING events from decorations provider vscode.git 437
2023-09-20 13:23:31.769 [warning] [Decorations] CAPPING events from decorations provider vscode.git 437
2023-09-20 13:23:36.870 [warning] [Decorations] CAPPING events from decorations provider vscode.git 437
2023-09-20 13:23:41.996 [warning] [Decorations] CAPPING events from decorations provider vscode.git 437
2023-09-20 13:23:47.107 [warning] [Decorations] CAPPING events from decorations provider vscode.git 437
2023-09-20 13:23:52.154 [warning] [Decorations] CAPPING events from decorations provider vscode.git 437
2023-09-20 13:23:57.205 [warning] [Decorations] CAPPING events from decorations provider vscode.git 437
2023-09-20 13:24:02.260 [warning] [Decorations] CAPPING events from decorations provider vscode.git 437
2023-09-20 13:24:07.392 [warning] [Decorations] CAPPING events from decorations provider vscode.git 437
2023-09-20 13:24:12.444 [warning] [Decorations] CAPPING events from decorations provider vscode.git 437
2023-09-20 13:24:17.498 [warning] [Decorations] CAPPING events from decorations provider vscode.git 437
2023-09-20 13:24:22.573 [warning] [Decorations] CAPPING events from decorations provider vscode.git 437
2023-09-20 13:24:27.630 [warning] [Decorations] CAPPING events from decorations provider vscode.git 437
2023-09-20 13:24:32.679 [warning] [Decorations] CAPPING events from decorations provider vscode.git 437
2023-09-20 13:24:37.742 [warning] [Decorations] CAPPING events from decorations provider vscode.git 437
2023-09-20 13:24:42.780 [warning] [Decorations] CAPPING events from decorations provider vscode.git 437
2023-09-20 13:24:47.832 [warning] [Decorations] CAPPING events from decorations provider vscode.git 437
2023-09-20 13:24:52.893 [warning] [Decorations] CAPPING events from decorations provider vscode.git 437
2023-09-20 13:24:57.949 [warning] [Decorations] CAPPING events from decorations provider vscode.git 437
2023-09-20 13:25:02.998 [warning] [Decorations] CAPPING events from decorations provider vscode.git 437
2023-09-20 13:25:08.043 [warning] [Decorations] CAPPING events from decorations provider vscode.git 437
2023-09-20 13:25:13.096 [warning] [Decorations] CAPPING events from decorations provider vscode.git 437
2023-09-20 13:25:18.175 [warning] [Decorations] CAPPING events from decorations provider vscode.git 437
2023-09-20 13:25:23.221 [warning] [Decorations] CAPPING events from decorations provider vscode.git 437
2023-09-20 13:25:28.288 [warning] [Decorations] CAPPING events from decorations provider vscode.git 437
2023-09-20 13:25:33.383 [warning] [Decorations] CAPPING events from decorations provider vscode.git 437
2023-09-20 13:25:38.461 [warning] [Decorations] CAPPING events from decorations provider vscode.git 437
2023-09-20 13:25:43.523 [warning] [Decorations] CAPPING events from decorations provider vscode.git 438
2023-09-20 13:25:48.584 [warning] [Decorations] CAPPING events from decorations provider vscode.git 437
2023-09-20 13:25:53.651 [warning] [Decorations] CAPPING events from decorations provider vscode.git 437
2023-09-20 13:25:58.717 [warning] [Decorations] CAPPING events from decorations provider vscode.git 437
2023-09-20 13:26:03.767 [warning] [Decorations] CAPPING events from decorations provider vscode.git 437
2023-09-20 13:26:08.845 [warning] [Decorations] CAPPING events from decorations provider vscode.git 437
2023-09-20 13:26:13.947 [warning] [Decorations] CAPPING events from decorations provider vscode.git 437
2023-09-20 13:26:19.014 [warning] [Decorations] CAPPING events from decorations provider vscode.git 437
2023-09-20 13:26:24.084 [warning] [Decorations] CAPPING events from decorations provider vscode.git 437
2023-09-20 13:26:29.243 [warning] [Decorations] CAPPING events from decorations provider vscode.git 437
2023-09-20 13:26:34.306 [warning] [Decorations] CAPPING events from decorations provider vscode.git 437
2023-09-20 13:26:39.361 [warning] [Decorations] CAPPING events from decorations provider vscode.git 437
2023-09-20 13:26:44.554 [warning] [Decorations] CAPPING events from decorations provider vscode.git 437
2023-09-20 13:26:49.701 [warning] [Decorations] CAPPING events from decorations provider vscode.git 437
2023-09-20 13:26:54.777 [warning] [Decorations] CAPPING events from decorations provider vscode.git 437
2023-09-20 13:26:59.963 [warning] [Decorations] CAPPING events from decorations provider vscode.git 437
2023-09-20 13:27:05.385 [warning] [Decorations] CAPPING events from decorations provider vscode.git 437
2023-09-20 13:27:10.526 [warning] [Decorations] CAPPING events from decorations provider vscode.git 437
2023-09-20 13:27:15.595 [warning] [Decorations] CAPPING events from decorations provider vscode.git 437
2023-09-20 13:27:20.664 [warning] [Decorations] CAPPING events from decorations provider vscode.git 437
2023-09-20 13:27:25.763 [warning] [Decorations] CAPPING events from decorations provider vscode.git 437
2023-09-20 13:27:30.813 [warning] [Decorations] CAPPING events from decorations provider vscode.git 437
2023-09-20 13:27:35.863 [warning] [Decorations] CAPPING events from decorations provider vscode.git 437
2023-09-20 13:27:40.952 [warning] [Decorations] CAPPING events from decorations provider vscode.git 437
2023-09-20 13:27:46.196 [warning] [Decorations] CAPPING events from decorations provider vscode.git 437
2023-09-20 13:27:51.260 [warning] [Decorations] CAPPING events from decorations provider vscode.git 437
2023-09-20 13:27:56.454 [warning] [Decorations] CAPPING events from decorations provider vscode.git 437
2023-09-20 13:28:01.521 [warning] [Decorations] CAPPING events from decorations provider vscode.git 437
2023-09-20 13:28:06.597 [warning] [Decorations] CAPPING events from decorations provider vscode.git 437
2023-09-20 13:28:11.656 [warning] [Decorations] CAPPING events from decorations provider vscode.git 437
2023-09-20 13:28:16.708 [warning] [Decorations] CAPPING events from decorations provider vscode.git 437
2023-09-20 13:28:21.784 [warning] [Decorations] CAPPING events from decorations provider vscode.git 437
2023-09-20 13:28:26.821 [warning] [Decorations] CAPPING events from decorations provider vscode.git 437
2023-09-20 13:28:31.947 [warning] [Decorations] CAPPING events from decorations provider vscode.git 437
2023-09-20 13:28:37.072 [warning] [Decorations] CAPPING events from decorations provider vscode.git 438
2023-09-20 13:28:42.212 [warning] [Decorations] CAPPING events from decorations provider vscode.git 438
2023-09-20 13:28:47.444 [warning] [Decorations] CAPPING events from decorations provider vscode.git 438
2023-09-20 13:28:52.513 [warning] [Decorations] CAPPING events from decorations provider vscode.git 439
2023-09-20 13:28:57.566 [warning] [Decorations] CAPPING events from decorations provider vscode.git 438
2023-09-20 13:29:02.635 [warning] [Decorations] CAPPING events from decorations provider vscode.git 439
2023-09-20 13:29:07.749 [warning] [Decorations] CAPPING events from decorations provider vscode.git 440
2023-09-20 13:29:12.818 [warning] [Decorations] CAPPING events from decorations provider vscode.git 439
2023-09-20 13:29:26.010 [warning] [Decorations] CAPPING events from decorations provider vscode.git 439
2023-09-20 13:29:31.077 [warning] [Decorations] CAPPING events from decorations provider vscode.git 439
2023-09-20 13:29:36.253 [warning] [Decorations] CAPPING events from decorations provider vscode.git 439
2023-09-20 13:29:41.346 [warning] [Decorations] CAPPING events from decorations provider vscode.git 439
2023-09-20 13:29:46.564 [warning] [Decorations] CAPPING events from decorations provider vscode.git 439
2023-09-20 13:29:51.678 [warning] [Decorations] CAPPING events from decorations provider vscode.git 439
2023-09-20 13:29:56.829 [warning] [Decorations] CAPPING events from decorations provider vscode.git 439
2023-09-20 13:30:02.033 [warning] [Decorations] CAPPING events from decorations provider vscode.git 439
2023-09-20 13:30:11.204 [warning] [Decorations] CAPPING events from decorations provider vscode.git 439
2023-09-20 13:30:16.376 [warning] [Decorations] CAPPING events from decorations provider vscode.git 439
2023-09-20 13:30:21.650 [warning] [Decorations] CAPPING events from decorations provider vscode.git 440
2023-09-20 13:30:26.842 [warning] [Decorations] CAPPING events from decorations provider vscode.git 440
2023-09-20 13:30:31.932 [warning] [Decorations] CAPPING events from decorations provider vscode.git 440
2023-09-20 13:30:37.030 [warning] [Decorations] CAPPING events from decorations provider vscode.git 440
2023-09-20 13:30:42.154 [warning] [Decorations] CAPPING events from decorations provider vscode.git 440
2023-09-20 13:30:47.310 [warning] [Decorations] CAPPING events from decorations provider vscode.git 440
2023-09-20 13:30:52.465 [warning] [Decorations] CAPPING events from decorations provider vscode.git 440
2023-09-20 13:30:57.618 [warning] [Decorations] CAPPING events from decorations provider vscode.git 440
2023-09-20 13:31:02.807 [warning] [Decorations] CAPPING events from decorations provider vscode.git 440
2023-09-20 13:31:08.025 [warning] [Decorations] CAPPING events from decorations provider vscode.git 440
2023-09-20 13:31:13.073 [warning] [Decorations] CAPPING events from decorations provider vscode.git 440
2023-09-20 13:31:18.300 [warning] [Decorations] CAPPING events from decorations provider vscode.git 440
2023-09-20 13:31:23.448 [warning] [Decorations] CAPPING events from decorations provider vscode.git 440
2023-09-20 13:31:28.567 [warning] [Decorations] CAPPING events from decorations provider vscode.git 440
2023-09-20 13:31:33.727 [warning] [Decorations] CAPPING events from decorations provider vscode.git 440
2023-09-20 13:31:38.924 [warning] [Decorations] CAPPING events from decorations provider vscode.git 440
2023-09-20 13:31:43.998 [warning] [Decorations] CAPPING events from decorations provider vscode.git 440
2023-09-20 13:31:49.353 [warning] [Decorations] CAPPING events from decorations provider vscode.git 440
2023-09-20 13:31:54.759 [warning] [Decorations] CAPPING events from decorations provider vscode.git 440
2023-09-20 13:31:59.907 [warning] [Decorations] CAPPING events from decorations provider vscode.git 440
2023-09-20 13:32:05.186 [warning] [Decorations] CAPPING events from decorations provider vscode.git 440
2023-09-20 13:32:10.393 [warning] [Decorations] CAPPING events from decorations provider vscode.git 440
2023-09-20 13:32:16.774 [warning] [Decorations] CAPPING events from decorations provider vscode.git 440
2023-09-20 13:32:21.869 [warning] [Decorations] CAPPING events from decorations provider vscode.git 440
2023-09-20 13:32:27.739 [warning] [Decorations] CAPPING events from decorations provider vscode.git 440
2023-09-20 13:33:56.207 [warning] [Decorations] CAPPING events from decorations provider vscode.git 440
