2023-09-20 13:39:00.945 [info] Extension host with pid 3049 started
2023-09-20 13:39:00.945 [info] Skipping acquiring lock for /home/user/webpages_tech/lab03-201/~/.vscode-root/User/workspaceStorage/9f665e3f3c5af0c9e38d5b43a43c55cb.
2023-09-20 13:39:01.276 [info] ExtensionService#_doActivateExtension vscode.typescript-language-features, startup: false, activationEvent: 'onLanguage:javascript'
2023-09-20 13:39:01.420 [info] ExtensionService#_doActivateExtension ms-edgedevtools.vscode-edge-devtools, startup: false, activationEvent: 'onLanguage:javascript'
2023-09-20 13:39:01.674 [info] ExtensionService#_doActivateExtension vscode.emmet, startup: false, activationEvent: 'onLanguage'
2023-09-20 13:39:02.858 [info] ExtensionService#_doActivateExtension vscode.git-base, startup: true, activationEvent: '*', root cause: vscode.git
2023-09-20 13:39:02.862 [info] ExtensionService#_doActivateExtension oderwat.indent-rainbow, startup: true, activationEvent: '*'
2023-09-20 13:39:03.392 [info] ExtensionService#_doActivateExtension vscode.git, startup: true, activationEvent: '*'
2023-09-20 13:39:03.669 [info] ExtensionService#_doActivateExtension vscode.github, startup: true, activationEvent: '*'
2023-09-20 13:39:04.545 [info] Eager extensions activated
2023-09-20 13:39:05.034 [warning] [Decorations] CAPPING events from decorations provider vscode.git 455
2023-09-20 13:39:05.872 [warning] [Decorations] CAPPING events from decorations provider vscode.git 456
2023-09-20 13:39:06.251 [info] ExtensionService#_doActivateExtension vscode.debug-auto-launch, startup: false, activationEvent: 'onStartupFinished'
2023-09-20 13:39:06.275 [info] ExtensionService#_doActivateExtension vscode.merge-conflict, startup: false, activationEvent: 'onStartupFinished'
2023-09-20 13:39:06.331 [info] ExtensionService#_doActivateExtension aaron-bond.better-comments, startup: false, activationEvent: 'onStartupFinished'
2023-09-20 13:39:06.562 [info] ExtensionService#_doActivateExtension esbenp.prettier-vscode, startup: false, activationEvent: 'onStartupFinished'
2023-09-20 13:39:06.812 [info] ExtensionService#_doActivateExtension ritwickdey.LiveServer, startup: false, activationEvent: 'onStartupFinished'
2023-09-20 13:39:06.840 [info] ExtensionService#_doActivateExtension usernamehw.errorlens, startup: false, activationEvent: 'onStartupFinished'
2023-09-20 13:39:06.845 [info] ExtensionService#_doActivateExtension vscode-icons-team.vscode-icons, startup: false, activationEvent: 'onStartupFinished'
2023-09-20 13:39:07.875 [info] ExtensionService#_doActivateExtension vscode.github-authentication, startup: false, activationEvent: 'onAuthenticationRequest:github'
2023-09-20 13:39:10.289 [info] ExtensionService#_doActivateExtension vscode.microsoft-authentication, startup: false, activationEvent: 'onAuthenticationRequest:microsoft'
2023-09-20 13:39:12.643 [warning] [Decorations] CAPPING events from decorations provider vscode.git 465
2023-09-20 13:39:17.683 [warning] [Decorations] CAPPING events from decorations provider vscode.git 464
2023-09-20 13:39:22.743 [warning] [Decorations] CAPPING events from decorations provider vscode.git 465
2023-09-20 13:39:27.801 [warning] [Decorations] CAPPING events from decorations provider vscode.git 465
2023-09-20 13:39:32.863 [warning] [Decorations] CAPPING events from decorations provider vscode.git 465
2023-09-20 13:39:37.902 [warning] [Decorations] CAPPING events from decorations provider vscode.git 466
2023-09-20 13:39:42.965 [warning] [Decorations] CAPPING events from decorations provider vscode.git 465
2023-09-20 13:39:48.028 [warning] [Decorations] CAPPING events from decorations provider vscode.git 465
2023-09-20 13:39:53.073 [warning] [Decorations] CAPPING events from decorations provider vscode.git 466
2023-09-20 13:39:58.138 [warning] [Decorations] CAPPING events from decorations provider vscode.git 467
2023-09-20 13:40:03.238 [warning] [Decorations] CAPPING events from decorations provider vscode.git 466
2023-09-20 13:40:08.287 [warning] [Decorations] CAPPING events from decorations provider vscode.git 466
2023-09-20 13:40:13.341 [warning] [Decorations] CAPPING events from decorations provider vscode.git 469
2023-09-20 13:40:53.348 [warning] [Decorations] CAPPING events from decorations provider vscode.git 466
2023-09-20 13:40:58.469 [warning] [Decorations] CAPPING events from decorations provider vscode.git 466
2023-09-20 13:41:04.146 [warning] [Decorations] CAPPING events from decorations provider vscode.git 466
2023-09-20 13:41:09.719 [warning] [Decorations] CAPPING events from decorations provider vscode.git 466
2023-09-20 13:41:14.865 [warning] [Decorations] CAPPING events from decorations provider vscode.git 466
2023-09-20 13:41:19.937 [warning] [Decorations] CAPPING events from decorations provider vscode.git 466
2023-09-20 13:41:24.994 [warning] [Decorations] CAPPING events from decorations provider vscode.git 466
2023-09-20 13:41:30.065 [warning] [Decorations] CAPPING events from decorations provider vscode.git 466
2023-09-20 13:41:35.146 [warning] [Decorations] CAPPING events from decorations provider vscode.git 466
2023-09-20 13:41:40.329 [warning] [Decorations] CAPPING events from decorations provider vscode.git 466
2023-09-20 13:41:59.357 [warning] [Decorations] CAPPING events from decorations provider vscode.git 466
2023-09-20 13:42:04.429 [warning] [Decorations] CAPPING events from decorations provider vscode.git 466
2023-09-20 13:42:09.467 [warning] [Decorations] CAPPING events from decorations provider vscode.git 466
2023-09-20 13:42:14.510 [warning] [Decorations] CAPPING events from decorations provider vscode.git 466
2023-09-20 13:42:19.621 [warning] [Decorations] CAPPING events from decorations provider vscode.git 466
2023-09-20 13:42:24.731 [warning] [Decorations] CAPPING events from decorations provider vscode.git 466
2023-09-20 13:42:29.775 [warning] [Decorations] CAPPING events from decorations provider vscode.git 466
2023-09-20 13:42:34.823 [warning] [Decorations] CAPPING events from decorations provider vscode.git 467
2023-09-20 13:42:39.884 [warning] [Decorations] CAPPING events from decorations provider vscode.git 468
2023-09-20 13:42:44.998 [warning] [Decorations] CAPPING events from decorations provider vscode.git 467
2023-09-20 13:42:50.061 [warning] [Decorations] CAPPING events from decorations provider vscode.git 467
2023-09-20 13:42:55.339 [warning] [Decorations] CAPPING events from decorations provider vscode.git 467
2023-09-20 13:43:00.378 [warning] [Decorations] CAPPING events from decorations provider vscode.git 467
2023-09-20 13:43:05.459 [warning] [Decorations] CAPPING events from decorations provider vscode.git 467
2023-09-20 13:43:10.521 [warning] [Decorations] CAPPING events from decorations provider vscode.git 467
2023-09-20 13:43:15.634 [warning] [Decorations] CAPPING events from decorations provider vscode.git 468
2023-09-20 13:43:20.726 [warning] [Decorations] CAPPING events from decorations provider vscode.git 468
2023-09-20 13:43:25.842 [warning] [Decorations] CAPPING events from decorations provider vscode.git 468
2023-09-20 13:43:30.907 [warning] [Decorations] CAPPING events from decorations provider vscode.git 469
2023-09-20 13:43:35.963 [warning] [Decorations] CAPPING events from decorations provider vscode.git 468
2023-09-20 13:43:41.016 [warning] [Decorations] CAPPING events from decorations provider vscode.git 468
2023-09-20 13:44:09.980 [warning] [Decorations] CAPPING events from decorations provider vscode.git 469
2023-09-20 13:44:15.026 [warning] [Decorations] CAPPING events from decorations provider vscode.git 469
2023-09-20 13:44:20.098 [warning] [Decorations] CAPPING events from decorations provider vscode.git 470
2023-09-20 13:44:25.198 [warning] [Decorations] CAPPING events from decorations provider vscode.git 470
2023-09-20 13:44:30.311 [warning] [Decorations] CAPPING events from decorations provider vscode.git 470
2023-09-20 13:44:35.379 [warning] [Decorations] CAPPING events from decorations provider vscode.git 470
2023-09-20 13:44:40.447 [warning] [Decorations] CAPPING events from decorations provider vscode.git 470
2023-09-20 13:44:45.539 [warning] [Decorations] CAPPING events from decorations provider vscode.git 470
2023-09-20 13:44:50.611 [warning] [Decorations] CAPPING events from decorations provider vscode.git 470
2023-09-20 13:44:55.717 [warning] [Decorations] CAPPING events from decorations provider vscode.git 470
2023-09-20 13:45:00.847 [warning] [Decorations] CAPPING events from decorations provider vscode.git 470
2023-09-20 13:45:06.182 [warning] [Decorations] CAPPING events from decorations provider vscode.git 470
2023-09-20 13:45:11.253 [warning] [Decorations] CAPPING events from decorations provider vscode.git 470
2023-09-20 13:45:16.374 [warning] [Decorations] CAPPING events from decorations provider vscode.git 470
2023-09-20 13:45:38.753 [warning] [Decorations] CAPPING events from decorations provider vscode.git 471
2023-09-20 13:45:43.807 [warning] [Decorations] CAPPING events from decorations provider vscode.git 470
2023-09-20 13:46:31.430 [warning] [Decorations] CAPPING events from decorations provider vscode.git 470
2023-09-20 13:46:36.476 [warning] [Decorations] CAPPING events from decorations provider vscode.git 470
2023-09-20 13:46:41.535 [warning] [Decorations] CAPPING events from decorations provider vscode.git 470
2023-09-20 13:46:46.609 [warning] [Decorations] CAPPING events from decorations provider vscode.git 470
2023-09-20 13:46:51.663 [warning] [Decorations] CAPPING events from decorations provider vscode.git 471
2023-09-20 13:46:56.726 [warning] [Decorations] CAPPING events from decorations provider vscode.git 471
2023-09-20 13:47:01.780 [warning] [Decorations] CAPPING events from decorations provider vscode.git 471
2023-09-20 13:47:07.068 [warning] [Decorations] CAPPING events from decorations provider vscode.git 471
2023-09-20 13:47:12.171 [warning] [Decorations] CAPPING events from decorations provider vscode.git 471
2023-09-20 13:47:17.226 [warning] [Decorations] CAPPING events from decorations provider vscode.git 471
2023-09-20 13:47:22.290 [warning] [Decorations] CAPPING events from decorations provider vscode.git 471
2023-09-20 13:47:27.387 [warning] [Decorations] CAPPING events from decorations provider vscode.git 471
2023-09-20 13:48:03.613 [warning] [Decorations] CAPPING events from decorations provider vscode.git 472
2023-09-20 13:48:08.692 [warning] [Decorations] CAPPING events from decorations provider vscode.git 471
2023-09-20 13:48:13.758 [warning] [Decorations] CAPPING events from decorations provider vscode.git 471
2023-09-20 13:48:18.790 [warning] [Decorations] CAPPING events from decorations provider vscode.git 471
2023-09-20 13:48:23.842 [warning] [Decorations] CAPPING events from decorations provider vscode.git 471
2023-09-20 13:48:28.975 [warning] [Decorations] CAPPING events from decorations provider vscode.git 471
2023-09-20 13:48:34.048 [warning] [Decorations] CAPPING events from decorations provider vscode.git 471
2023-09-20 13:48:39.141 [warning] [Decorations] CAPPING events from decorations provider vscode.git 472
2023-09-20 13:48:44.193 [warning] [Decorations] CAPPING events from decorations provider vscode.git 472
2023-09-20 13:48:49.264 [warning] [Decorations] CAPPING events from decorations provider vscode.git 472
2023-09-20 13:48:54.303 [warning] [Decorations] CAPPING events from decorations provider vscode.git 472
2023-09-20 13:48:59.347 [warning] [Decorations] CAPPING events from decorations provider vscode.git 472
2023-09-20 13:49:04.380 [warning] [Decorations] CAPPING events from decorations provider vscode.git 472
2023-09-20 13:49:09.469 [warning] [Decorations] CAPPING events from decorations provider vscode.git 472
2023-09-20 13:49:22.090 [warning] [Decorations] CAPPING events from decorations provider vscode.git 473
2023-09-20 13:49:27.217 [warning] [Decorations] CAPPING events from decorations provider vscode.git 472
2023-09-20 13:49:32.271 [warning] [Decorations] CAPPING events from decorations provider vscode.git 472
2023-09-20 13:49:37.318 [warning] [Decorations] CAPPING events from decorations provider vscode.git 472
2023-09-20 13:49:42.367 [warning] [Decorations] CAPPING events from decorations provider vscode.git 472
2023-09-20 13:49:58.898 [warning] [Decorations] CAPPING events from decorations provider vscode.git 472
2023-09-20 13:50:04.021 [warning] [Decorations] CAPPING events from decorations provider vscode.git 472
2023-09-20 13:50:09.062 [warning] [Decorations] CAPPING events from decorations provider vscode.git 472
2023-09-20 13:50:14.114 [warning] [Decorations] CAPPING events from decorations provider vscode.git 472
2023-09-20 13:50:19.154 [warning] [Decorations] CAPPING events from decorations provider vscode.git 472
2023-09-20 13:50:24.208 [warning] [Decorations] CAPPING events from decorations provider vscode.git 472
2023-09-20 13:50:29.271 [warning] [Decorations] CAPPING events from decorations provider vscode.git 473
2023-09-20 13:50:34.328 [warning] [Decorations] CAPPING events from decorations provider vscode.git 473
2023-09-20 13:50:39.367 [warning] [Decorations] CAPPING events from decorations provider vscode.git 473
2023-09-20 13:50:44.424 [warning] [Decorations] CAPPING events from decorations provider vscode.git 473
2023-09-20 13:50:49.494 [warning] [Decorations] CAPPING events from decorations provider vscode.git 473
2023-09-20 13:51:19.262 [warning] [Decorations] CAPPING events from decorations provider vscode.git 474
2023-09-20 13:51:24.354 [warning] [Decorations] CAPPING events from decorations provider vscode.git 473
2023-09-20 13:51:29.389 [warning] [Decorations] CAPPING events from decorations provider vscode.git 474
2023-09-20 13:51:34.491 [warning] [Decorations] CAPPING events from decorations provider vscode.git 474
2023-09-20 13:51:39.711 [warning] [Decorations] CAPPING events from decorations provider vscode.git 474
2023-09-20 13:51:44.788 [warning] [Decorations] CAPPING events from decorations provider vscode.git 474
2023-09-20 13:51:49.849 [warning] [Decorations] CAPPING events from decorations provider vscode.git 474
2023-09-20 13:51:54.939 [warning] [Decorations] CAPPING events from decorations provider vscode.git 474
2023-09-20 13:52:14.668 [warning] [Decorations] CAPPING events from decorations provider vscode.git 475
2023-09-20 13:52:19.755 [warning] [Decorations] CAPPING events from decorations provider vscode.git 474
2023-09-20 13:52:24.863 [warning] [Decorations] CAPPING events from decorations provider vscode.git 474
2023-09-20 13:52:29.915 [warning] [Decorations] CAPPING events from decorations provider vscode.git 475
2023-09-20 13:52:44.066 [warning] [Decorations] CAPPING events from decorations provider vscode.git 475
2023-09-20 13:52:49.150 [warning] [Decorations] CAPPING events from decorations provider vscode.git 476
2023-09-20 13:52:54.195 [warning] [Decorations] CAPPING events from decorations provider vscode.git 477
2023-09-20 13:53:10.136 [warning] [Decorations] CAPPING events from decorations provider vscode.git 476
2023-09-20 13:53:15.173 [warning] [Decorations] CAPPING events from decorations provider vscode.git 476
2023-09-20 13:53:20.219 [warning] [Decorations] CAPPING events from decorations provider vscode.git 476
2023-09-20 13:53:25.263 [warning] [Decorations] CAPPING events from decorations provider vscode.git 477
2023-09-20 13:53:30.321 [warning] [Decorations] CAPPING events from decorations provider vscode.git 477
2023-09-20 13:53:35.364 [warning] [Decorations] CAPPING events from decorations provider vscode.git 477
2023-09-20 13:53:40.407 [warning] [Decorations] CAPPING events from decorations provider vscode.git 477
2023-09-20 13:53:45.449 [warning] [Decorations] CAPPING events from decorations provider vscode.git 477
2023-09-20 13:53:50.525 [warning] [Decorations] CAPPING events from decorations provider vscode.git 477
2023-09-20 13:53:55.581 [warning] [Decorations] CAPPING events from decorations provider vscode.git 477
2023-09-20 13:54:00.627 [warning] [Decorations] CAPPING events from decorations provider vscode.git 477
2023-09-20 13:54:05.669 [warning] [Decorations] CAPPING events from decorations provider vscode.git 477
2023-09-20 13:54:10.776 [warning] [Decorations] CAPPING events from decorations provider vscode.git 477
2023-09-20 13:54:15.836 [warning] [Decorations] CAPPING events from decorations provider vscode.git 477
2023-09-20 13:54:20.889 [warning] [Decorations] CAPPING events from decorations provider vscode.git 477
2023-09-20 13:54:25.926 [warning] [Decorations] CAPPING events from decorations provider vscode.git 477
2023-09-20 13:54:30.992 [warning] [Decorations] CAPPING events from decorations provider vscode.git 477
2023-09-20 13:54:36.065 [warning] [Decorations] CAPPING events from decorations provider vscode.git 477
2023-09-20 13:54:41.130 [warning] [Decorations] CAPPING events from decorations provider vscode.git 477
2023-09-20 13:54:46.188 [warning] [Decorations] CAPPING events from decorations provider vscode.git 477
2023-09-20 13:54:51.256 [warning] [Decorations] CAPPING events from decorations provider vscode.git 477
2023-09-20 13:54:56.304 [warning] [Decorations] CAPPING events from decorations provider vscode.git 477
2023-09-20 13:55:01.344 [warning] [Decorations] CAPPING events from decorations provider vscode.git 477
2023-09-20 13:55:06.419 [warning] [Decorations] CAPPING events from decorations provider vscode.git 477
2023-09-20 13:55:11.502 [warning] [Decorations] CAPPING events from decorations provider vscode.git 477
2023-09-20 13:55:16.541 [warning] [Decorations] CAPPING events from decorations provider vscode.git 477
2023-09-20 13:55:21.642 [warning] [Decorations] CAPPING events from decorations provider vscode.git 477
2023-09-20 13:55:26.677 [warning] [Decorations] CAPPING events from decorations provider vscode.git 477
2023-09-20 13:55:31.734 [warning] [Decorations] CAPPING events from decorations provider vscode.git 477
2023-09-20 13:55:36.780 [warning] [Decorations] CAPPING events from decorations provider vscode.git 477
2023-09-20 13:55:41.824 [warning] [Decorations] CAPPING events from decorations provider vscode.git 477
2023-09-20 13:55:46.887 [warning] [Decorations] CAPPING events from decorations provider vscode.git 477
2023-09-20 13:55:51.941 [warning] [Decorations] CAPPING events from decorations provider vscode.git 477
2023-09-20 13:55:56.995 [warning] [Decorations] CAPPING events from decorations provider vscode.git 477
2023-09-20 13:56:02.063 [warning] [Decorations] CAPPING events from decorations provider vscode.git 477
2023-09-20 13:56:07.102 [warning] [Decorations] CAPPING events from decorations provider vscode.git 477
2023-09-20 13:56:12.145 [warning] [Decorations] CAPPING events from decorations provider vscode.git 477
2023-09-20 13:56:17.183 [warning] [Decorations] CAPPING events from decorations provider vscode.git 477
2023-09-20 13:56:22.222 [warning] [Decorations] CAPPING events from decorations provider vscode.git 477
2023-09-20 13:56:27.284 [warning] [Decorations] CAPPING events from decorations provider vscode.git 477
2023-09-20 13:56:32.329 [warning] [Decorations] CAPPING events from decorations provider vscode.git 477
2023-09-20 13:56:37.396 [warning] [Decorations] CAPPING events from decorations provider vscode.git 477
2023-09-20 13:56:42.433 [warning] [Decorations] CAPPING events from decorations provider vscode.git 477
2023-09-20 13:56:47.481 [warning] [Decorations] CAPPING events from decorations provider vscode.git 477
2023-09-20 13:56:52.584 [warning] [Decorations] CAPPING events from decorations provider vscode.git 477
2023-09-20 13:56:57.658 [warning] [Decorations] CAPPING events from decorations provider vscode.git 477
2023-09-20 13:57:02.704 [warning] [Decorations] CAPPING events from decorations provider vscode.git 477
2023-09-20 13:57:07.773 [warning] [Decorations] CAPPING events from decorations provider vscode.git 478
2023-09-20 13:57:12.880 [warning] [Decorations] CAPPING events from decorations provider vscode.git 477
2023-09-20 13:57:17.945 [warning] [Decorations] CAPPING events from decorations provider vscode.git 477
2023-09-20 13:57:23.018 [warning] [Decorations] CAPPING events from decorations provider vscode.git 477
2023-09-20 13:57:28.099 [warning] [Decorations] CAPPING events from decorations provider vscode.git 477
2023-09-20 13:57:33.246 [warning] [Decorations] CAPPING events from decorations provider vscode.git 478
2023-09-20 13:57:38.313 [warning] [Decorations] CAPPING events from decorations provider vscode.git 478
2023-09-20 13:57:43.383 [warning] [Decorations] CAPPING events from decorations provider vscode.git 478
2023-09-20 13:57:48.446 [warning] [Decorations] CAPPING events from decorations provider vscode.git 478
2023-09-20 13:57:53.518 [warning] [Decorations] CAPPING events from decorations provider vscode.git 478
2023-09-20 13:57:58.626 [warning] [Decorations] CAPPING events from decorations provider vscode.git 478
2023-09-20 13:58:03.709 [warning] [Decorations] CAPPING events from decorations provider vscode.git 479
2023-09-20 13:58:08.800 [warning] [Decorations] CAPPING events from decorations provider vscode.git 478
2023-09-20 13:58:13.875 [warning] [Decorations] CAPPING events from decorations provider vscode.git 479
2023-09-20 13:58:18.957 [warning] [Decorations] CAPPING events from decorations provider vscode.git 479
2023-09-20 13:58:24.044 [warning] [Decorations] CAPPING events from decorations provider vscode.git 479
2023-09-20 13:58:29.114 [warning] [Decorations] CAPPING events from decorations provider vscode.git 479
2023-09-20 13:58:34.183 [warning] [Decorations] CAPPING events from decorations provider vscode.git 479
2023-09-20 13:58:39.256 [warning] [Decorations] CAPPING events from decorations provider vscode.git 479
2023-09-20 13:58:44.344 [warning] [Decorations] CAPPING events from decorations provider vscode.git 479
2023-09-20 13:58:49.422 [warning] [Decorations] CAPPING events from decorations provider vscode.git 479
2023-09-20 13:58:54.498 [warning] [Decorations] CAPPING events from decorations provider vscode.git 479
2023-09-20 13:58:59.592 [warning] [Decorations] CAPPING events from decorations provider vscode.git 479
2023-09-20 13:59:04.675 [warning] [Decorations] CAPPING events from decorations provider vscode.git 479
2023-09-20 13:59:09.750 [warning] [Decorations] CAPPING events from decorations provider vscode.git 479
2023-09-20 13:59:14.835 [warning] [Decorations] CAPPING events from decorations provider vscode.git 479
2023-09-20 13:59:19.903 [warning] [Decorations] CAPPING events from decorations provider vscode.git 479
2023-09-20 13:59:24.985 [warning] [Decorations] CAPPING events from decorations provider vscode.git 479
2023-09-20 13:59:30.048 [warning] [Decorations] CAPPING events from decorations provider vscode.git 479
2023-09-20 13:59:35.147 [warning] [Decorations] CAPPING events from decorations provider vscode.git 479
2023-09-20 13:59:40.200 [warning] [Decorations] CAPPING events from decorations provider vscode.git 479
2023-09-20 13:59:45.256 [warning] [Decorations] CAPPING events from decorations provider vscode.git 479
2023-09-20 13:59:50.336 [warning] [Decorations] CAPPING events from decorations provider vscode.git 479
2023-09-20 13:59:55.398 [warning] [Decorations] CAPPING events from decorations provider vscode.git 479
2023-09-20 14:00:00.473 [warning] [Decorations] CAPPING events from decorations provider vscode.git 479
2023-09-20 14:00:05.552 [warning] [Decorations] CAPPING events from decorations provider vscode.git 479
2023-09-20 14:00:10.738 [warning] [Decorations] CAPPING events from decorations provider vscode.git 479
2023-09-20 14:00:15.821 [warning] [Decorations] CAPPING events from decorations provider vscode.git 479
2023-09-20 14:00:20.918 [warning] [Decorations] CAPPING events from decorations provider vscode.git 479
2023-09-20 14:00:26.028 [warning] [Decorations] CAPPING events from decorations provider vscode.git 479
2023-09-20 14:00:31.100 [warning] [Decorations] CAPPING events from decorations provider vscode.git 479
2023-09-20 14:00:36.171 [warning] [Decorations] CAPPING events from decorations provider vscode.git 479
2023-09-20 14:00:41.228 [warning] [Decorations] CAPPING events from decorations provider vscode.git 479
2023-09-20 14:00:46.316 [warning] [Decorations] CAPPING events from decorations provider vscode.git 480
2023-09-20 14:01:00.594 [warning] [Decorations] CAPPING events from decorations provider vscode.git 479
2023-09-20 14:01:05.638 [warning] [Decorations] CAPPING events from decorations provider vscode.git 479
2023-09-20 14:01:10.691 [warning] [Decorations] CAPPING events from decorations provider vscode.git 480
2023-09-20 14:01:15.849 [warning] [Decorations] CAPPING events from decorations provider vscode.git 480
2023-09-20 14:01:27.413 [warning] [Decorations] CAPPING events from decorations provider vscode.git 481
2023-09-20 14:01:32.481 [warning] [Decorations] CAPPING events from decorations provider vscode.git 480
2023-09-20 14:01:36.267 [info] ExtensionService#_doActivateExtension vscode.html-language-features, startup: false, activationEvent: 'onLanguage:html'
2023-09-20 14:01:37.668 [warning] [Decorations] CAPPING events from decorations provider vscode.git 481
2023-09-20 14:01:42.790 [warning] [Decorations] CAPPING events from decorations provider vscode.git 481
2023-09-20 14:01:47.855 [warning] [Decorations] CAPPING events from decorations provider vscode.git 481
2023-09-20 14:01:52.908 [warning] [Decorations] CAPPING events from decorations provider vscode.git 482
2023-09-20 14:01:57.956 [warning] [Decorations] CAPPING events from decorations provider vscode.git 482
2023-09-20 14:02:02.999 [warning] [Decorations] CAPPING events from decorations provider vscode.git 482
2023-09-20 14:02:08.062 [warning] [Decorations] CAPPING events from decorations provider vscode.git 482
2023-09-20 14:02:13.136 [warning] [Decorations] CAPPING events from decorations provider vscode.git 482
2023-09-20 14:02:18.189 [warning] [Decorations] CAPPING events from decorations provider vscode.git 482
2023-09-20 14:02:23.250 [warning] [Decorations] CAPPING events from decorations provider vscode.git 483
2023-09-20 14:02:28.295 [warning] [Decorations] CAPPING events from decorations provider vscode.git 483
2023-09-20 14:02:33.347 [warning] [Decorations] CAPPING events from decorations provider vscode.git 483
2023-09-20 14:02:38.418 [warning] [Decorations] CAPPING events from decorations provider vscode.git 483
2023-09-20 14:02:43.508 [warning] [Decorations] CAPPING events from decorations provider vscode.git 483
2023-09-20 14:03:32.067 [warning] [Decorations] CAPPING events from decorations provider vscode.git 484
2023-09-20 14:03:37.114 [warning] [Decorations] CAPPING events from decorations provider vscode.git 483
2023-09-20 14:03:42.166 [warning] [Decorations] CAPPING events from decorations provider vscode.git 483
2023-09-20 14:03:47.229 [warning] [Decorations] CAPPING events from decorations provider vscode.git 484
2023-09-20 14:03:52.287 [warning] [Decorations] CAPPING events from decorations provider vscode.git 484
2023-09-20 14:03:57.364 [warning] [Decorations] CAPPING events from decorations provider vscode.git 484
2023-09-20 14:04:02.468 [warning] [Decorations] CAPPING events from decorations provider vscode.git 484
2023-09-20 14:04:07.543 [warning] [Decorations] CAPPING events from decorations provider vscode.git 484
2023-09-20 14:04:12.589 [warning] [Decorations] CAPPING events from decorations provider vscode.git 484
2023-09-20 14:04:17.645 [warning] [Decorations] CAPPING events from decorations provider vscode.git 484
2023-09-20 14:04:22.764 [warning] [Decorations] CAPPING events from decorations provider vscode.git 484
2023-09-20 14:04:32.118 [warning] [Decorations] CAPPING events from decorations provider vscode.git 485
2023-09-20 14:04:37.248 [warning] [Decorations] CAPPING events from decorations provider vscode.git 485
2023-09-20 14:04:42.310 [warning] [Decorations] CAPPING events from decorations provider vscode.git 486
2023-09-20 14:04:49.855 [warning] [Decorations] CAPPING events from decorations provider vscode.git 485
2023-09-20 14:04:54.900 [warning] [Decorations] CAPPING events from decorations provider vscode.git 485
2023-09-20 14:05:00.015 [warning] [Decorations] CAPPING events from decorations provider vscode.git 485
2023-09-20 14:05:12.472 [warning] [Decorations] CAPPING events from decorations provider vscode.git 485
2023-09-20 14:05:17.514 [warning] [Decorations] CAPPING events from decorations provider vscode.git 485
2023-09-20 14:05:22.571 [warning] [Decorations] CAPPING events from decorations provider vscode.git 485
2023-09-20 14:05:27.622 [warning] [Decorations] CAPPING events from decorations provider vscode.git 485
2023-09-20 14:05:32.672 [warning] [Decorations] CAPPING events from decorations provider vscode.git 485
2023-09-20 14:05:37.731 [warning] [Decorations] CAPPING events from decorations provider vscode.git 485
2023-09-20 14:05:42.779 [warning] [Decorations] CAPPING events from decorations provider vscode.git 485
2023-09-20 14:05:47.826 [warning] [Decorations] CAPPING events from decorations provider vscode.git 486
2023-09-20 14:05:52.926 [warning] [Decorations] CAPPING events from decorations provider vscode.git 486
2023-09-20 14:05:57.997 [warning] [Decorations] CAPPING events from decorations provider vscode.git 486
2023-09-20 14:06:03.160 [warning] [Decorations] CAPPING events from decorations provider vscode.git 486
2023-09-20 14:06:08.227 [warning] [Decorations] CAPPING events from decorations provider vscode.git 486
2023-09-20 14:06:13.296 [warning] [Decorations] CAPPING events from decorations provider vscode.git 486
2023-09-20 14:06:18.336 [warning] [Decorations] CAPPING events from decorations provider vscode.git 486
2023-09-20 14:06:23.415 [warning] [Decorations] CAPPING events from decorations provider vscode.git 487
2023-09-20 14:07:19.570 [warning] [Decorations] CAPPING events from decorations provider vscode.git 487
2023-09-20 14:07:24.640 [warning] [Decorations] CAPPING events from decorations provider vscode.git 487
2023-09-20 14:07:29.750 [warning] [Decorations] CAPPING events from decorations provider vscode.git 483
2023-09-20 14:07:34.829 [warning] [Decorations] CAPPING events from decorations provider vscode.git 484
2023-09-20 14:07:42.276 [warning] [Decorations] CAPPING events from decorations provider vscode.git 485
2023-09-20 14:07:47.426 [warning] [Decorations] CAPPING events from decorations provider vscode.git 484
2023-09-20 14:07:52.485 [warning] [Decorations] CAPPING events from decorations provider vscode.git 484
2023-09-20 14:07:57.575 [warning] [Decorations] CAPPING events from decorations provider vscode.git 484
2023-09-20 14:08:02.773 [warning] [Decorations] CAPPING events from decorations provider vscode.git 484
2023-09-20 14:08:07.835 [warning] [Decorations] CAPPING events from decorations provider vscode.git 484
2023-09-20 14:08:12.907 [warning] [Decorations] CAPPING events from decorations provider vscode.git 484
2023-09-20 14:08:17.961 [warning] [Decorations] CAPPING events from decorations provider vscode.git 484
2023-09-20 14:08:23.172 [warning] [Decorations] CAPPING events from decorations provider vscode.git 485
2023-09-20 14:08:28.257 [warning] [Decorations] CAPPING events from decorations provider vscode.git 485
2023-09-20 14:08:41.967 [warning] [Decorations] CAPPING events from decorations provider vscode.git 486
2023-09-20 14:08:47.010 [warning] [Decorations] CAPPING events from decorations provider vscode.git 485
2023-09-20 14:08:52.091 [warning] [Decorations] CAPPING events from decorations provider vscode.git 486
2023-09-20 14:08:57.147 [warning] [Decorations] CAPPING events from decorations provider vscode.git 486
2023-09-20 14:09:02.201 [warning] [Decorations] CAPPING events from decorations provider vscode.git 486
2023-09-20 14:09:27.837 [warning] [Decorations] CAPPING events from decorations provider vscode.git 487
2023-09-20 14:09:32.899 [warning] [Decorations] CAPPING events from decorations provider vscode.git 486
2023-09-20 14:09:37.947 [warning] [Decorations] CAPPING events from decorations provider vscode.git 487
2023-09-20 14:09:42.994 [warning] [Decorations] CAPPING events from decorations provider vscode.git 487
2023-09-20 14:09:48.037 [warning] [Decorations] CAPPING events from decorations provider vscode.git 487
2023-09-20 14:09:53.111 [warning] [Decorations] CAPPING events from decorations provider vscode.git 487
2023-09-20 14:09:58.152 [warning] [Decorations] CAPPING events from decorations provider vscode.git 487
2023-09-20 14:10:03.187 [warning] [Decorations] CAPPING events from decorations provider vscode.git 487
2023-09-20 14:10:08.252 [warning] [Decorations] CAPPING events from decorations provider vscode.git 488
2023-09-20 14:10:26.207 [warning] [Decorations] CAPPING events from decorations provider vscode.git 487
2023-09-20 14:10:31.301 [warning] [Decorations] CAPPING events from decorations provider vscode.git 488
2023-09-20 14:10:42.896 [warning] [Decorations] CAPPING events from decorations provider vscode.git 489
2023-09-20 14:10:47.939 [warning] [Decorations] CAPPING events from decorations provider vscode.git 488
2023-09-20 14:10:53.045 [warning] [Decorations] CAPPING events from decorations provider vscode.git 488
2023-09-20 14:10:58.087 [warning] [Decorations] CAPPING events from decorations provider vscode.git 488
2023-09-20 14:11:03.155 [warning] [Decorations] CAPPING events from decorations provider vscode.git 488
2023-09-20 14:11:08.221 [warning] [Decorations] CAPPING events from decorations provider vscode.git 489
2023-09-20 14:11:13.365 [warning] [Decorations] CAPPING events from decorations provider vscode.git 489
2023-09-20 14:11:31.228 [warning] [Decorations] CAPPING events from decorations provider vscode.git 490
2023-09-20 14:11:36.317 [warning] [Decorations] CAPPING events from decorations provider vscode.git 489
2023-09-20 14:11:41.388 [warning] [Decorations] CAPPING events from decorations provider vscode.git 489
2023-09-20 14:11:46.432 [warning] [Decorations] CAPPING events from decorations provider vscode.git 489
2023-09-20 14:11:51.513 [warning] [Decorations] CAPPING events from decorations provider vscode.git 489
2023-09-20 14:11:56.590 [warning] [Decorations] CAPPING events from decorations provider vscode.git 489
2023-09-20 14:12:01.711 [warning] [Decorations] CAPPING events from decorations provider vscode.git 489
2023-09-20 14:12:06.793 [warning] [Decorations] CAPPING events from decorations provider vscode.git 489
2023-09-20 14:12:11.873 [warning] [Decorations] CAPPING events from decorations provider vscode.git 489
2023-09-20 14:12:16.934 [warning] [Decorations] CAPPING events from decorations provider vscode.git 489
2023-09-20 14:12:22.007 [warning] [Decorations] CAPPING events from decorations provider vscode.git 489
2023-09-20 14:12:27.046 [warning] [Decorations] CAPPING events from decorations provider vscode.git 483
2023-09-20 14:12:32.153 [warning] [Decorations] CAPPING events from decorations provider vscode.git 483
2023-09-20 14:12:37.252 [warning] [Decorations] CAPPING events from decorations provider vscode.git 483
2023-09-20 14:12:42.597 [warning] [Decorations] CAPPING events from decorations provider vscode.git 483
2023-09-20 14:12:47.690 [warning] [Decorations] CAPPING events from decorations provider vscode.git 483
2023-09-20 14:12:53.441 [warning] [Decorations] CAPPING events from decorations provider vscode.git 483
2023-09-20 14:12:58.495 [warning] [Decorations] CAPPING events from decorations provider vscode.git 483
2023-09-20 14:13:03.604 [warning] [Decorations] CAPPING events from decorations provider vscode.git 483
2023-09-20 14:13:08.664 [warning] [Decorations] CAPPING events from decorations provider vscode.git 483
2023-09-20 14:13:13.769 [warning] [Decorations] CAPPING events from decorations provider vscode.git 483
2023-09-20 14:13:19.252 [warning] [Decorations] CAPPING events from decorations provider vscode.git 483
2023-09-20 14:13:24.295 [warning] [Decorations] CAPPING events from decorations provider vscode.git 483
2023-09-20 14:13:29.392 [warning] [Decorations] CAPPING events from decorations provider vscode.git 483
2023-09-20 14:13:34.443 [warning] [Decorations] CAPPING events from decorations provider vscode.git 483
2023-09-20 14:13:39.562 [warning] [Decorations] CAPPING events from decorations provider vscode.git 483
2023-09-20 14:13:44.631 [warning] [Decorations] CAPPING events from decorations provider vscode.git 483
2023-09-20 14:13:49.779 [warning] [Decorations] CAPPING events from decorations provider vscode.git 483
2023-09-20 14:13:54.883 [warning] [Decorations] CAPPING events from decorations provider vscode.git 483
2023-09-20 14:14:00.167 [warning] [Decorations] CAPPING events from decorations provider vscode.git 483
2023-09-20 14:14:05.208 [warning] [Decorations] CAPPING events from decorations provider vscode.git 484
2023-09-20 14:14:10.274 [warning] [Decorations] CAPPING events from decorations provider vscode.git 484
2023-09-20 14:14:15.317 [warning] [Decorations] CAPPING events from decorations provider vscode.git 484
2023-09-20 14:14:24.110 [warning] [Decorations] CAPPING events from decorations provider vscode.git 485
2023-09-20 14:14:29.206 [warning] [Decorations] CAPPING events from decorations provider vscode.git 484
2023-09-20 14:14:34.266 [warning] [Decorations] CAPPING events from decorations provider vscode.git 484
2023-09-20 14:14:39.355 [warning] [Decorations] CAPPING events from decorations provider vscode.git 484
2023-09-20 14:14:44.426 [warning] [Decorations] CAPPING events from decorations provider vscode.git 484
2023-09-20 14:14:49.543 [warning] [Decorations] CAPPING events from decorations provider vscode.git 484
2023-09-20 14:14:54.620 [warning] [Decorations] CAPPING events from decorations provider vscode.git 484
2023-09-20 14:14:59.702 [warning] [Decorations] CAPPING events from decorations provider vscode.git 484
2023-09-20 14:15:04.776 [warning] [Decorations] CAPPING events from decorations provider vscode.git 484
2023-09-20 14:15:09.914 [warning] [Decorations] CAPPING events from decorations provider vscode.git 484
2023-09-20 14:15:14.994 [warning] [Decorations] CAPPING events from decorations provider vscode.git 484
2023-09-20 14:15:20.072 [warning] [Decorations] CAPPING events from decorations provider vscode.git 484
2023-09-20 14:15:25.119 [warning] [Decorations] CAPPING events from decorations provider vscode.git 484
2023-09-20 14:15:30.179 [warning] [Decorations] CAPPING events from decorations provider vscode.git 484
2023-09-20 14:15:35.263 [warning] [Decorations] CAPPING events from decorations provider vscode.git 484
2023-09-20 14:15:40.313 [warning] [Decorations] CAPPING events from decorations provider vscode.git 484
2023-09-20 14:15:45.383 [warning] [Decorations] CAPPING events from decorations provider vscode.git 484
2023-09-20 14:15:50.438 [warning] [Decorations] CAPPING events from decorations provider vscode.git 484
2023-09-20 14:15:55.510 [warning] [Decorations] CAPPING events from decorations provider vscode.git 484
2023-09-20 14:16:00.569 [warning] [Decorations] CAPPING events from decorations provider vscode.git 484
2023-09-20 14:16:06.021 [warning] [Decorations] CAPPING events from decorations provider vscode.git 484
2023-09-20 14:16:11.058 [warning] [Decorations] CAPPING events from decorations provider vscode.git 484
2023-09-20 14:16:16.091 [warning] [Decorations] CAPPING events from decorations provider vscode.git 485
2023-09-20 14:16:21.141 [warning] [Decorations] CAPPING events from decorations provider vscode.git 485
2023-09-20 14:16:26.193 [warning] [Decorations] CAPPING events from decorations provider vscode.git 485
2023-09-20 14:16:31.243 [warning] [Decorations] CAPPING events from decorations provider vscode.git 485
2023-09-20 14:16:36.319 [warning] [Decorations] CAPPING events from decorations provider vscode.git 485
2023-09-20 14:16:41.367 [warning] [Decorations] CAPPING events from decorations provider vscode.git 485
2023-09-20 14:16:46.419 [warning] [Decorations] CAPPING events from decorations provider vscode.git 485
2023-09-20 14:17:01.221 [warning] [Decorations] CAPPING events from decorations provider vscode.git 486
2023-09-20 14:17:06.288 [warning] [Decorations] CAPPING events from decorations provider vscode.git 485
2023-09-20 14:17:11.322 [warning] [Decorations] CAPPING events from decorations provider vscode.git 486
2023-09-20 14:17:16.390 [warning] [Decorations] CAPPING events from decorations provider vscode.git 486
2023-09-20 14:17:21.467 [warning] [Decorations] CAPPING events from decorations provider vscode.git 486
2023-09-20 14:17:26.604 [warning] [Decorations] CAPPING events from decorations provider vscode.git 484
2023-09-20 14:19:02.491 [warning] [Decorations] CAPPING events from decorations provider vscode.git 485
2023-09-20 14:19:07.554 [warning] [Decorations] CAPPING events from decorations provider vscode.git 484
2023-09-20 14:19:12.602 [warning] [Decorations] CAPPING events from decorations provider vscode.git 484
2023-09-20 14:19:17.634 [warning] [Decorations] CAPPING events from decorations provider vscode.git 484
2023-09-20 14:19:22.730 [warning] [Decorations] CAPPING events from decorations provider vscode.git 485
2023-09-20 14:19:27.774 [warning] [Decorations] CAPPING events from decorations provider vscode.git 485
2023-09-20 14:19:32.833 [warning] [Decorations] CAPPING events from decorations provider vscode.git 485
2023-09-20 14:19:37.868 [warning] [Decorations] CAPPING events from decorations provider vscode.git 485
2023-09-20 14:19:42.964 [warning] [Decorations] CAPPING events from decorations provider vscode.git 485
2023-09-20 14:19:48.038 [warning] [Decorations] CAPPING events from decorations provider vscode.git 486
2023-09-20 14:19:53.135 [warning] [Decorations] CAPPING events from decorations provider vscode.git 485
2023-09-20 14:19:58.197 [warning] [Decorations] CAPPING events from decorations provider vscode.git 485
2023-09-20 14:20:03.230 [warning] [Decorations] CAPPING events from decorations provider vscode.git 485
2023-09-20 14:20:08.265 [warning] [Decorations] CAPPING events from decorations provider vscode.git 485
2023-09-20 14:20:13.316 [warning] [Decorations] CAPPING events from decorations provider vscode.git 485
2023-09-20 14:20:18.348 [warning] [Decorations] CAPPING events from decorations provider vscode.git 485
2023-09-20 14:20:23.394 [warning] [Decorations] CAPPING events from decorations provider vscode.git 485
2023-09-20 14:20:28.435 [warning] [Decorations] CAPPING events from decorations provider vscode.git 485
2023-09-20 14:20:33.474 [warning] [Decorations] CAPPING events from decorations provider vscode.git 485
2023-09-20 14:20:38.609 [warning] [Decorations] CAPPING events from decorations provider vscode.git 485
2023-09-20 14:20:43.676 [warning] [Decorations] CAPPING events from decorations provider vscode.git 485
2023-09-20 14:20:48.751 [warning] [Decorations] CAPPING events from decorations provider vscode.git 485
2023-09-20 14:20:53.821 [warning] [Decorations] CAPPING events from decorations provider vscode.git 485
2023-09-20 14:20:58.865 [warning] [Decorations] CAPPING events from decorations provider vscode.git 485
2023-09-20 14:21:03.915 [warning] [Decorations] CAPPING events from decorations provider vscode.git 485
2023-09-20 14:21:08.958 [warning] [Decorations] CAPPING events from decorations provider vscode.git 485
2023-09-20 14:21:14.058 [warning] [Decorations] CAPPING events from decorations provider vscode.git 485
2023-09-20 14:21:19.108 [warning] [Decorations] CAPPING events from decorations provider vscode.git 485
2023-09-20 14:21:24.297 [warning] [Decorations] CAPPING events from decorations provider vscode.git 485
2023-09-20 14:21:29.355 [warning] [Decorations] CAPPING events from decorations provider vscode.git 485
2023-09-20 14:21:34.447 [warning] [Decorations] CAPPING events from decorations provider vscode.git 485
2023-09-20 14:21:39.519 [warning] [Decorations] CAPPING events from decorations provider vscode.git 485
2023-09-20 14:21:44.613 [warning] [Decorations] CAPPING events from decorations provider vscode.git 485
2023-09-20 14:21:49.653 [warning] [Decorations] CAPPING events from decorations provider vscode.git 485
2023-09-20 14:21:54.692 [warning] [Decorations] CAPPING events from decorations provider vscode.git 485
2023-09-20 14:21:59.738 [warning] [Decorations] CAPPING events from decorations provider vscode.git 485
2023-09-20 14:22:34.602 [warning] [Decorations] CAPPING events from decorations provider vscode.git 485
2023-09-20 14:22:39.662 [warning] [Decorations] CAPPING events from decorations provider vscode.git 483
2023-09-20 14:22:44.723 [warning] [Decorations] CAPPING events from decorations provider vscode.git 484
2023-09-20 14:22:49.770 [warning] [Decorations] CAPPING events from decorations provider vscode.git 484
2023-09-20 14:22:54.821 [warning] [Decorations] CAPPING events from decorations provider vscode.git 484
2023-09-20 14:22:59.961 [warning] [Decorations] CAPPING events from decorations provider vscode.git 485
2023-09-20 14:23:10.023 [warning] [Decorations] CAPPING events from decorations provider vscode.git 484
2023-09-20 14:23:15.105 [warning] [Decorations] CAPPING events from decorations provider vscode.git 484
2023-09-20 14:23:20.140 [warning] [Decorations] CAPPING events from decorations provider vscode.git 485
2023-09-20 14:23:25.219 [warning] [Decorations] CAPPING events from decorations provider vscode.git 485
2023-09-20 14:23:30.267 [warning] [Decorations] CAPPING events from decorations provider vscode.git 485
2023-09-20 14:23:35.315 [warning] [Decorations] CAPPING events from decorations provider vscode.git 485
2023-09-20 14:23:40.362 [warning] [Decorations] CAPPING events from decorations provider vscode.git 485
2023-09-20 14:23:45.406 [warning] [Decorations] CAPPING events from decorations provider vscode.git 485
2023-09-20 14:23:50.453 [warning] [Decorations] CAPPING events from decorations provider vscode.git 485
2023-09-20 14:23:55.494 [warning] [Decorations] CAPPING events from decorations provider vscode.git 485
2023-09-20 14:24:00.537 [warning] [Decorations] CAPPING events from decorations provider vscode.git 485
2023-09-20 14:24:05.590 [warning] [Decorations] CAPPING events from decorations provider vscode.git 486
2023-09-20 14:24:10.622 [warning] [Decorations] CAPPING events from decorations provider vscode.git 486
2023-09-20 14:24:15.726 [warning] [Decorations] CAPPING events from decorations provider vscode.git 486
2023-09-20 14:24:20.771 [warning] [Decorations] CAPPING events from decorations provider vscode.git 486
2023-09-20 14:24:25.821 [warning] [Decorations] CAPPING events from decorations provider vscode.git 486
2023-09-20 14:24:30.895 [warning] [Decorations] CAPPING events from decorations provider vscode.git 486
2023-09-20 14:24:35.957 [warning] [Decorations] CAPPING events from decorations provider vscode.git 486
2023-09-20 14:24:41.036 [warning] [Decorations] CAPPING events from decorations provider vscode.git 486
2023-09-20 14:25:07.590 [warning] [Decorations] CAPPING events from decorations provider vscode.git 487
2023-09-20 14:25:12.636 [warning] [Decorations] CAPPING events from decorations provider vscode.git 486
2023-09-20 14:25:17.680 [warning] [Decorations] CAPPING events from decorations provider vscode.git 486
2023-09-20 14:25:22.727 [warning] [Decorations] CAPPING events from decorations provider vscode.git 486
2023-09-20 14:25:27.769 [warning] [Decorations] CAPPING events from decorations provider vscode.git 486
2023-09-20 14:25:32.823 [warning] [Decorations] CAPPING events from decorations provider vscode.git 486
2023-09-20 14:25:37.887 [warning] [Decorations] CAPPING events from decorations provider vscode.git 486
2023-09-20 14:25:42.925 [warning] [Decorations] CAPPING events from decorations provider vscode.git 486
2023-09-20 14:25:48.068 [warning] [Decorations] CAPPING events from decorations provider vscode.git 486
2023-09-20 14:25:53.120 [warning] [Decorations] CAPPING events from decorations provider vscode.git 486
2023-09-20 14:25:58.160 [warning] [Decorations] CAPPING events from decorations provider vscode.git 486
2023-09-20 14:26:03.198 [warning] [Decorations] CAPPING events from decorations provider vscode.git 486
2023-09-20 14:26:08.233 [warning] [Decorations] CAPPING events from decorations provider vscode.git 486
2023-09-20 14:26:13.286 [warning] [Decorations] CAPPING events from decorations provider vscode.git 486
2023-09-20 14:26:18.326 [warning] [Decorations] CAPPING events from decorations provider vscode.git 486
2023-09-20 14:26:23.369 [warning] [Decorations] CAPPING events from decorations provider vscode.git 486
2023-09-20 14:26:28.407 [warning] [Decorations] CAPPING events from decorations provider vscode.git 486
2023-09-20 14:26:33.457 [warning] [Decorations] CAPPING events from decorations provider vscode.git 486
2023-09-20 14:26:38.500 [warning] [Decorations] CAPPING events from decorations provider vscode.git 486
2023-09-20 14:26:43.560 [warning] [Decorations] CAPPING events from decorations provider vscode.git 486
2023-09-20 14:26:48.601 [warning] [Decorations] CAPPING events from decorations provider vscode.git 486
2023-09-20 14:26:53.646 [warning] [Decorations] CAPPING events from decorations provider vscode.git 486
2023-09-20 14:26:58.683 [warning] [Decorations] CAPPING events from decorations provider vscode.git 486
2023-09-20 14:27:03.759 [warning] [Decorations] CAPPING events from decorations provider vscode.git 486
2023-09-20 14:27:08.796 [warning] [Decorations] CAPPING events from decorations provider vscode.git 486
2023-09-20 14:27:13.829 [warning] [Decorations] CAPPING events from decorations provider vscode.git 486
2023-09-20 14:27:18.871 [warning] [Decorations] CAPPING events from decorations provider vscode.git 486
2023-09-20 14:27:23.915 [warning] [Decorations] CAPPING events from decorations provider vscode.git 486
2023-09-20 14:27:28.965 [warning] [Decorations] CAPPING events from decorations provider vscode.git 484
2023-09-20 14:27:34.004 [warning] [Decorations] CAPPING events from decorations provider vscode.git 484
2023-09-20 14:27:39.054 [warning] [Decorations] CAPPING events from decorations provider vscode.git 484
2023-09-20 14:27:44.096 [warning] [Decorations] CAPPING events from decorations provider vscode.git 484
2023-09-20 14:27:49.131 [warning] [Decorations] CAPPING events from decorations provider vscode.git 484
2023-09-20 14:27:54.185 [warning] [Decorations] CAPPING events from decorations provider vscode.git 484
2023-09-20 14:27:59.223 [warning] [Decorations] CAPPING events from decorations provider vscode.git 484
2023-09-20 14:28:04.279 [warning] [Decorations] CAPPING events from decorations provider vscode.git 484
2023-09-20 14:28:09.320 [warning] [Decorations] CAPPING events from decorations provider vscode.git 484
2023-09-20 14:28:14.400 [warning] [Decorations] CAPPING events from decorations provider vscode.git 484
2023-09-20 14:28:19.443 [warning] [Decorations] CAPPING events from decorations provider vscode.git 484
2023-09-20 14:28:24.529 [warning] [Decorations] CAPPING events from decorations provider vscode.git 484
2023-09-20 14:28:29.660 [warning] [Decorations] CAPPING events from decorations provider vscode.git 484
2023-09-20 14:28:34.700 [warning] [Decorations] CAPPING events from decorations provider vscode.git 484
2023-09-20 14:28:39.745 [warning] [Decorations] CAPPING events from decorations provider vscode.git 484
2023-09-20 14:28:44.790 [warning] [Decorations] CAPPING events from decorations provider vscode.git 484
2023-09-20 14:28:49.842 [warning] [Decorations] CAPPING events from decorations provider vscode.git 484
2023-09-20 14:28:54.892 [warning] [Decorations] CAPPING events from decorations provider vscode.git 484
2023-09-20 14:28:59.983 [warning] [Decorations] CAPPING events from decorations provider vscode.git 484
2023-09-20 14:29:05.021 [warning] [Decorations] CAPPING events from decorations provider vscode.git 484
2023-09-20 14:29:10.072 [warning] [Decorations] CAPPING events from decorations provider vscode.git 484
2023-09-20 14:29:15.111 [warning] [Decorations] CAPPING events from decorations provider vscode.git 484
2023-09-20 14:29:20.198 [warning] [Decorations] CAPPING events from decorations provider vscode.git 484
2023-09-20 14:29:25.234 [warning] [Decorations] CAPPING events from decorations provider vscode.git 484
2023-09-20 14:29:30.278 [warning] [Decorations] CAPPING events from decorations provider vscode.git 485
2023-09-20 14:29:35.344 [warning] [Decorations] CAPPING events from decorations provider vscode.git 485
2023-09-20 14:29:40.380 [warning] [Decorations] CAPPING events from decorations provider vscode.git 485
2023-09-20 14:29:45.429 [warning] [Decorations] CAPPING events from decorations provider vscode.git 485
2023-09-20 14:29:50.471 [warning] [Decorations] CAPPING events from decorations provider vscode.git 485
2023-09-20 14:29:55.509 [warning] [Decorations] CAPPING events from decorations provider vscode.git 485
2023-09-20 14:30:00.548 [warning] [Decorations] CAPPING events from decorations provider vscode.git 485
2023-09-20 14:30:05.595 [warning] [Decorations] CAPPING events from decorations provider vscode.git 485
2023-09-20 14:30:10.698 [warning] [Decorations] CAPPING events from decorations provider vscode.git 485
2023-09-20 14:30:15.740 [warning] [Decorations] CAPPING events from decorations provider vscode.git 485
2023-09-20 14:30:20.784 [warning] [Decorations] CAPPING events from decorations provider vscode.git 485
2023-09-20 14:30:25.837 [warning] [Decorations] CAPPING events from decorations provider vscode.git 485
2023-09-20 14:30:30.883 [warning] [Decorations] CAPPING events from decorations provider vscode.git 485
2023-09-20 14:30:35.928 [warning] [Decorations] CAPPING events from decorations provider vscode.git 485
2023-09-20 14:30:40.969 [warning] [Decorations] CAPPING events from decorations provider vscode.git 485
2023-09-20 14:30:46.003 [warning] [Decorations] CAPPING events from decorations provider vscode.git 485
2023-09-20 14:30:51.060 [warning] [Decorations] CAPPING events from decorations provider vscode.git 485
2023-09-20 14:30:56.099 [warning] [Decorations] CAPPING events from decorations provider vscode.git 485
2023-09-20 14:31:01.147 [warning] [Decorations] CAPPING events from decorations provider vscode.git 485
2023-09-20 14:31:06.178 [warning] [Decorations] CAPPING events from decorations provider vscode.git 485
2023-09-20 14:31:11.241 [warning] [Decorations] CAPPING events from decorations provider vscode.git 485
2023-09-20 14:31:16.287 [warning] [Decorations] CAPPING events from decorations provider vscode.git 485
2023-09-20 14:31:21.324 [warning] [Decorations] CAPPING events from decorations provider vscode.git 485
2023-09-20 14:31:26.358 [warning] [Decorations] CAPPING events from decorations provider vscode.git 485
2023-09-20 14:31:31.402 [warning] [Decorations] CAPPING events from decorations provider vscode.git 485
2023-09-20 14:31:36.447 [warning] [Decorations] CAPPING events from decorations provider vscode.git 485
2023-09-20 14:31:41.498 [warning] [Decorations] CAPPING events from decorations provider vscode.git 485
2023-09-20 14:31:46.676 [warning] [Decorations] CAPPING events from decorations provider vscode.git 485
2023-09-20 14:31:51.717 [warning] [Decorations] CAPPING events from decorations provider vscode.git 485
2023-09-20 14:31:56.761 [warning] [Decorations] CAPPING events from decorations provider vscode.git 485
2023-09-20 14:32:01.796 [warning] [Decorations] CAPPING events from decorations provider vscode.git 485
2023-09-20 14:32:06.830 [warning] [Decorations] CAPPING events from decorations provider vscode.git 485
2023-09-20 14:32:11.884 [warning] [Decorations] CAPPING events from decorations provider vscode.git 485
2023-09-20 14:32:16.924 [warning] [Decorations] CAPPING events from decorations provider vscode.git 485
2023-09-20 14:32:21.957 [warning] [Decorations] CAPPING events from decorations provider vscode.git 485
2023-09-20 14:32:26.995 [warning] [Decorations] CAPPING events from decorations provider vscode.git 485
2023-09-20 14:32:32.055 [warning] [Decorations] CAPPING events from decorations provider vscode.git 485
2023-09-20 14:32:37.127 [warning] [Decorations] CAPPING events from decorations provider vscode.git 485
2023-09-20 14:32:42.219 [warning] [Decorations] CAPPING events from decorations provider vscode.git 485
2023-09-20 14:32:47.251 [warning] [Decorations] CAPPING events from decorations provider vscode.git 485
2023-09-20 14:32:52.291 [warning] [Decorations] CAPPING events from decorations provider vscode.git 485
2023-09-20 14:32:57.344 [warning] [Decorations] CAPPING events from decorations provider vscode.git 485
2023-09-20 14:33:02.391 [warning] [Decorations] CAPPING events from decorations provider vscode.git 486
2023-09-20 14:33:07.428 [warning] [Decorations] CAPPING events from decorations provider vscode.git 486
2023-09-20 14:33:12.495 [warning] [Decorations] CAPPING events from decorations provider vscode.git 486
2023-09-20 14:33:17.542 [warning] [Decorations] CAPPING events from decorations provider vscode.git 487
2023-09-20 14:35:08.998 [warning] [Decorations] CAPPING events from decorations provider vscode.git 488
2023-09-20 14:35:14.048 [warning] [Decorations] CAPPING events from decorations provider vscode.git 488
2023-09-20 14:35:19.087 [warning] [Decorations] CAPPING events from decorations provider vscode.git 488
2023-09-20 14:35:24.125 [warning] [Decorations] CAPPING events from decorations provider vscode.git 488
2023-09-20 14:35:29.177 [warning] [Decorations] CAPPING events from decorations provider vscode.git 488
2023-09-20 14:35:34.225 [warning] [Decorations] CAPPING events from decorations provider vscode.git 489
2023-09-20 14:35:39.276 [warning] [Decorations] CAPPING events from decorations provider vscode.git 490
2023-09-20 14:35:44.315 [warning] [Decorations] CAPPING events from decorations provider vscode.git 490
2023-09-20 14:36:01.978 [warning] [Decorations] CAPPING events from decorations provider vscode.git 491
2023-09-20 14:36:07.080 [warning] [Decorations] CAPPING events from decorations provider vscode.git 490
2023-09-20 14:36:12.127 [warning] [Decorations] CAPPING events from decorations provider vscode.git 491
2023-09-20 14:36:28.762 [warning] [Decorations] CAPPING events from decorations provider vscode.git 492
2023-09-20 14:36:33.804 [warning] [Decorations] CAPPING events from decorations provider vscode.git 491
2023-09-20 14:36:38.850 [warning] [Decorations] CAPPING events from decorations provider vscode.git 491
2023-09-20 14:36:43.890 [warning] [Decorations] CAPPING events from decorations provider vscode.git 491
2023-09-20 14:36:48.930 [warning] [Decorations] CAPPING events from decorations provider vscode.git 491
2023-09-20 14:36:53.967 [warning] [Decorations] CAPPING events from decorations provider vscode.git 491
2023-09-20 14:36:59.001 [warning] [Decorations] CAPPING events from decorations provider vscode.git 491
2023-09-20 14:37:04.039 [warning] [Decorations] CAPPING events from decorations provider vscode.git 491
2023-09-20 14:37:09.094 [warning] [Decorations] CAPPING events from decorations provider vscode.git 491
2023-09-20 14:37:14.129 [warning] [Decorations] CAPPING events from decorations provider vscode.git 491
2023-09-20 14:37:19.162 [warning] [Decorations] CAPPING events from decorations provider vscode.git 492
2023-09-20 14:37:24.202 [warning] [Decorations] CAPPING events from decorations provider vscode.git 492
2023-09-20 14:37:29.242 [warning] [Decorations] CAPPING events from decorations provider vscode.git 492
2023-09-20 14:37:34.277 [warning] [Decorations] CAPPING events from decorations provider vscode.git 492
2023-09-20 14:37:39.312 [warning] [Decorations] CAPPING events from decorations provider vscode.git 492
2023-09-20 14:37:44.376 [warning] [Decorations] CAPPING events from decorations provider vscode.git 492
2023-09-20 14:37:49.423 [warning] [Decorations] CAPPING events from decorations provider vscode.git 492
2023-09-20 14:37:54.477 [warning] [Decorations] CAPPING events from decorations provider vscode.git 492
2023-09-20 14:37:59.521 [warning] [Decorations] CAPPING events from decorations provider vscode.git 492
2023-09-20 14:38:04.568 [warning] [Decorations] CAPPING events from decorations provider vscode.git 486
2023-09-20 14:38:09.610 [warning] [Decorations] CAPPING events from decorations provider vscode.git 486
2023-09-20 14:38:14.650 [warning] [Decorations] CAPPING events from decorations provider vscode.git 486
2023-09-20 14:38:19.684 [warning] [Decorations] CAPPING events from decorations provider vscode.git 486
2023-09-20 14:38:24.720 [warning] [Decorations] CAPPING events from decorations provider vscode.git 487
2023-09-20 14:38:29.773 [warning] [Decorations] CAPPING events from decorations provider vscode.git 487
2023-09-20 14:38:34.821 [warning] [Decorations] CAPPING events from decorations provider vscode.git 487
2023-09-20 14:38:39.866 [warning] [Decorations] CAPPING events from decorations provider vscode.git 487
2023-09-20 14:38:44.930 [warning] [Decorations] CAPPING events from decorations provider vscode.git 487
2023-09-20 14:38:49.972 [warning] [Decorations] CAPPING events from decorations provider vscode.git 487
2023-09-20 14:38:55.026 [warning] [Decorations] CAPPING events from decorations provider vscode.git 487
2023-09-20 14:39:00.103 [warning] [Decorations] CAPPING events from decorations provider vscode.git 488
2023-09-20 14:39:05.189 [warning] [Decorations] CAPPING events from decorations provider vscode.git 487
2023-09-20 14:39:10.258 [warning] [Decorations] CAPPING events from decorations provider vscode.git 487
2023-09-20 14:39:15.350 [warning] [Decorations] CAPPING events from decorations provider vscode.git 488
2023-09-20 14:39:20.445 [warning] [Decorations] CAPPING events from decorations provider vscode.git 488
2023-09-20 14:39:25.536 [warning] [Decorations] CAPPING events from decorations provider vscode.git 488
2023-09-20 14:39:44.839 [warning] [Decorations] CAPPING events from decorations provider vscode.git 489
2023-09-20 14:39:49.879 [warning] [Decorations] CAPPING events from decorations provider vscode.git 488
2023-09-20 14:39:54.920 [warning] [Decorations] CAPPING events from decorations provider vscode.git 488
2023-09-20 14:40:00.010 [warning] [Decorations] CAPPING events from decorations provider vscode.git 488
2023-09-20 14:40:05.066 [warning] [Decorations] CAPPING events from decorations provider vscode.git 488
2023-09-20 14:40:10.120 [warning] [Decorations] CAPPING events from decorations provider vscode.git 488
2023-09-20 14:40:15.160 [warning] [Decorations] CAPPING events from decorations provider vscode.git 488
2023-09-20 14:40:20.347 [warning] [Decorations] CAPPING events from decorations provider vscode.git 488
2023-09-20 14:40:25.403 [warning] [Decorations] CAPPING events from decorations provider vscode.git 488
2023-09-20 14:40:30.451 [warning] [Decorations] CAPPING events from decorations provider vscode.git 488
2023-09-20 14:40:35.508 [warning] [Decorations] CAPPING events from decorations provider vscode.git 488
2023-09-20 14:40:40.562 [warning] [Decorations] CAPPING events from decorations provider vscode.git 488
2023-09-20 14:40:45.650 [warning] [Decorations] CAPPING events from decorations provider vscode.git 488
2023-09-20 14:40:50.754 [warning] [Decorations] CAPPING events from decorations provider vscode.git 488
2023-09-20 14:40:55.828 [warning] [Decorations] CAPPING events from decorations provider vscode.git 488
2023-09-20 14:41:00.924 [warning] [Decorations] CAPPING events from decorations provider vscode.git 488
2023-09-20 14:41:06.025 [warning] [Decorations] CAPPING events from decorations provider vscode.git 488
2023-09-20 14:41:11.114 [warning] [Decorations] CAPPING events from decorations provider vscode.git 488
2023-09-20 14:41:16.189 [warning] [Decorations] CAPPING events from decorations provider vscode.git 488
2023-09-20 14:41:21.367 [warning] [Decorations] CAPPING events from decorations provider vscode.git 488
2023-09-20 14:41:26.408 [warning] [Decorations] CAPPING events from decorations provider vscode.git 488
2023-09-20 14:41:31.470 [warning] [Decorations] CAPPING events from decorations provider vscode.git 489
2023-09-20 14:41:37.324 [warning] [Decorations] CAPPING events from decorations provider vscode.git 489
2023-09-20 14:41:42.355 [warning] [Decorations] CAPPING events from decorations provider vscode.git 489
2023-09-20 14:41:47.404 [warning] [Decorations] CAPPING events from decorations provider vscode.git 489
2023-09-20 14:41:52.451 [warning] [Decorations] CAPPING events from decorations provider vscode.git 489
2023-09-20 14:42:30.549 [warning] [Decorations] CAPPING events from decorations provider vscode.git 490
2023-09-20 14:42:35.629 [warning] [Decorations] CAPPING events from decorations provider vscode.git 489
2023-09-20 14:42:40.670 [warning] [Decorations] CAPPING events from decorations provider vscode.git 489
2023-09-20 14:42:45.713 [warning] [Decorations] CAPPING events from decorations provider vscode.git 489
2023-09-20 14:42:50.750 [warning] [Decorations] CAPPING events from decorations provider vscode.git 489
2023-09-20 14:42:55.808 [warning] [Decorations] CAPPING events from decorations provider vscode.git 489
2023-09-20 14:43:00.939 [warning] [Decorations] CAPPING events from decorations provider vscode.git 489
2023-09-20 14:43:05.998 [warning] [Decorations] CAPPING events from decorations provider vscode.git 486
2023-09-20 14:43:11.087 [warning] [Decorations] CAPPING events from decorations provider vscode.git 486
2023-09-20 14:43:16.132 [warning] [Decorations] CAPPING events from decorations provider vscode.git 486
2023-09-20 14:43:21.223 [warning] [Decorations] CAPPING events from decorations provider vscode.git 486
2023-09-20 14:43:26.263 [warning] [Decorations] CAPPING events from decorations provider vscode.git 486
2023-09-20 14:43:31.299 [warning] [Decorations] CAPPING events from decorations provider vscode.git 486
2023-09-20 14:43:36.336 [warning] [Decorations] CAPPING events from decorations provider vscode.git 486
2023-09-20 14:43:41.377 [warning] [Decorations] CAPPING events from decorations provider vscode.git 486
2023-09-20 14:43:46.418 [warning] [Decorations] CAPPING events from decorations provider vscode.git 486
2023-09-20 14:43:51.508 [warning] [Decorations] CAPPING events from decorations provider vscode.git 486
2023-09-20 14:43:56.548 [warning] [Decorations] CAPPING events from decorations provider vscode.git 486
2023-09-20 14:44:01.593 [warning] [Decorations] CAPPING events from decorations provider vscode.git 486
2023-09-20 14:44:06.624 [warning] [Decorations] CAPPING events from decorations provider vscode.git 486
2023-09-20 14:44:11.656 [warning] [Decorations] CAPPING events from decorations provider vscode.git 487
2023-09-20 14:44:16.797 [warning] [Decorations] CAPPING events from decorations provider vscode.git 487
2023-09-20 14:44:21.860 [warning] [Decorations] CAPPING events from decorations provider vscode.git 487
2023-09-20 14:44:26.918 [warning] [Decorations] CAPPING events from decorations provider vscode.git 488
2023-09-20 14:44:31.975 [warning] [Decorations] CAPPING events from decorations provider vscode.git 488
2023-09-20 14:44:37.049 [warning] [Decorations] CAPPING events from decorations provider vscode.git 488
2023-09-20 14:44:42.108 [warning] [Decorations] CAPPING events from decorations provider vscode.git 488
2023-09-20 14:44:47.173 [warning] [Decorations] CAPPING events from decorations provider vscode.git 488
2023-09-20 14:44:52.255 [warning] [Decorations] CAPPING events from decorations provider vscode.git 488
2023-09-20 14:44:57.329 [warning] [Decorations] CAPPING events from decorations provider vscode.git 488
2023-09-20 14:45:02.450 [warning] [Decorations] CAPPING events from decorations provider vscode.git 489
2023-09-20 14:45:23.354 [warning] [Decorations] CAPPING events from decorations provider vscode.git 489
2023-09-20 14:45:28.400 [warning] [Decorations] CAPPING events from decorations provider vscode.git 489
2023-09-20 14:45:33.437 [warning] [Decorations] CAPPING events from decorations provider vscode.git 489
